[10/22/2018 - 21:20:34::249] [INFO]: [SEMPAI.HELP] Приложение запущено на порту: 4000
[10/22/2018 - 21:20:34::447] [INFO]: [Redis]: Успешное подключение
[10/22/2018 - 21:20:34::450] [INFO]: [Redis]: Готов к использованию
[10/22/2018 - 21:20:34::475] [INFO]: Executing (default): SELECT 1+1 AS result
[10/22/2018 - 21:20:34::476] [INFO]: [Sequelize]: Успешное подключение к БД sempai под юзером sempai
[10/22/2018 - 21:20:34::496] [INFO]: Executing (default): CREATE SCHEMA IF NOT EXISTS links;
[10/22/2018 - 21:20:34::503] [INFO]: Executing (default): CREATE SCHEMA IF NOT EXISTS users;
[10/22/2018 - 21:20:34::504] [INFO]: Executing (default): CREATE SCHEMA IF NOT EXISTS tastes;
[10/22/2018 - 21:20:34::506] [INFO]: Executing (default): CREATE SCHEMA IF NOT EXISTS tracks;
[10/22/2018 - 21:20:34::509] [INFO]: Executing (default): CREATE TABLE IF NOT EXISTS "links"."links" ("id"  SERIAL UNIQUE , "link" VARCHAR(1000) NOT NULL, "descr" VARCHAR(4000) NOT NULL, "user_id" INTEGER NOT NULL, "abstract" VARCHAR(200) NOT NULL, "deleted" BOOLEAN DEFAULT 'false', "createdAt" TIMESTAMP WITH TIME ZONE NOT NULL, "updatedAt" TIMESTAMP WITH TIME ZONE NOT NULL, PRIMARY KEY ("id"));
[10/22/2018 - 21:20:34::512] [INFO]: Executing (default): SELECT i.relname AS name, ix.indisprimary AS primary, ix.indisunique AS unique, ix.indkey AS indkey, array_agg(a.attnum) as column_indexes, array_agg(a.attname) AS column_names, pg_get_indexdef(ix.indexrelid) AS definition FROM pg_class t, pg_class i, pg_index ix, pg_attribute a, pg_namespace s WHERE t.oid = ix.indrelid AND i.oid = ix.indexrelid AND a.attrelid = t.oid AND t.relkind = 'r' and t.relname = 'links' AND s.oid = t.relnamespace AND s.nspname = 'links' GROUP BY i.relname, ix.indexrelid, ix.indisprimary, ix.indisunique, ix.indkey ORDER BY i.relname;
[10/22/2018 - 21:20:34::524] [INFO]: Executing (default): CREATE TABLE IF NOT EXISTS "users"."users" ("id"  SERIAL UNIQUE , "name" VARCHAR(40) NOT NULL, "pwd" VARCHAR(40) NOT NULL, "role_id" INTEGER NOT NULL, "deleted" BOOLEAN DEFAULT 'false', "createdAt" TIMESTAMP WITH TIME ZONE NOT NULL, "updatedAt" TIMESTAMP WITH TIME ZONE NOT NULL, PRIMARY KEY ("id"));
[10/22/2018 - 21:20:34::526] [INFO]: Executing (default): SELECT i.relname AS name, ix.indisprimary AS primary, ix.indisunique AS unique, ix.indkey AS indkey, array_agg(a.attnum) as column_indexes, array_agg(a.attname) AS column_names, pg_get_indexdef(ix.indexrelid) AS definition FROM pg_class t, pg_class i, pg_index ix, pg_attribute a, pg_namespace s WHERE t.oid = ix.indrelid AND i.oid = ix.indexrelid AND a.attrelid = t.oid AND t.relkind = 'r' and t.relname = 'users' AND s.oid = t.relnamespace AND s.nspname = 'users' GROUP BY i.relname, ix.indexrelid, ix.indisprimary, ix.indisunique, ix.indkey ORDER BY i.relname;
[10/22/2018 - 21:20:34::533] [INFO]: Executing (default): CREATE TABLE IF NOT EXISTS "tracks"."tracks" ("id"  SERIAL UNIQUE , "name" VARCHAR(1024) NOT NULL, "path" VARCHAR(1024) NOT NULL, "deleted" BOOLEAN DEFAULT 'false', "createdAt" TIMESTAMP WITH TIME ZONE NOT NULL, "updatedAt" TIMESTAMP WITH TIME ZONE NOT NULL, PRIMARY KEY ("id"));
[10/22/2018 - 21:20:34::535] [INFO]: Executing (default): SELECT i.relname AS name, ix.indisprimary AS primary, ix.indisunique AS unique, ix.indkey AS indkey, array_agg(a.attnum) as column_indexes, array_agg(a.attname) AS column_names, pg_get_indexdef(ix.indexrelid) AS definition FROM pg_class t, pg_class i, pg_index ix, pg_attribute a, pg_namespace s WHERE t.oid = ix.indrelid AND i.oid = ix.indexrelid AND a.attrelid = t.oid AND t.relkind = 'r' and t.relname = 'tracks' AND s.oid = t.relnamespace AND s.nspname = 'tracks' GROUP BY i.relname, ix.indexrelid, ix.indisprimary, ix.indisunique, ix.indkey ORDER BY i.relname;
[10/22/2018 - 21:20:34::542] [INFO]: Executing (default): CREATE TABLE IF NOT EXISTS "tastes"."tastes" ("user_id" INTEGER NOT NULL  REFERENCES "users"."users" ("id") ON DELETE NO ACTION ON UPDATE CASCADE, "track_id" INTEGER NOT NULL  REFERENCES "tracks"."tracks" ("id") ON DELETE NO ACTION ON UPDATE CASCADE, "deleted" BOOLEAN DEFAULT false, "createdAt" TIMESTAMP WITH TIME ZONE NOT NULL, "updatedAt" TIMESTAMP WITH TIME ZONE NOT NULL, PRIMARY KEY ("user_id","track_id"));
[10/22/2018 - 21:20:34::544] [INFO]: Executing (default): SELECT i.relname AS name, ix.indisprimary AS primary, ix.indisunique AS unique, ix.indkey AS indkey, array_agg(a.attnum) as column_indexes, array_agg(a.attname) AS column_names, pg_get_indexdef(ix.indexrelid) AS definition FROM pg_class t, pg_class i, pg_index ix, pg_attribute a, pg_namespace s WHERE t.oid = ix.indrelid AND i.oid = ix.indexrelid AND a.attrelid = t.oid AND t.relkind = 'r' and t.relname = 'tastes' AND s.oid = t.relnamespace AND s.nspname = 'tastes' GROUP BY i.relname, ix.indexrelid, ix.indisprimary, ix.indisunique, ix.indkey ORDER BY i.relname;
[10/22/2018 - 21:20:34::557] [INFO]: Executing (default): INSERT INTO "users"."users" ("id","name","pwd","role_id","deleted","createdAt","updatedAt") VALUES (DEFAULT,'1','1',1,false,'2018-10-22 18:20:34.552 +00:00','2018-10-22 18:20:34.552 +00:00') RETURNING *;
[10/22/2018 - 21:20:34::563] [INFO]: Executing (default): INSERT INTO "users"."users" ("id","name","pwd","role_id","deleted","createdAt","updatedAt") VALUES (DEFAULT,'2','2',1,false,'2018-10-22 18:20:34.560 +00:00','2018-10-22 18:20:34.560 +00:00') RETURNING *;
[10/22/2018 - 21:20:49::777] [INFO]: Executing (default): SELECT "id", "name", "pwd", "role_id", "deleted", "createdAt", "updatedAt" FROM "users"."users" AS "users" WHERE "users"."name" = '1' AND "users"."pwd" = '1' LIMIT 1;
[10/22/2018 - 21:20:51::917] [INFO]: process.env.CONTENT_PATH = 
[10/22/2018 - 21:20:51::948] [INFO]: Executing (default): SELECT "id", "name", "path", "deleted", "createdAt", "updatedAt" FROM "tracks"."tracks" AS "tracks";
[10/22/2018 - 21:20:51::981] [INFO]: Executing (default): select 
        tracks.tracks."name"
        ,tracks.tracks."path"
    from tracks.tracks
      join tastes.tastes on tastes.tastes.track_id = tracks.tracks.id
      join users.users on users.users.id = tastes.tastes.user_id
      where users.users."name" = '1' and tastes.tastes.deleted <> true
[10/22/2018 - 21:20:54::183] [INFO]: process.env.CONTENT_PATH = 
[10/22/2018 - 21:20:54::210] [INFO]: Executing (default): SELECT "id", "name", "path", "deleted", "createdAt", "updatedAt" FROM "tracks"."tracks" AS "tracks";
[10/22/2018 - 21:20:54::246] [INFO]: Executing (default): select 
        tracks.tracks."name"
        ,tracks.tracks."path"
    from tracks.tracks
      join tastes.tastes on tastes.tastes.track_id = tracks.tracks.id
      join users.users on users.users.id = tastes.tastes.user_id
      where users.users."name" = '1' and tastes.tastes.deleted <> true
[10/22/2018 - 21:21:27::440] [INFO]: process.env.CONTENT_PATH = 
[10/22/2018 - 21:21:27::472] [INFO]: Executing (default): SELECT "id", "name", "path", "deleted", "createdAt", "updatedAt" FROM "tracks"."tracks" AS "tracks";
[10/22/2018 - 21:21:27::499] [INFO]: Executing (default): select 
        tracks.tracks."name"
        ,tracks.tracks."path"
    from tracks.tracks
      join tastes.tastes on tastes.tastes.track_id = tracks.tracks.id
      join users.users on users.users.id = tastes.tastes.user_id
      where users.users."name" = '1' and tastes.tastes.deleted <> true
[10/22/2018 - 21:22:50::081] [INFO]: process.env.CONTENT_PATH = 
[10/22/2018 - 21:22:50::107] [INFO]: Executing (default): SELECT "id", "name", "path", "deleted", "createdAt", "updatedAt" FROM "tracks"."tracks" AS "tracks";
[10/22/2018 - 21:22:50::137] [INFO]: Executing (default): select 
        tracks.tracks."name"
        ,tracks.tracks."path"
    from tracks.tracks
      join tastes.tastes on tastes.tastes.track_id = tracks.tracks.id
      join users.users on users.users.id = tastes.tastes.user_id
      where users.users."name" = '1' and tastes.tastes.deleted <> true
[10/22/2018 - 21:25:47::132] [INFO]: process.env.CONTENT_PATH = 
[10/22/2018 - 21:25:47::236] [INFO]: Executing (default): SELECT "id", "name", "path", "deleted", "createdAt", "updatedAt" FROM "tracks"."tracks" AS "tracks";
[10/22/2018 - 21:25:47::283] [INFO]: Executing (default): select 
        tracks.tracks."name"
        ,tracks.tracks."path"
    from tracks.tracks
      join tastes.tastes on tastes.tastes.track_id = tracks.tracks.id
      join users.users on users.users.id = tastes.tastes.user_id
      where users.users."name" = '1' and tastes.tastes.deleted <> true
[10/22/2018 - 21:26:14::203] [INFO]: process.env.CONTENT_PATH = 
[10/22/2018 - 21:26:14::330] [INFO]: Executing (default): SELECT "id", "name", "path", "deleted", "createdAt", "updatedAt" FROM "tracks"."tracks" AS "tracks";
[10/22/2018 - 21:26:14::372] [INFO]: Executing (default): select 
        tracks.tracks."name"
        ,tracks.tracks."path"
    from tracks.tracks
      join tastes.tastes on tastes.tastes.track_id = tracks.tracks.id
      join users.users on users.users.id = tastes.tastes.user_id
      where users.users."name" = '1' and tastes.tastes.deleted <> true
[10/22/2018 - 21:27:33::046] [INFO]: process.env.CONTENT_PATH = 
[10/22/2018 - 21:27:33::120] [INFO]: Executing (default): SELECT "id", "name", "path", "deleted", "createdAt", "updatedAt" FROM "tracks"."tracks" AS "tracks";
[10/22/2018 - 21:27:33::145] [INFO]: Executing (default): select 
        tracks.tracks."name"
        ,tracks.tracks."path"
    from tracks.tracks
      join tastes.tastes on tastes.tastes.track_id = tracks.tracks.id
      join users.users on users.users.id = tastes.tastes.user_id
      where users.users."name" = '1' and tastes.tastes.deleted <> true
[10/22/2018 - 21:35:57::522] [INFO]: process.env.CONTENT_PATH = 
[10/22/2018 - 21:35:57::562] [INFO]: Executing (default): SELECT "id", "name", "path", "deleted", "createdAt", "updatedAt" FROM "tracks"."tracks" AS "tracks";
[10/22/2018 - 21:35:57::594] [INFO]: Executing (default): select 
        tracks.tracks."name"
        ,tracks.tracks."path"
    from tracks.tracks
      join tastes.tastes on tastes.tastes.track_id = tracks.tracks.id
      join users.users on users.users.id = tastes.tastes.user_id
      where users.users."name" = '1' and tastes.tastes.deleted <> true
[10/22/2018 - 21:37:07::448] [INFO]: process.env.CONTENT_PATH = 
[10/22/2018 - 21:37:07::546] [INFO]: Executing (default): SELECT "id", "name", "path", "deleted", "createdAt", "updatedAt" FROM "tracks"."tracks" AS "tracks";
[10/22/2018 - 21:37:07::817] [INFO]: Executing (default): select 
        tracks.tracks."name"
        ,tracks.tracks."path"
    from tracks.tracks
      join tastes.tastes on tastes.tastes.track_id = tracks.tracks.id
      join users.users on users.users.id = tastes.tastes.user_id
      where users.users."name" = '1' and tastes.tastes.deleted <> true
[10/22/2018 - 21:37:52::660] [INFO]: process.env.CONTENT_PATH = 
[10/22/2018 - 21:37:52::810] [INFO]: Executing (default): SELECT "id", "name", "path", "deleted", "createdAt", "updatedAt" FROM "tracks"."tracks" AS "tracks";
[10/22/2018 - 21:37:52::843] [INFO]: Executing (default): select 
        tracks.tracks."name"
        ,tracks.tracks."path"
    from tracks.tracks
      join tastes.tastes on tastes.tastes.track_id = tracks.tracks.id
      join users.users on users.users.id = tastes.tastes.user_id
      where users.users."name" = '1' and tastes.tastes.deleted <> true
[10/22/2018 - 21:38:44::968] [INFO]: process.env.CONTENT_PATH = 
[10/22/2018 - 21:38:45::065] [INFO]: Executing (default): SELECT "id", "name", "path", "deleted", "createdAt", "updatedAt" FROM "tracks"."tracks" AS "tracks";
[10/22/2018 - 21:38:45::105] [INFO]: Executing (default): select 
        tracks.tracks."name"
        ,tracks.tracks."path"
    from tracks.tracks
      join tastes.tastes on tastes.tastes.track_id = tracks.tracks.id
      join users.users on users.users.id = tastes.tastes.user_id
      where users.users."name" = '1' and tastes.tastes.deleted <> true
[10/22/2018 - 21:39:12::977] [INFO]: process.env.CONTENT_PATH = 
[10/22/2018 - 21:39:13::021] [INFO]: Executing (default): SELECT "id", "name", "path", "deleted", "createdAt", "updatedAt" FROM "tracks"."tracks" AS "tracks";
[10/22/2018 - 21:39:13::120] [INFO]: Executing (default): select 
        tracks.tracks."name"
        ,tracks.tracks."path"
    from tracks.tracks
      join tastes.tastes on tastes.tastes.track_id = tracks.tracks.id
      join users.users on users.users.id = tastes.tastes.user_id
      where users.users."name" = '1' and tastes.tastes.deleted <> true
[10/22/2018 - 21:43:02::952] [INFO]: process.env.CONTENT_PATH = 
[10/22/2018 - 21:43:03::041] [INFO]: Executing (default): SELECT "id", "name", "path", "deleted", "createdAt", "updatedAt" FROM "tracks"."tracks" AS "tracks";
[10/22/2018 - 21:43:03::070] [INFO]: Executing (default): select 
        tracks.tracks."name"
        ,tracks.tracks."path"
    from tracks.tracks
      join tastes.tastes on tastes.tastes.track_id = tracks.tracks.id
      join users.users on users.users.id = tastes.tastes.user_id
      where users.users."name" = '1' and tastes.tastes.deleted <> true
[10/22/2018 - 21:43:32::292] [INFO]: process.env.CONTENT_PATH = 
[10/22/2018 - 21:43:32::324] [INFO]: Executing (default): SELECT "id", "name", "path", "deleted", "createdAt", "updatedAt" FROM "tracks"."tracks" AS "tracks";
[10/22/2018 - 21:43:32::398] [INFO]: Executing (default): select 
        tracks.tracks."name"
        ,tracks.tracks."path"
    from tracks.tracks
      join tastes.tastes on tastes.tastes.track_id = tracks.tracks.id
      join users.users on users.users.id = tastes.tastes.user_id
      where users.users."name" = '1' and tastes.tastes.deleted <> true
[10/22/2018 - 21:43:49::614] [INFO]: process.env.CONTENT_PATH = 
[10/22/2018 - 21:43:49::681] [INFO]: Executing (default): SELECT "id", "name", "path", "deleted", "createdAt", "updatedAt" FROM "tracks"."tracks" AS "tracks";
[10/22/2018 - 21:43:49::716] [INFO]: Executing (default): select 
        tracks.tracks."name"
        ,tracks.tracks."path"
    from tracks.tracks
      join tastes.tastes on tastes.tastes.track_id = tracks.tracks.id
      join users.users on users.users.id = tastes.tastes.user_id
      where users.users."name" = '1' and tastes.tastes.deleted <> true
[10/22/2018 - 21:46:13::971] [INFO]: process.env.CONTENT_PATH = 
[10/22/2018 - 21:46:14::006] [INFO]: Executing (default): SELECT "id", "name", "path", "deleted", "createdAt", "updatedAt" FROM "tracks"."tracks" AS "tracks";
[10/22/2018 - 21:46:14::018] [INFO]: Executing (default): CREATE OR REPLACE FUNCTION pg_temp.sequelize_upsert(OUT created boolean, OUT primary_key text)  AS $func$ BEGIN INSERT INTO "tracks"."tracks" ("name","path","deleted","createdAt","updatedAt") VALUES ('Minnesota - Curio - 01 Edge.mp3','/media/bozdo/Новый том1/music/CASUAL/Minnesota - Curio/Minnesota - Curio - 01 Edge.mp3',false,'2018-10-22 18:46:14.012 +00:00','2018-10-22 18:46:14.012 +00:00'); created := true; EXCEPTION WHEN unique_violation THEN UPDATE "tracks"."tracks" SET "name"='Minnesota - Curio - 01 Edge.mp3',"path"='/media/bozdo/Новый том1/music/CASUAL/Minnesota - Curio/Minnesota - Curio - 01 Edge.mp3',"updatedAt"='2018-10-22 18:46:14.012 +00:00' WHERE ("id" IS NULL); created := false; END; $func$ LANGUAGE plpgsql; SELECT * FROM pg_temp.sequelize_upsert();
[10/22/2018 - 21:46:14::028] [INFO]: Executing (default): CREATE OR REPLACE FUNCTION pg_temp.sequelize_upsert(OUT created boolean, OUT primary_key text)  AS $func$ BEGIN INSERT INTO "tracks"."tracks" ("name","path","deleted","createdAt","updatedAt") VALUES ('Minnesota - Curio - 02 Technique.mp3','/media/bozdo/Новый том1/music/CASUAL/Minnesota - Curio/Minnesota - Curio - 02 Technique.mp3',false,'2018-10-22 18:46:14.025 +00:00','2018-10-22 18:46:14.025 +00:00'); created := true; EXCEPTION WHEN unique_violation THEN UPDATE "tracks"."tracks" SET "name"='Minnesota - Curio - 02 Technique.mp3',"path"='/media/bozdo/Новый том1/music/CASUAL/Minnesota - Curio/Minnesota - Curio - 02 Technique.mp3',"updatedAt"='2018-10-22 18:46:14.025 +00:00' WHERE ("id" IS NULL); created := false; END; $func$ LANGUAGE plpgsql; SELECT * FROM pg_temp.sequelize_upsert();
[10/22/2018 - 21:46:14::035] [INFO]: Executing (default): CREATE OR REPLACE FUNCTION pg_temp.sequelize_upsert(OUT created boolean, OUT primary_key text)  AS $func$ BEGIN INSERT INTO "tracks"."tracks" ("name","path","deleted","createdAt","updatedAt") VALUES ('Minnesota - Curio - 03 Dark Crystal.mp3','/media/bozdo/Новый том1/music/CASUAL/Minnesota - Curio/Minnesota - Curio - 03 Dark Crystal.mp3',false,'2018-10-22 18:46:14.031 +00:00','2018-10-22 18:46:14.031 +00:00'); created := true; EXCEPTION WHEN unique_violation THEN UPDATE "tracks"."tracks" SET "name"='Minnesota - Curio - 03 Dark Crystal.mp3',"path"='/media/bozdo/Новый том1/music/CASUAL/Minnesota - Curio/Minnesota - Curio - 03 Dark Crystal.mp3',"updatedAt"='2018-10-22 18:46:14.031 +00:00' WHERE ("id" IS NULL); created := false; END; $func$ LANGUAGE plpgsql; SELECT * FROM pg_temp.sequelize_upsert();
[10/22/2018 - 21:46:14::041] [INFO]: Executing (default): CREATE OR REPLACE FUNCTION pg_temp.sequelize_upsert(OUT created boolean, OUT primary_key text)  AS $func$ BEGIN INSERT INTO "tracks"."tracks" ("name","path","deleted","createdAt","updatedAt") VALUES ('Minnesota - Curio - 04 Desert Diamond.mp3','/media/bozdo/Новый том1/music/CASUAL/Minnesota - Curio/Minnesota - Curio - 04 Desert Diamond.mp3',false,'2018-10-22 18:46:14.038 +00:00','2018-10-22 18:46:14.038 +00:00'); created := true; EXCEPTION WHEN unique_violation THEN UPDATE "tracks"."tracks" SET "name"='Minnesota - Curio - 04 Desert Diamond.mp3',"path"='/media/bozdo/Новый том1/music/CASUAL/Minnesota - Curio/Minnesota - Curio - 04 Desert Diamond.mp3',"updatedAt"='2018-10-22 18:46:14.038 +00:00' WHERE ("id" IS NULL); created := false; END; $func$ LANGUAGE plpgsql; SELECT * FROM pg_temp.sequelize_upsert();
[10/22/2018 - 21:46:14::048] [INFO]: Executing (default): CREATE OR REPLACE FUNCTION pg_temp.sequelize_upsert(OUT created boolean, OUT primary_key text)  AS $func$ BEGIN INSERT INTO "tracks"."tracks" ("name","path","deleted","createdAt","updatedAt") VALUES ('Minnesota - Curio - 05 HiLow (VIP).mp3','/media/bozdo/Новый том1/music/CASUAL/Minnesota - Curio/Minnesota - Curio - 05 HiLow (VIP).mp3',false,'2018-10-22 18:46:14.044 +00:00','2018-10-22 18:46:14.044 +00:00'); created := true; EXCEPTION WHEN unique_violation THEN UPDATE "tracks"."tracks" SET "name"='Minnesota - Curio - 05 HiLow (VIP).mp3',"path"='/media/bozdo/Новый том1/music/CASUAL/Minnesota - Curio/Minnesota - Curio - 05 HiLow (VIP).mp3',"updatedAt"='2018-10-22 18:46:14.044 +00:00' WHERE ("id" IS NULL); created := false; END; $func$ LANGUAGE plpgsql; SELECT * FROM pg_temp.sequelize_upsert();
[10/22/2018 - 21:46:14::068] [INFO]: Executing (default): select 
        tracks.tracks."name"
        ,tracks.tracks."path"
    from tracks.tracks
      join tastes.tastes on tastes.tastes.track_id = tracks.tracks.id
      join users.users on users.users.id = tastes.tastes.user_id
      where users.users."name" = '1' and tastes.tastes.deleted <> true
[10/22/2018 - 21:46:28::586] [INFO]: Executing (default): SELECT "id" FROM "tracks"."tracks" AS "tracks" WHERE "tracks"."name" = 'Minnesota - Curio - 02 Technique.mp3' LIMIT 1;
[10/22/2018 - 21:46:28::592] [INFO]: Executing (default): SELECT "id" FROM "users"."users" AS "users" WHERE "users"."name" = '1' LIMIT 1;
[10/22/2018 - 21:46:28::596] [INFO]: Executing (default): SELECT "user_id", "track_id", "deleted", "createdAt", "updatedAt" FROM "tastes"."tastes" AS "tastes" WHERE "tastes"."deleted" = false AND "tastes"."track_id" = 156 AND "tastes"."user_id" = 1;
[10/22/2018 - 21:49:44::554] [INFO]: Executing (default): SELECT "id" FROM "tracks"."tracks" AS "tracks" WHERE "tracks"."name" = 'Minnesota - Curio - 03 Dark Crystal.mp3' LIMIT 1;
[10/22/2018 - 21:49:44::558] [INFO]: Executing (default): SELECT "id" FROM "users"."users" AS "users" WHERE "users"."name" = '1' LIMIT 1;
[10/22/2018 - 21:49:44::562] [INFO]: Executing (default): SELECT "user_id", "track_id", "deleted", "createdAt", "updatedAt" FROM "tastes"."tastes" AS "tastes" WHERE "tastes"."deleted" = false AND "tastes"."track_id" = 157 AND "tastes"."user_id" = 1;
[10/22/2018 - 21:52:50::962] [INFO]: process.env.CONTENT_PATH = 
[10/22/2018 - 21:52:51::067] [INFO]: Executing (default): SELECT "id", "name", "path", "deleted", "createdAt", "updatedAt" FROM "tracks"."tracks" AS "tracks";
[10/22/2018 - 21:52:51::095] [INFO]: Executing (default): select 
        tracks.tracks."name"
        ,tracks.tracks."path"
    from tracks.tracks
      join tastes.tastes on tastes.tastes.track_id = tracks.tracks.id
      join users.users on users.users.id = tastes.tastes.user_id
      where users.users."name" = '1' and tastes.tastes.deleted <> true
[10/22/2018 - 21:54:31::869] [INFO]: process.env.CONTENT_PATH = 
[10/22/2018 - 21:54:31::890] [INFO]: Executing (default): SELECT "id", "name", "path", "deleted", "createdAt", "updatedAt" FROM "tracks"."tracks" AS "tracks";
[10/22/2018 - 21:54:31::965] [INFO]: Executing (default): select 
        tracks.tracks."name"
        ,tracks.tracks."path"
    from tracks.tracks
      join tastes.tastes on tastes.tastes.track_id = tracks.tracks.id
      join users.users on users.users.id = tastes.tastes.user_id
      where users.users."name" = '1' and tastes.tastes.deleted <> true
[10/22/2018 - 21:55:28::739] [INFO]: process.env.CONTENT_PATH = 
[10/22/2018 - 21:55:28::835] [INFO]: Executing (default): SELECT "id", "name", "path", "deleted", "createdAt", "updatedAt" FROM "tracks"."tracks" AS "tracks";
[10/22/2018 - 21:55:28::862] [INFO]: Executing (default): select 
        tracks.tracks."name"
        ,tracks.tracks."path"
    from tracks.tracks
      join tastes.tastes on tastes.tastes.track_id = tracks.tracks.id
      join users.users on users.users.id = tastes.tastes.user_id
      where users.users."name" = '1' and tastes.tastes.deleted <> true
[10/22/2018 - 22:01:40::457] [INFO]: process.env.CONTENT_PATH = 
[10/22/2018 - 22:01:40::547] [INFO]: Executing (default): SELECT "id", "name", "path", "deleted", "createdAt", "updatedAt" FROM "tracks"."tracks" AS "tracks";
[10/22/2018 - 22:01:40::586] [INFO]: Executing (default): select 
        tracks.tracks."name"
        ,tracks.tracks."path"
    from tracks.tracks
      join tastes.tastes on tastes.tastes.track_id = tracks.tracks.id
      join users.users on users.users.id = tastes.tastes.user_id
      where users.users."name" = '1' and tastes.tastes.deleted <> true
[10/22/2018 - 22:18:57::924] [INFO]: process.env.CONTENT_PATH = 
[10/22/2018 - 22:18:57::961] [INFO]: Executing (default): SELECT "id", "name", "path", "deleted", "createdAt", "updatedAt" FROM "tracks"."tracks" AS "tracks";
[10/22/2018 - 22:18:58::063] [INFO]: Executing (default): select 
        tracks.tracks."name"
        ,tracks.tracks."path"
    from tracks.tracks
      join tastes.tastes on tastes.tastes.track_id = tracks.tracks.id
      join users.users on users.users.id = tastes.tastes.user_id
      where users.users."name" = '1' and tastes.tastes.deleted <> true
[10/22/2018 - 22:32:59::389] [INFO]: process.env.CONTENT_PATH = 
[10/22/2018 - 22:32:59::418] [INFO]: Executing (default): SELECT "id", "name", "path", "deleted", "createdAt", "updatedAt" FROM "tracks"."tracks" AS "tracks";
[10/22/2018 - 22:32:59::437] [INFO]: Executing (default): CREATE OR REPLACE FUNCTION pg_temp.sequelize_upsert(OUT created boolean, OUT primary_key text)  AS $func$ BEGIN INSERT INTO "tracks"."tracks" ("name","path","deleted","createdAt","updatedAt") VALUES ('Tripzy Leary, GDubz - Arrival - 01 Apocalypse Feat. Giometric.mp3','/media/bozdo/Новый том1/music/DUB/Tripzy Leary- GDubz - Arrival/Tripzy Leary, GDubz - Arrival - 01 Apocalypse Feat. Giometric.mp3',false,'2018-10-22 19:32:59.428 +00:00','2018-10-22 19:32:59.428 +00:00'); created := true; EXCEPTION WHEN unique_violation THEN UPDATE "tracks"."tracks" SET "name"='Tripzy Leary, GDubz - Arrival - 01 Apocalypse Feat. Giometric.mp3',"path"='/media/bozdo/Новый том1/music/DUB/Tripzy Leary- GDubz - Arrival/Tripzy Leary, GDubz - Arrival - 01 Apocalypse Feat. Giometric.mp3',"updatedAt"='2018-10-22 19:32:59.428 +00:00' WHERE ("id" IS NULL); created := false; END; $func$ LANGUAGE plpgsql; SELECT * FROM pg_temp.sequelize_upsert();
[10/22/2018 - 22:32:59::446] [INFO]: Executing (default): CREATE OR REPLACE FUNCTION pg_temp.sequelize_upsert(OUT created boolean, OUT primary_key text)  AS $func$ BEGIN INSERT INTO "tracks"."tracks" ("name","path","deleted","createdAt","updatedAt") VALUES ('Tripzy Leary, GDubz - Arrival - 02 Sweet Earth.mp3','/media/bozdo/Новый том1/music/DUB/Tripzy Leary- GDubz - Arrival/Tripzy Leary, GDubz - Arrival - 02 Sweet Earth.mp3',false,'2018-10-22 19:32:59.440 +00:00','2018-10-22 19:32:59.440 +00:00'); created := true; EXCEPTION WHEN unique_violation THEN UPDATE "tracks"."tracks" SET "name"='Tripzy Leary, GDubz - Arrival - 02 Sweet Earth.mp3',"path"='/media/bozdo/Новый том1/music/DUB/Tripzy Leary- GDubz - Arrival/Tripzy Leary, GDubz - Arrival - 02 Sweet Earth.mp3',"updatedAt"='2018-10-22 19:32:59.440 +00:00' WHERE ("id" IS NULL); created := false; END; $func$ LANGUAGE plpgsql; SELECT * FROM pg_temp.sequelize_upsert();
[10/22/2018 - 22:32:59::491] [INFO]: Executing (default): CREATE OR REPLACE FUNCTION pg_temp.sequelize_upsert(OUT created boolean, OUT primary_key text)  AS $func$ BEGIN INSERT INTO "tracks"."tracks" ("name","path","deleted","createdAt","updatedAt") VALUES ('Tripzy Leary, GDubz - Arrival - 03 Interdimensional.mp3','/media/bozdo/Новый том1/music/DUB/Tripzy Leary- GDubz - Arrival/Tripzy Leary, GDubz - Arrival - 03 Interdimensional.mp3',false,'2018-10-22 19:32:59.478 +00:00','2018-10-22 19:32:59.478 +00:00'); created := true; EXCEPTION WHEN unique_violation THEN UPDATE "tracks"."tracks" SET "name"='Tripzy Leary, GDubz - Arrival - 03 Interdimensional.mp3',"path"='/media/bozdo/Новый том1/music/DUB/Tripzy Leary- GDubz - Arrival/Tripzy Leary, GDubz - Arrival - 03 Interdimensional.mp3',"updatedAt"='2018-10-22 19:32:59.478 +00:00' WHERE ("id" IS NULL); created := false; END; $func$ LANGUAGE plpgsql; SELECT * FROM pg_temp.sequelize_upsert();
[10/22/2018 - 22:32:59::504] [INFO]: Executing (default): CREATE OR REPLACE FUNCTION pg_temp.sequelize_upsert(OUT created boolean, OUT primary_key text)  AS $func$ BEGIN INSERT INTO "tracks"."tracks" ("name","path","deleted","createdAt","updatedAt") VALUES ('Tripzy Leary, GDubz - Arrival - 04 Blocc Is Hawt.mp3','/media/bozdo/Новый том1/music/DUB/Tripzy Leary- GDubz - Arrival/Tripzy Leary, GDubz - Arrival - 04 Blocc Is Hawt.mp3',false,'2018-10-22 19:32:59.500 +00:00','2018-10-22 19:32:59.500 +00:00'); created := true; EXCEPTION WHEN unique_violation THEN UPDATE "tracks"."tracks" SET "name"='Tripzy Leary, GDubz - Arrival - 04 Blocc Is Hawt.mp3',"path"='/media/bozdo/Новый том1/music/DUB/Tripzy Leary- GDubz - Arrival/Tripzy Leary, GDubz - Arrival - 04 Blocc Is Hawt.mp3',"updatedAt"='2018-10-22 19:32:59.500 +00:00' WHERE ("id" IS NULL); created := false; END; $func$ LANGUAGE plpgsql; SELECT * FROM pg_temp.sequelize_upsert();
[10/22/2018 - 22:32:59::512] [INFO]: Executing (default): CREATE OR REPLACE FUNCTION pg_temp.sequelize_upsert(OUT created boolean, OUT primary_key text)  AS $func$ BEGIN INSERT INTO "tracks"."tracks" ("name","path","deleted","createdAt","updatedAt") VALUES ('Tripzy Leary, GDubz - Arrival - 05 Break It Down Feat. Giometric.mp3','/media/bozdo/Новый том1/music/DUB/Tripzy Leary- GDubz - Arrival/Tripzy Leary, GDubz - Arrival - 05 Break It Down Feat. Giometric.mp3',false,'2018-10-22 19:32:59.507 +00:00','2018-10-22 19:32:59.507 +00:00'); created := true; EXCEPTION WHEN unique_violation THEN UPDATE "tracks"."tracks" SET "name"='Tripzy Leary, GDubz - Arrival - 05 Break It Down Feat. Giometric.mp3',"path"='/media/bozdo/Новый том1/music/DUB/Tripzy Leary- GDubz - Arrival/Tripzy Leary, GDubz - Arrival - 05 Break It Down Feat. Giometric.mp3',"updatedAt"='2018-10-22 19:32:59.507 +00:00' WHERE ("id" IS NULL); created := false; END; $func$ LANGUAGE plpgsql; SELECT * FROM pg_temp.sequelize_upsert();
[10/22/2018 - 22:32:59::529] [INFO]: Executing (default): select 
        tracks.tracks."name"
        ,tracks.tracks."path"
    from tracks.tracks
      join tastes.tastes on tastes.tastes.track_id = tracks.tracks.id
      join users.users on users.users.id = tastes.tastes.user_id
      where users.users."name" = '1' and tastes.tastes.deleted <> true
[10/22/2018 - 22:34:40::370] [INFO]: process.env.CONTENT_PATH = 
[10/22/2018 - 22:34:40::396] [INFO]: Executing (default): SELECT "id", "name", "path", "deleted", "createdAt", "updatedAt" FROM "tracks"."tracks" AS "tracks";
[10/22/2018 - 22:34:40::469] [INFO]: Executing (default): select 
        tracks.tracks."name"
        ,tracks.tracks."path"
    from tracks.tracks
      join tastes.tastes on tastes.tastes.track_id = tracks.tracks.id
      join users.users on users.users.id = tastes.tastes.user_id
      where users.users."name" = '1' and tastes.tastes.deleted <> true
[10/22/2018 - 22:35:53::008] [INFO]: process.env.CONTENT_PATH = 
[10/22/2018 - 22:35:53::054] [INFO]: Executing (default): SELECT "id", "name", "path", "deleted", "createdAt", "updatedAt" FROM "tracks"."tracks" AS "tracks";
[10/22/2018 - 22:35:53::132] [INFO]: Executing (default): select 
        tracks.tracks."name"
        ,tracks.tracks."path"
    from tracks.tracks
      join tastes.tastes on tastes.tastes.track_id = tracks.tracks.id
      join users.users on users.users.id = tastes.tastes.user_id
      where users.users."name" = '1' and tastes.tastes.deleted <> true
[10/22/2018 - 22:36:56::670] [INFO]: process.env.CONTENT_PATH = 
[10/22/2018 - 22:36:56::697] [INFO]: Executing (default): SELECT "id", "name", "path", "deleted", "createdAt", "updatedAt" FROM "tracks"."tracks" AS "tracks";
[10/22/2018 - 22:36:56::760] [INFO]: Executing (default): select 
        tracks.tracks."name"
        ,tracks.tracks."path"
    from tracks.tracks
      join tastes.tastes on tastes.tastes.track_id = tracks.tracks.id
      join users.users on users.users.id = tastes.tastes.user_id
      where users.users."name" = '1' and tastes.tastes.deleted <> true
[10/22/2018 - 22:37:00::200] [INFO]: process.env.CONTENT_PATH = 
[10/22/2018 - 22:37:00::224] [INFO]: Executing (default): SELECT "id", "name", "path", "deleted", "createdAt", "updatedAt" FROM "tracks"."tracks" AS "tracks";
[10/22/2018 - 22:37:00::287] [INFO]: Executing (default): select 
        tracks.tracks."name"
        ,tracks.tracks."path"
    from tracks.tracks
      join tastes.tastes on tastes.tastes.track_id = tracks.tracks.id
      join users.users on users.users.id = tastes.tastes.user_id
      where users.users."name" = '1' and tastes.tastes.deleted <> true
[10/22/2018 - 22:37:05::319] [INFO]: process.env.CONTENT_PATH = 
[10/22/2018 - 22:37:05::356] [INFO]: Executing (default): SELECT "id", "name", "path", "deleted", "createdAt", "updatedAt" FROM "tracks"."tracks" AS "tracks";
[10/22/2018 - 22:37:05::427] [INFO]: Executing (default): select 
        tracks.tracks."name"
        ,tracks.tracks."path"
    from tracks.tracks
      join tastes.tastes on tastes.tastes.track_id = tracks.tracks.id
      join users.users on users.users.id = tastes.tastes.user_id
      where users.users."name" = '1' and tastes.tastes.deleted <> true
[10/22/2018 - 22:37:37::102] [INFO]: [SEMPAI.HELP] Приложение запущено на порту: 4000
[10/22/2018 - 22:37:37::334] [INFO]: [Redis]: Успешное подключение
[10/22/2018 - 22:37:37::338] [INFO]: [Redis]: Готов к использованию
[10/22/2018 - 22:37:37::365] [INFO]: Executing (default): SELECT 1+1 AS result
[10/22/2018 - 22:37:37::367] [INFO]: [Sequelize]: Успешное подключение к БД sempai под юзером sempai
[10/22/2018 - 22:37:37::386] [INFO]: Executing (default): CREATE SCHEMA IF NOT EXISTS links;
[10/22/2018 - 22:37:37::393] [INFO]: Executing (default): CREATE SCHEMA IF NOT EXISTS users;
[10/22/2018 - 22:37:37::394] [INFO]: Executing (default): CREATE SCHEMA IF NOT EXISTS tastes;
[10/22/2018 - 22:37:37::396] [INFO]: Executing (default): CREATE SCHEMA IF NOT EXISTS tracks;
[10/22/2018 - 22:37:37::398] [INFO]: Executing (default): CREATE TABLE IF NOT EXISTS "links"."links" ("id"  SERIAL UNIQUE , "link" VARCHAR(1000) NOT NULL, "descr" VARCHAR(4000) NOT NULL, "user_id" INTEGER NOT NULL, "abstract" VARCHAR(200) NOT NULL, "deleted" BOOLEAN DEFAULT 'false', "createdAt" TIMESTAMP WITH TIME ZONE NOT NULL, "updatedAt" TIMESTAMP WITH TIME ZONE NOT NULL, PRIMARY KEY ("id"));
[10/22/2018 - 22:37:37::401] [INFO]: Executing (default): SELECT i.relname AS name, ix.indisprimary AS primary, ix.indisunique AS unique, ix.indkey AS indkey, array_agg(a.attnum) as column_indexes, array_agg(a.attname) AS column_names, pg_get_indexdef(ix.indexrelid) AS definition FROM pg_class t, pg_class i, pg_index ix, pg_attribute a, pg_namespace s WHERE t.oid = ix.indrelid AND i.oid = ix.indexrelid AND a.attrelid = t.oid AND t.relkind = 'r' and t.relname = 'links' AND s.oid = t.relnamespace AND s.nspname = 'links' GROUP BY i.relname, ix.indexrelid, ix.indisprimary, ix.indisunique, ix.indkey ORDER BY i.relname;
[10/22/2018 - 22:37:37::413] [INFO]: Executing (default): CREATE TABLE IF NOT EXISTS "users"."users" ("id"  SERIAL UNIQUE , "name" VARCHAR(40) NOT NULL, "pwd" VARCHAR(40) NOT NULL, "role_id" INTEGER NOT NULL, "deleted" BOOLEAN DEFAULT 'false', "createdAt" TIMESTAMP WITH TIME ZONE NOT NULL, "updatedAt" TIMESTAMP WITH TIME ZONE NOT NULL, PRIMARY KEY ("id"));
[10/22/2018 - 22:37:37::414] [INFO]: Executing (default): SELECT i.relname AS name, ix.indisprimary AS primary, ix.indisunique AS unique, ix.indkey AS indkey, array_agg(a.attnum) as column_indexes, array_agg(a.attname) AS column_names, pg_get_indexdef(ix.indexrelid) AS definition FROM pg_class t, pg_class i, pg_index ix, pg_attribute a, pg_namespace s WHERE t.oid = ix.indrelid AND i.oid = ix.indexrelid AND a.attrelid = t.oid AND t.relkind = 'r' and t.relname = 'users' AND s.oid = t.relnamespace AND s.nspname = 'users' GROUP BY i.relname, ix.indexrelid, ix.indisprimary, ix.indisunique, ix.indkey ORDER BY i.relname;
[10/22/2018 - 22:37:37::423] [INFO]: Executing (default): CREATE TABLE IF NOT EXISTS "tracks"."tracks" ("id"  SERIAL UNIQUE , "name" VARCHAR(1024) NOT NULL, "path" VARCHAR(1024) NOT NULL, "deleted" BOOLEAN DEFAULT 'false', "createdAt" TIMESTAMP WITH TIME ZONE NOT NULL, "updatedAt" TIMESTAMP WITH TIME ZONE NOT NULL, PRIMARY KEY ("id"));
[10/22/2018 - 22:37:37::424] [INFO]: Executing (default): SELECT i.relname AS name, ix.indisprimary AS primary, ix.indisunique AS unique, ix.indkey AS indkey, array_agg(a.attnum) as column_indexes, array_agg(a.attname) AS column_names, pg_get_indexdef(ix.indexrelid) AS definition FROM pg_class t, pg_class i, pg_index ix, pg_attribute a, pg_namespace s WHERE t.oid = ix.indrelid AND i.oid = ix.indexrelid AND a.attrelid = t.oid AND t.relkind = 'r' and t.relname = 'tracks' AND s.oid = t.relnamespace AND s.nspname = 'tracks' GROUP BY i.relname, ix.indexrelid, ix.indisprimary, ix.indisunique, ix.indkey ORDER BY i.relname;
[10/22/2018 - 22:37:37::430] [INFO]: Executing (default): CREATE TABLE IF NOT EXISTS "tastes"."tastes" ("user_id" INTEGER NOT NULL  REFERENCES "users"."users" ("id") ON DELETE NO ACTION ON UPDATE CASCADE, "track_id" INTEGER NOT NULL  REFERENCES "tracks"."tracks" ("id") ON DELETE NO ACTION ON UPDATE CASCADE, "deleted" BOOLEAN DEFAULT false, "createdAt" TIMESTAMP WITH TIME ZONE NOT NULL, "updatedAt" TIMESTAMP WITH TIME ZONE NOT NULL, PRIMARY KEY ("user_id","track_id"));
[10/22/2018 - 22:37:37::432] [INFO]: Executing (default): SELECT i.relname AS name, ix.indisprimary AS primary, ix.indisunique AS unique, ix.indkey AS indkey, array_agg(a.attnum) as column_indexes, array_agg(a.attname) AS column_names, pg_get_indexdef(ix.indexrelid) AS definition FROM pg_class t, pg_class i, pg_index ix, pg_attribute a, pg_namespace s WHERE t.oid = ix.indrelid AND i.oid = ix.indexrelid AND a.attrelid = t.oid AND t.relkind = 'r' and t.relname = 'tastes' AND s.oid = t.relnamespace AND s.nspname = 'tastes' GROUP BY i.relname, ix.indexrelid, ix.indisprimary, ix.indisunique, ix.indkey ORDER BY i.relname;
[10/22/2018 - 22:37:37::444] [INFO]: Executing (default): INSERT INTO "users"."users" ("id","name","pwd","role_id","deleted","createdAt","updatedAt") VALUES (DEFAULT,'1','1',1,false,'2018-10-22 19:37:37.438 +00:00','2018-10-22 19:37:37.438 +00:00') RETURNING *;
[10/22/2018 - 22:37:37::455] [INFO]: Executing (default): INSERT INTO "users"."users" ("id","name","pwd","role_id","deleted","createdAt","updatedAt") VALUES (DEFAULT,'2','2',1,false,'2018-10-22 19:37:37.450 +00:00','2018-10-22 19:37:37.450 +00:00') RETURNING *;
[10/22/2018 - 22:39:58::082] [INFO]: [SEMPAI.HELP] Приложение запущено на порту: 4000
[10/22/2018 - 22:39:58::383] [INFO]: [Redis]: Успешное подключение
[10/22/2018 - 22:39:58::387] [INFO]: [Redis]: Готов к использованию
[10/22/2018 - 22:39:58::414] [INFO]: Executing (default): SELECT 1+1 AS result
[10/22/2018 - 22:39:58::418] [INFO]: [Sequelize]: Успешное подключение к БД sempai под юзером sempai
[10/22/2018 - 22:39:58::444] [INFO]: Executing (default): CREATE SCHEMA IF NOT EXISTS links;
[10/22/2018 - 22:39:58::462] [INFO]: Executing (default): CREATE SCHEMA IF NOT EXISTS users;
[10/22/2018 - 22:39:58::464] [INFO]: Executing (default): CREATE SCHEMA IF NOT EXISTS tastes;
[10/22/2018 - 22:39:58::467] [INFO]: Executing (default): CREATE SCHEMA IF NOT EXISTS tracks;
[10/22/2018 - 22:39:58::473] [INFO]: Executing (default): CREATE TABLE IF NOT EXISTS "links"."links" ("id"  SERIAL UNIQUE , "link" VARCHAR(1000) NOT NULL, "descr" VARCHAR(4000) NOT NULL, "user_id" INTEGER NOT NULL, "abstract" VARCHAR(200) NOT NULL, "deleted" BOOLEAN DEFAULT 'false', "createdAt" TIMESTAMP WITH TIME ZONE NOT NULL, "updatedAt" TIMESTAMP WITH TIME ZONE NOT NULL, PRIMARY KEY ("id"));
[10/22/2018 - 22:39:58::479] [INFO]: Executing (default): SELECT i.relname AS name, ix.indisprimary AS primary, ix.indisunique AS unique, ix.indkey AS indkey, array_agg(a.attnum) as column_indexes, array_agg(a.attname) AS column_names, pg_get_indexdef(ix.indexrelid) AS definition FROM pg_class t, pg_class i, pg_index ix, pg_attribute a, pg_namespace s WHERE t.oid = ix.indrelid AND i.oid = ix.indexrelid AND a.attrelid = t.oid AND t.relkind = 'r' and t.relname = 'links' AND s.oid = t.relnamespace AND s.nspname = 'links' GROUP BY i.relname, ix.indexrelid, ix.indisprimary, ix.indisunique, ix.indkey ORDER BY i.relname;
[10/22/2018 - 22:39:58::489] [INFO]: Executing (default): CREATE TABLE IF NOT EXISTS "users"."users" ("id"  SERIAL UNIQUE , "name" VARCHAR(40) NOT NULL, "pwd" VARCHAR(40) NOT NULL, "role_id" INTEGER NOT NULL, "deleted" BOOLEAN DEFAULT 'false', "createdAt" TIMESTAMP WITH TIME ZONE NOT NULL, "updatedAt" TIMESTAMP WITH TIME ZONE NOT NULL, PRIMARY KEY ("id"));
[10/22/2018 - 22:39:58::490] [INFO]: Executing (default): SELECT i.relname AS name, ix.indisprimary AS primary, ix.indisunique AS unique, ix.indkey AS indkey, array_agg(a.attnum) as column_indexes, array_agg(a.attname) AS column_names, pg_get_indexdef(ix.indexrelid) AS definition FROM pg_class t, pg_class i, pg_index ix, pg_attribute a, pg_namespace s WHERE t.oid = ix.indrelid AND i.oid = ix.indexrelid AND a.attrelid = t.oid AND t.relkind = 'r' and t.relname = 'users' AND s.oid = t.relnamespace AND s.nspname = 'users' GROUP BY i.relname, ix.indexrelid, ix.indisprimary, ix.indisunique, ix.indkey ORDER BY i.relname;
[10/22/2018 - 22:39:58::498] [INFO]: Executing (default): CREATE TABLE IF NOT EXISTS "tracks"."tracks" ("id"  SERIAL UNIQUE , "name" VARCHAR(1024) NOT NULL, "path" VARCHAR(1024) NOT NULL, "deleted" BOOLEAN DEFAULT 'false', "createdAt" TIMESTAMP WITH TIME ZONE NOT NULL, "updatedAt" TIMESTAMP WITH TIME ZONE NOT NULL, PRIMARY KEY ("id"));
[10/22/2018 - 22:39:58::500] [INFO]: Executing (default): SELECT i.relname AS name, ix.indisprimary AS primary, ix.indisunique AS unique, ix.indkey AS indkey, array_agg(a.attnum) as column_indexes, array_agg(a.attname) AS column_names, pg_get_indexdef(ix.indexrelid) AS definition FROM pg_class t, pg_class i, pg_index ix, pg_attribute a, pg_namespace s WHERE t.oid = ix.indrelid AND i.oid = ix.indexrelid AND a.attrelid = t.oid AND t.relkind = 'r' and t.relname = 'tracks' AND s.oid = t.relnamespace AND s.nspname = 'tracks' GROUP BY i.relname, ix.indexrelid, ix.indisprimary, ix.indisunique, ix.indkey ORDER BY i.relname;
[10/22/2018 - 22:39:58::506] [INFO]: Executing (default): CREATE TABLE IF NOT EXISTS "tastes"."tastes" ("user_id" INTEGER NOT NULL  REFERENCES "users"."users" ("id") ON DELETE NO ACTION ON UPDATE CASCADE, "track_id" INTEGER NOT NULL  REFERENCES "tracks"."tracks" ("id") ON DELETE NO ACTION ON UPDATE CASCADE, "deleted" BOOLEAN DEFAULT false, "createdAt" TIMESTAMP WITH TIME ZONE NOT NULL, "updatedAt" TIMESTAMP WITH TIME ZONE NOT NULL, PRIMARY KEY ("user_id","track_id"));
[10/22/2018 - 22:39:58::507] [INFO]: Executing (default): SELECT i.relname AS name, ix.indisprimary AS primary, ix.indisunique AS unique, ix.indkey AS indkey, array_agg(a.attnum) as column_indexes, array_agg(a.attname) AS column_names, pg_get_indexdef(ix.indexrelid) AS definition FROM pg_class t, pg_class i, pg_index ix, pg_attribute a, pg_namespace s WHERE t.oid = ix.indrelid AND i.oid = ix.indexrelid AND a.attrelid = t.oid AND t.relkind = 'r' and t.relname = 'tastes' AND s.oid = t.relnamespace AND s.nspname = 'tastes' GROUP BY i.relname, ix.indexrelid, ix.indisprimary, ix.indisunique, ix.indkey ORDER BY i.relname;
[10/22/2018 - 22:39:58::524] [INFO]: Executing (default): INSERT INTO "users"."users" ("id","name","pwd","role_id","deleted","createdAt","updatedAt") VALUES (DEFAULT,'1','1',1,false,'2018-10-22 19:39:58.517 +00:00','2018-10-22 19:39:58.517 +00:00') RETURNING *;
[10/22/2018 - 22:39:58::530] [INFO]: Executing (default): INSERT INTO "users"."users" ("id","name","pwd","role_id","deleted","createdAt","updatedAt") VALUES (DEFAULT,'2','2',1,false,'2018-10-22 19:39:58.528 +00:00','2018-10-22 19:39:58.528 +00:00') RETURNING *;
[10/22/2018 - 22:40:42::749] [INFO]: process.env.CONTENT_PATH = 
[10/22/2018 - 22:40:42::794] [INFO]: Executing (default): SELECT "id", "name", "path", "deleted", "createdAt", "updatedAt" FROM "tracks"."tracks" AS "tracks";
[10/22/2018 - 22:40:43::359] [INFO]: Executing (default): select 
        tracks.tracks."name"
        ,tracks.tracks."path"
    from tracks.tracks
      join tastes.tastes on tastes.tastes.track_id = tracks.tracks.id
      join users.users on users.users.id = tastes.tastes.user_id
      where users.users."name" = '1' and tastes.tastes.deleted <> true
[10/22/2018 - 22:41:56::658] [INFO]: process.env.CONTENT_PATH = 
[10/22/2018 - 22:41:56::702] [INFO]: Executing (default): SELECT "id", "name", "path", "deleted", "createdAt", "updatedAt" FROM "tracks"."tracks" AS "tracks";
[10/22/2018 - 22:41:56::770] [INFO]: Executing (default): select 
        tracks.tracks."name"
        ,tracks.tracks."path"
    from tracks.tracks
      join tastes.tastes on tastes.tastes.track_id = tracks.tracks.id
      join users.users on users.users.id = tastes.tastes.user_id
      where users.users."name" = '1' and tastes.tastes.deleted <> true
[10/22/2018 - 22:44:07::023] [INFO]: process.env.CONTENT_PATH = 
[10/22/2018 - 22:44:07::062] [INFO]: Executing (default): SELECT "id", "name", "path", "deleted", "createdAt", "updatedAt" FROM "tracks"."tracks" AS "tracks";
[10/22/2018 - 22:44:07::192] [INFO]: Executing (default): select 
        tracks.tracks."name"
        ,tracks.tracks."path"
    from tracks.tracks
      join tastes.tastes on tastes.tastes.track_id = tracks.tracks.id
      join users.users on users.users.id = tastes.tastes.user_id
      where users.users."name" = '1' and tastes.tastes.deleted <> true
[10/22/2018 - 22:45:20::991] [INFO]: process.env.CONTENT_PATH = 
[10/22/2018 - 22:45:21::092] [INFO]: Executing (default): SELECT "id", "name", "path", "deleted", "createdAt", "updatedAt" FROM "tracks"."tracks" AS "tracks";
[10/22/2018 - 22:45:21::123] [INFO]: Executing (default): select 
        tracks.tracks."name"
        ,tracks.tracks."path"
    from tracks.tracks
      join tastes.tastes on tastes.tastes.track_id = tracks.tracks.id
      join users.users on users.users.id = tastes.tastes.user_id
      where users.users."name" = '1' and tastes.tastes.deleted <> true
[10/22/2018 - 22:46:18::188] [INFO]: process.env.CONTENT_PATH = 
[10/22/2018 - 22:46:18::282] [INFO]: Executing (default): SELECT "id", "name", "path", "deleted", "createdAt", "updatedAt" FROM "tracks"."tracks" AS "tracks";
[10/22/2018 - 22:46:18::338] [INFO]: Executing (default): select 
        tracks.tracks."name"
        ,tracks.tracks."path"
    from tracks.tracks
      join tastes.tastes on tastes.tastes.track_id = tracks.tracks.id
      join users.users on users.users.id = tastes.tastes.user_id
      where users.users."name" = '1' and tastes.tastes.deleted <> true
[10/22/2018 - 22:46:48::643] [INFO]: process.env.CONTENT_PATH = 
[10/22/2018 - 22:46:48::761] [INFO]: Executing (default): SELECT "id", "name", "path", "deleted", "createdAt", "updatedAt" FROM "tracks"."tracks" AS "tracks";
[10/22/2018 - 22:46:48::792] [INFO]: Executing (default): select 
        tracks.tracks."name"
        ,tracks.tracks."path"
    from tracks.tracks
      join tastes.tastes on tastes.tastes.track_id = tracks.tracks.id
      join users.users on users.users.id = tastes.tastes.user_id
      where users.users."name" = '1' and tastes.tastes.deleted <> true
[10/22/2018 - 22:50:32::887] [INFO]: process.env.CONTENT_PATH = 
[10/22/2018 - 22:50:32::944] [INFO]: Executing (default): SELECT "id", "name", "path", "deleted", "createdAt", "updatedAt" FROM "tracks"."tracks" AS "tracks";
[10/22/2018 - 22:50:33::118] [INFO]: Executing (default): select 
        tracks.tracks."name"
        ,tracks.tracks."path"
    from tracks.tracks
      join tastes.tastes on tastes.tastes.track_id = tracks.tracks.id
      join users.users on users.users.id = tastes.tastes.user_id
      where users.users."name" = '1' and tastes.tastes.deleted <> true
[10/22/2018 - 22:51:37::407] [INFO]: process.env.CONTENT_PATH = 
[10/22/2018 - 22:51:37::628] [INFO]: Executing (default): SELECT "id", "name", "path", "deleted", "createdAt", "updatedAt" FROM "tracks"."tracks" AS "tracks";
[10/22/2018 - 22:51:37::688] [INFO]: Executing (default): select 
        tracks.tracks."name"
        ,tracks.tracks."path"
    from tracks.tracks
      join tastes.tastes on tastes.tastes.track_id = tracks.tracks.id
      join users.users on users.users.id = tastes.tastes.user_id
      where users.users."name" = '1' and tastes.tastes.deleted <> true
[10/22/2018 - 22:58:21::653] [INFO]: process.env.CONTENT_PATH = 
[10/22/2018 - 22:58:21::828] [INFO]: Executing (default): SELECT "id", "name", "path", "deleted", "createdAt", "updatedAt" FROM "tracks"."tracks" AS "tracks";
[10/22/2018 - 22:58:21::895] [INFO]: Executing (default): select 
        tracks.tracks."name"
        ,tracks.tracks."path"
    from tracks.tracks
      join tastes.tastes on tastes.tastes.track_id = tracks.tracks.id
      join users.users on users.users.id = tastes.tastes.user_id
      where users.users."name" = '1' and tastes.tastes.deleted <> true
[10/22/2018 - 23:00:31::037] [INFO]: Executing (default): SELECT "id", "link", "descr", "user_id", "abstract", "deleted", "createdAt", "updatedAt" FROM "links"."links" AS "links";
[10/22/2018 - 23:00:31::769] [INFO]: process.env.CONTENT_PATH = 
[10/22/2018 - 23:00:31::813] [INFO]: Executing (default): SELECT "id", "name", "path", "deleted", "createdAt", "updatedAt" FROM "tracks"."tracks" AS "tracks";
[10/22/2018 - 23:00:31::859] [INFO]: Executing (default): select 
        tracks.tracks."name"
        ,tracks.tracks."path"
    from tracks.tracks
      join tastes.tastes on tastes.tastes.track_id = tracks.tracks.id
      join users.users on users.users.id = tastes.tastes.user_id
      where users.users."name" = '1' and tastes.tastes.deleted <> true
[10/22/2018 - 23:00:43::473] [INFO]: Executing (default): SELECT "id" FROM "tracks"."tracks" AS "tracks" WHERE "tracks"."name" = 'Minnesota - Curio - 03 Dark Crystal.mp3' LIMIT 1;
[10/22/2018 - 23:00:43::481] [INFO]: Executing (default): SELECT "id" FROM "users"."users" AS "users" WHERE "users"."name" = '1' LIMIT 1;
[10/22/2018 - 23:00:43::490] [INFO]: Executing (default): SELECT "user_id", "track_id", "deleted", "createdAt", "updatedAt" FROM "tastes"."tastes" AS "tastes" WHERE "tastes"."deleted" = false AND "tastes"."track_id" = 157 AND "tastes"."user_id" = 1;
[10/22/2018 - 23:01:04::958] [INFO]: Executing (default): SELECT "id", "name", "pwd", "role_id", "deleted", "createdAt", "updatedAt" FROM "users"."users" AS "users" WHERE "users"."name" = '1' AND "users"."pwd" = '1' LIMIT 1;
[10/22/2018 - 23:01:05::055] [INFO]: process.env.CONTENT_PATH = 
[10/22/2018 - 23:01:05::078] [INFO]: Executing (default): SELECT "id", "name", "path", "deleted", "createdAt", "updatedAt" FROM "tracks"."tracks" AS "tracks";
[10/22/2018 - 23:01:05::152] [INFO]: Executing (default): select 
        tracks.tracks."name"
        ,tracks.tracks."path"
    from tracks.tracks
      join tastes.tastes on tastes.tastes.track_id = tracks.tracks.id
      join users.users on users.users.id = tastes.tastes.user_id
      where users.users."name" = '1' and tastes.tastes.deleted <> true
[10/22/2018 - 23:01:10::611] [INFO]: Executing (default): SELECT "id" FROM "tracks"."tracks" AS "tracks" WHERE "tracks"."name" = 'Minnesota - Curio - 02 Technique.mp3' LIMIT 1;
[10/22/2018 - 23:01:10::618] [INFO]: Executing (default): SELECT "id" FROM "users"."users" AS "users" WHERE "users"."name" = '1' LIMIT 1;
[10/22/2018 - 23:01:10::626] [INFO]: Executing (default): SELECT "user_id", "track_id", "deleted", "createdAt", "updatedAt" FROM "tastes"."tastes" AS "tastes" WHERE "tastes"."deleted" = false AND "tastes"."track_id" = 156 AND "tastes"."user_id" = 1;
[10/22/2018 - 23:08:47::132] [INFO]: process.env.CONTENT_PATH = 
[10/22/2018 - 23:08:47::180] [INFO]: Executing (default): SELECT "id", "name", "path", "deleted", "createdAt", "updatedAt" FROM "tracks"."tracks" AS "tracks";
[10/22/2018 - 23:08:47::212] [INFO]: Executing (default): select 
        tracks.tracks."name"
        ,tracks.tracks."path"
    from tracks.tracks
      join tastes.tastes on tastes.tastes.track_id = tracks.tracks.id
      join users.users on users.users.id = tastes.tastes.user_id
      where users.users."name" = '1' and tastes.tastes.deleted <> true
[10/22/2018 - 23:14:08::898] [INFO]: process.env.CONTENT_PATH = 
[10/22/2018 - 23:14:09::021] [INFO]: Executing (default): SELECT "id", "name", "path", "deleted", "createdAt", "updatedAt" FROM "tracks"."tracks" AS "tracks";
[10/22/2018 - 23:14:09::070] [INFO]: Executing (default): select 
        tracks.tracks."name"
        ,tracks.tracks."path"
    from tracks.tracks
      join tastes.tastes on tastes.tastes.track_id = tracks.tracks.id
      join users.users on users.users.id = tastes.tastes.user_id
      where users.users."name" = '1' and tastes.tastes.deleted <> true
[10/22/2018 - 23:14:19::816] [INFO]: process.env.CONTENT_PATH = 
[10/22/2018 - 23:14:19::976] [INFO]: Executing (default): SELECT "id", "name", "path", "deleted", "createdAt", "updatedAt" FROM "tracks"."tracks" AS "tracks";
[10/22/2018 - 23:14:20::023] [INFO]: Executing (default): select 
        tracks.tracks."name"
        ,tracks.tracks."path"
    from tracks.tracks
      join tastes.tastes on tastes.tastes.track_id = tracks.tracks.id
      join users.users on users.users.id = tastes.tastes.user_id
      where users.users."name" = '1' and tastes.tastes.deleted <> true
[10/22/2018 - 23:14:37::757] [INFO]: Executing (default): SELECT "id", "name", "pwd", "role_id", "deleted", "createdAt", "updatedAt" FROM "users"."users" AS "users" WHERE "users"."name" = '1' AND "users"."pwd" = '1' LIMIT 1;
[10/22/2018 - 23:14:37::851] [INFO]: process.env.CONTENT_PATH = 
[10/22/2018 - 23:14:37::889] [INFO]: Executing (default): SELECT "id", "name", "path", "deleted", "createdAt", "updatedAt" FROM "tracks"."tracks" AS "tracks";
[10/22/2018 - 23:14:37::941] [INFO]: Executing (default): select 
        tracks.tracks."name"
        ,tracks.tracks."path"
    from tracks.tracks
      join tastes.tastes on tastes.tastes.track_id = tracks.tracks.id
      join users.users on users.users.id = tastes.tastes.user_id
      where users.users."name" = '1' and tastes.tastes.deleted <> true
[10/22/2018 - 23:15:05::353] [INFO]: process.env.CONTENT_PATH = 
[10/22/2018 - 23:15:05::384] [INFO]: Executing (default): SELECT "id", "name", "path", "deleted", "createdAt", "updatedAt" FROM "tracks"."tracks" AS "tracks";
[10/22/2018 - 23:15:05::410] [INFO]: Executing (default): select 
        tracks.tracks."name"
        ,tracks.tracks."path"
    from tracks.tracks
      join tastes.tastes on tastes.tastes.track_id = tracks.tracks.id
      join users.users on users.users.id = tastes.tastes.user_id
      where users.users."name" = '1' and tastes.tastes.deleted <> true
[10/22/2018 - 23:15:06::492] [INFO]: Executing (default): SELECT "id", "link", "descr", "user_id", "abstract", "deleted", "createdAt", "updatedAt" FROM "links"."links" AS "links";
[10/22/2018 - 23:15:07::823] [INFO]: process.env.CONTENT_PATH = 
[10/22/2018 - 23:15:07::844] [INFO]: Executing (default): SELECT "id", "name", "path", "deleted", "createdAt", "updatedAt" FROM "tracks"."tracks" AS "tracks";
[10/22/2018 - 23:15:07::878] [INFO]: Executing (default): select 
        tracks.tracks."name"
        ,tracks.tracks."path"
    from tracks.tracks
      join tastes.tastes on tastes.tastes.track_id = tracks.tracks.id
      join users.users on users.users.id = tastes.tastes.user_id
      where users.users."name" = '1' and tastes.tastes.deleted <> true
[10/22/2018 - 23:16:34::038] [INFO]: process.env.CONTENT_PATH = 
[10/22/2018 - 23:16:34::087] [INFO]: Executing (default): SELECT "id", "name", "path", "deleted", "createdAt", "updatedAt" FROM "tracks"."tracks" AS "tracks";
[10/22/2018 - 23:16:34::222] [INFO]: Executing (default): select 
        tracks.tracks."name"
        ,tracks.tracks."path"
    from tracks.tracks
      join tastes.tastes on tastes.tastes.track_id = tracks.tracks.id
      join users.users on users.users.id = tastes.tastes.user_id
      where users.users."name" = '1' and tastes.tastes.deleted <> true
[10/22/2018 - 23:16:53::361] [INFO]: process.env.CONTENT_PATH = 
[10/22/2018 - 23:16:53::474] [INFO]: Executing (default): SELECT "id", "name", "path", "deleted", "createdAt", "updatedAt" FROM "tracks"."tracks" AS "tracks";
[10/22/2018 - 23:16:53::513] [INFO]: Executing (default): select 
        tracks.tracks."name"
        ,tracks.tracks."path"
    from tracks.tracks
      join tastes.tastes on tastes.tastes.track_id = tracks.tracks.id
      join users.users on users.users.id = tastes.tastes.user_id
      where users.users."name" = '1' and tastes.tastes.deleted <> true
[10/22/2018 - 23:17:24::417] [INFO]: process.env.CONTENT_PATH = 
[10/22/2018 - 23:17:24::530] [INFO]: Executing (default): SELECT "id", "name", "path", "deleted", "createdAt", "updatedAt" FROM "tracks"."tracks" AS "tracks";
[10/22/2018 - 23:17:24::608] [INFO]: Executing (default): select 
        tracks.tracks."name"
        ,tracks.tracks."path"
    from tracks.tracks
      join tastes.tastes on tastes.tastes.track_id = tracks.tracks.id
      join users.users on users.users.id = tastes.tastes.user_id
      where users.users."name" = '1' and tastes.tastes.deleted <> true
[10/22/2018 - 23:17:27::853] [INFO]: Executing (default): SELECT "id" FROM "tracks"."tracks" AS "tracks" WHERE "tracks"."name" = 'Tripzy Leary, GDubz - Arrival - 01 Apocalypse Feat. Giometric.mp3' LIMIT 1;
[10/22/2018 - 23:17:27::857] [INFO]: Executing (default): SELECT "id" FROM "users"."users" AS "users" WHERE "users"."name" = '1' LIMIT 1;
[10/22/2018 - 23:17:27::862] [INFO]: Executing (default): SELECT "user_id", "track_id", "deleted", "createdAt", "updatedAt" FROM "tastes"."tastes" AS "tastes" WHERE "tastes"."deleted" = false AND "tastes"."track_id" = 160 AND "tastes"."user_id" = 1;
[10/22/2018 - 23:17:35::654] [INFO]: Executing (default): SELECT "id" FROM "tracks"."tracks" AS "tracks" WHERE "tracks"."name" = 'Alpaca - Scintillate for a Moment presented by STERN - 09 サヨナラ.mp3' LIMIT 1;
[10/22/2018 - 23:17:35::657] [INFO]: Executing (default): SELECT "id" FROM "users"."users" AS "users" WHERE "users"."name" = '1' LIMIT 1;
[10/22/2018 - 23:17:35::659] [INFO]: Executing (default): SELECT "user_id", "track_id", "deleted", "createdAt", "updatedAt" FROM "tastes"."tastes" AS "tastes" WHERE "tastes"."deleted" = false AND "tastes"."track_id" = 65 AND "tastes"."user_id" = 1;
[10/22/2018 - 23:18:11::600] [INFO]: process.env.CONTENT_PATH = 
[10/22/2018 - 23:18:11::713] [INFO]: Executing (default): SELECT "id", "name", "path", "deleted", "createdAt", "updatedAt" FROM "tracks"."tracks" AS "tracks";
[10/22/2018 - 23:18:11::770] [INFO]: Executing (default): select 
        tracks.tracks."name"
        ,tracks.tracks."path"
    from tracks.tracks
      join tastes.tastes on tastes.tastes.track_id = tracks.tracks.id
      join users.users on users.users.id = tastes.tastes.user_id
      where users.users."name" = '1' and tastes.tastes.deleted <> true
[10/22/2018 - 23:18:15::884] [INFO]: Executing (default): SELECT "id" FROM "tracks"."tracks" AS "tracks" WHERE "tracks"."name" = 'Tripzy Leary, GDubz - Arrival - 01 Apocalypse Feat. Giometric.mp3' LIMIT 1;
[10/22/2018 - 23:18:15::890] [INFO]: Executing (default): SELECT "id" FROM "users"."users" AS "users" WHERE "users"."name" = '1' LIMIT 1;
[10/22/2018 - 23:18:15::894] [INFO]: Executing (default): SELECT "user_id", "track_id", "deleted", "createdAt", "updatedAt" FROM "tastes"."tastes" AS "tastes" WHERE "tastes"."deleted" = false AND "tastes"."track_id" = 160 AND "tastes"."user_id" = 1;
[10/22/2018 - 23:18:17::226] [INFO]: Executing (default): SELECT "id" FROM "tracks"."tracks" AS "tracks" WHERE "tracks"."name" = 'Tripzy Leary, GDubz - Arrival - 03 Interdimensional.mp3' LIMIT 1;
[10/22/2018 - 23:18:17::240] [INFO]: Executing (default): SELECT "id" FROM "users"."users" AS "users" WHERE "users"."name" = '1' LIMIT 1;
[10/22/2018 - 23:18:17::243] [INFO]: Executing (default): SELECT "user_id", "track_id", "deleted", "createdAt", "updatedAt" FROM "tastes"."tastes" AS "tastes" WHERE "tastes"."deleted" = false AND "tastes"."track_id" = 162 AND "tastes"."user_id" = 1;
[10/22/2018 - 23:18:18::377] [INFO]: Executing (default): SELECT "id" FROM "tracks"."tracks" AS "tracks" WHERE "tracks"."name" = 'internetBoi - internetBoi Pure Imagination - 03 Elastic Heart.mp3' LIMIT 1;
[10/22/2018 - 23:18:18::382] [INFO]: Executing (default): SELECT "id" FROM "users"."users" AS "users" WHERE "users"."name" = '1' LIMIT 1;
[10/22/2018 - 23:18:18::386] [INFO]: Executing (default): SELECT "user_id", "track_id", "deleted", "createdAt", "updatedAt" FROM "tastes"."tastes" AS "tastes" WHERE "tastes"."deleted" = false AND "tastes"."track_id" = 122 AND "tastes"."user_id" = 1;
[10/22/2018 - 23:18:46::710] [INFO]: process.env.CONTENT_PATH = 
[10/22/2018 - 23:18:46::756] [INFO]: Executing (default): SELECT "id", "name", "path", "deleted", "createdAt", "updatedAt" FROM "tracks"."tracks" AS "tracks";
[10/22/2018 - 23:18:46::947] [INFO]: Executing (default): select 
        tracks.tracks."name"
        ,tracks.tracks."path"
    from tracks.tracks
      join tastes.tastes on tastes.tastes.track_id = tracks.tracks.id
      join users.users on users.users.id = tastes.tastes.user_id
      where users.users."name" = '1' and tastes.tastes.deleted <> true
[10/22/2018 - 23:19:00::770] [INFO]: Executing (default): SELECT "id" FROM "tracks"."tracks" AS "tracks" WHERE "tracks"."name" = 'FrankJavCee - Volume 2​.​123 Collection - 02 Take it Slow (feat. Marionismagical).mp3' LIMIT 1;
[10/22/2018 - 23:19:00::773] [INFO]: Executing (default): SELECT "id" FROM "users"."users" AS "users" WHERE "users"."name" = '1' LIMIT 1;
[10/22/2018 - 23:19:00::776] [INFO]: Executing (default): SELECT "user_id", "track_id", "deleted", "createdAt", "updatedAt" FROM "tastes"."tastes" AS "tastes" WHERE "tastes"."deleted" = false AND "tastes"."track_id" = 27 AND "tastes"."user_id" = 1;
[10/22/2018 - 23:21:16::034] [INFO]: Executing (default): SELECT "id" FROM "tracks"."tracks" AS "tracks" WHERE "tracks"."name" = 'FrankJavCee - Volume 2​.​123 Collection - 03 Adult Swim Bump #1.mp3' LIMIT 1;
[10/22/2018 - 23:21:16::039] [INFO]: Executing (default): SELECT "id" FROM "users"."users" AS "users" WHERE "users"."name" = '1' LIMIT 1;
[10/22/2018 - 23:21:16::135] [INFO]: Executing (default): SELECT "user_id", "track_id", "deleted", "createdAt", "updatedAt" FROM "tastes"."tastes" AS "tastes" WHERE "tastes"."deleted" = false AND "tastes"."track_id" = 28 AND "tastes"."user_id" = 1;
[10/22/2018 - 23:22:27::475] [INFO]: process.env.CONTENT_PATH = 
[10/22/2018 - 23:22:27::534] [INFO]: Executing (default): SELECT "id", "name", "path", "deleted", "createdAt", "updatedAt" FROM "tracks"."tracks" AS "tracks";
[10/22/2018 - 23:22:27::698] [INFO]: Executing (default): select 
        tracks.tracks."name"
        ,tracks.tracks."path"
    from tracks.tracks
      join tastes.tastes on tastes.tastes.track_id = tracks.tracks.id
      join users.users on users.users.id = tastes.tastes.user_id
      where users.users."name" = '1' and tastes.tastes.deleted <> true
[10/25/2018 - 22:10:26::135] [INFO]: Executing (default): SELECT "id", "name", "pwd", "role_id", "deleted", "createdAt", "updatedAt" FROM "users"."users" AS "users" WHERE "users"."name" = '1' AND "users"."pwd" = '1' LIMIT 1;
[10/25/2018 - 22:10:28::565] [INFO]: process.env.CONTENT_PATH = 
[10/25/2018 - 22:10:28::598] [INFO]: Executing (default): SELECT "id", "name", "path", "deleted", "createdAt", "updatedAt" FROM "tracks"."tracks" AS "tracks";
[10/25/2018 - 22:10:28::638] [INFO]: Executing (default): select 
        tracks.tracks."name"
        ,tracks.tracks."path"
    from tracks.tracks
      join tastes.tastes on tastes.tastes.track_id = tracks.tracks.id
      join users.users on users.users.id = tastes.tastes.user_id
      where users.users."name" = '1' and tastes.tastes.deleted <> true
[10/25/2018 - 22:11:37::355] [INFO]: process.env.CONTENT_PATH = 
[10/25/2018 - 22:11:37::557] [INFO]: Executing (default): SELECT "id", "name", "path", "deleted", "createdAt", "updatedAt" FROM "tracks"."tracks" AS "tracks";
[10/25/2018 - 22:11:37::606] [INFO]: Executing (default): select 
        tracks.tracks."name"
        ,tracks.tracks."path"
    from tracks.tracks
      join tastes.tastes on tastes.tastes.track_id = tracks.tracks.id
      join users.users on users.users.id = tastes.tastes.user_id
      where users.users."name" = '1' and tastes.tastes.deleted <> true
[10/25/2018 - 22:11:51::118] [INFO]: process.env.CONTENT_PATH = 
[10/25/2018 - 22:11:51::143] [INFO]: Executing (default): SELECT "id", "name", "path", "deleted", "createdAt", "updatedAt" FROM "tracks"."tracks" AS "tracks";
[10/25/2018 - 22:11:52::077] [INFO]: Executing (default): select 
        tracks.tracks."name"
        ,tracks.tracks."path"
    from tracks.tracks
      join tastes.tastes on tastes.tastes.track_id = tracks.tracks.id
      join users.users on users.users.id = tastes.tastes.user_id
      where users.users."name" = '1' and tastes.tastes.deleted <> true
[10/25/2018 - 22:12:27::532] [INFO]: process.env.CONTENT_PATH = 
[10/25/2018 - 22:12:27::647] [INFO]: Executing (default): SELECT "id", "name", "path", "deleted", "createdAt", "updatedAt" FROM "tracks"."tracks" AS "tracks";
[10/25/2018 - 22:12:27::693] [INFO]: Executing (default): select 
        tracks.tracks."name"
        ,tracks.tracks."path"
    from tracks.tracks
      join tastes.tastes on tastes.tastes.track_id = tracks.tracks.id
      join users.users on users.users.id = tastes.tastes.user_id
      where users.users."name" = '1' and tastes.tastes.deleted <> true
[10/25/2018 - 22:13:57::430] [INFO]: process.env.CONTENT_PATH = 
[10/25/2018 - 22:13:57::551] [INFO]: Executing (default): SELECT "id", "name", "path", "deleted", "createdAt", "updatedAt" FROM "tracks"."tracks" AS "tracks";
[10/25/2018 - 22:13:57::573] [INFO]: Executing (default): select 
        tracks.tracks."name"
        ,tracks.tracks."path"
    from tracks.tracks
      join tastes.tastes on tastes.tastes.track_id = tracks.tracks.id
      join users.users on users.users.id = tastes.tastes.user_id
      where users.users."name" = '1' and tastes.tastes.deleted <> true
[10/25/2018 - 22:14:24::388] [INFO]: process.env.CONTENT_PATH = 
[10/25/2018 - 22:14:24::451] [INFO]: Executing (default): SELECT "id", "name", "path", "deleted", "createdAt", "updatedAt" FROM "tracks"."tracks" AS "tracks";
[10/25/2018 - 22:14:24::483] [INFO]: Executing (default): select 
        tracks.tracks."name"
        ,tracks.tracks."path"
    from tracks.tracks
      join tastes.tastes on tastes.tastes.track_id = tracks.tracks.id
      join users.users on users.users.id = tastes.tastes.user_id
      where users.users."name" = '1' and tastes.tastes.deleted <> true
[10/25/2018 - 22:15:07::476] [INFO]: process.env.CONTENT_PATH = 
[10/25/2018 - 22:15:07::536] [INFO]: Executing (default): SELECT "id", "name", "path", "deleted", "createdAt", "updatedAt" FROM "tracks"."tracks" AS "tracks";
[10/25/2018 - 22:15:07::561] [INFO]: Executing (default): select 
        tracks.tracks."name"
        ,tracks.tracks."path"
    from tracks.tracks
      join tastes.tastes on tastes.tastes.track_id = tracks.tracks.id
      join users.users on users.users.id = tastes.tastes.user_id
      where users.users."name" = '1' and tastes.tastes.deleted <> true
[10/25/2018 - 22:18:23::691] [INFO]: process.env.CONTENT_PATH = 
[10/25/2018 - 22:18:23::734] [INFO]: Executing (default): SELECT "id", "name", "path", "deleted", "createdAt", "updatedAt" FROM "tracks"."tracks" AS "tracks";
[10/25/2018 - 22:18:23::774] [INFO]: Executing (default): select 
        tracks.tracks."name"
        ,tracks.tracks."path"
    from tracks.tracks
      join tastes.tastes on tastes.tastes.track_id = tracks.tracks.id
      join users.users on users.users.id = tastes.tastes.user_id
      where users.users."name" = '1' and tastes.tastes.deleted <> true
[10/25/2018 - 22:23:31::408] [INFO]: process.env.CONTENT_PATH = 
[10/25/2018 - 22:23:31::478] [INFO]: Executing (default): SELECT "id", "name", "path", "deleted", "createdAt", "updatedAt" FROM "tracks"."tracks" AS "tracks";
[10/25/2018 - 22:23:31::524] [INFO]: Executing (default): select 
        tracks.tracks."name"
        ,tracks.tracks."path"
    from tracks.tracks
      join tastes.tastes on tastes.tastes.track_id = tracks.tracks.id
      join users.users on users.users.id = tastes.tastes.user_id
      where users.users."name" = '1' and tastes.tastes.deleted <> true
[10/25/2018 - 22:26:35::440] [INFO]: process.env.CONTENT_PATH = 
[10/25/2018 - 22:26:35::511] [INFO]: Executing (default): SELECT "id", "name", "path", "deleted", "createdAt", "updatedAt" FROM "tracks"."tracks" AS "tracks";
[10/25/2018 - 22:26:35::579] [INFO]: Executing (default): select 
        tracks.tracks."name"
        ,tracks.tracks."path"
    from tracks.tracks
      join tastes.tastes on tastes.tastes.track_id = tracks.tracks.id
      join users.users on users.users.id = tastes.tastes.user_id
      where users.users."name" = '1' and tastes.tastes.deleted <> true
[10/25/2018 - 22:29:22::612] [INFO]: process.env.CONTENT_PATH = 
[10/25/2018 - 22:29:22::782] [INFO]: Executing (default): SELECT "id", "name", "path", "deleted", "createdAt", "updatedAt" FROM "tracks"."tracks" AS "tracks";
[10/25/2018 - 22:29:22::822] [INFO]: Executing (default): select 
        tracks.tracks."name"
        ,tracks.tracks."path"
    from tracks.tracks
      join tastes.tastes on tastes.tastes.track_id = tracks.tracks.id
      join users.users on users.users.id = tastes.tastes.user_id
      where users.users."name" = '1' and tastes.tastes.deleted <> true
[10/25/2018 - 22:29:40::982] [INFO]: process.env.CONTENT_PATH = 
[10/25/2018 - 22:29:41::110] [INFO]: Executing (default): SELECT "id", "name", "path", "deleted", "createdAt", "updatedAt" FROM "tracks"."tracks" AS "tracks";
[10/25/2018 - 22:29:41::164] [INFO]: Executing (default): select 
        tracks.tracks."name"
        ,tracks.tracks."path"
    from tracks.tracks
      join tastes.tastes on tastes.tastes.track_id = tracks.tracks.id
      join users.users on users.users.id = tastes.tastes.user_id
      where users.users."name" = '1' and tastes.tastes.deleted <> true
[10/25/2018 - 22:30:49::116] [INFO]: process.env.CONTENT_PATH = 
[10/25/2018 - 22:30:49::187] [INFO]: Executing (default): SELECT "id", "name", "path", "deleted", "createdAt", "updatedAt" FROM "tracks"."tracks" AS "tracks";
[10/25/2018 - 22:30:49::242] [INFO]: Executing (default): select 
        tracks.tracks."name"
        ,tracks.tracks."path"
    from tracks.tracks
      join tastes.tastes on tastes.tastes.track_id = tracks.tracks.id
      join users.users on users.users.id = tastes.tastes.user_id
      where users.users."name" = '1' and tastes.tastes.deleted <> true
[10/25/2018 - 22:32:10::858] [INFO]: process.env.CONTENT_PATH = 
[10/25/2018 - 22:32:11::002] [INFO]: Executing (default): SELECT "id", "name", "path", "deleted", "createdAt", "updatedAt" FROM "tracks"."tracks" AS "tracks";
[10/25/2018 - 22:32:11::028] [INFO]: Executing (default): select 
        tracks.tracks."name"
        ,tracks.tracks."path"
    from tracks.tracks
      join tastes.tastes on tastes.tastes.track_id = tracks.tracks.id
      join users.users on users.users.id = tastes.tastes.user_id
      where users.users."name" = '1' and tastes.tastes.deleted <> true
[10/25/2018 - 22:34:02::607] [INFO]: process.env.CONTENT_PATH = 
[10/25/2018 - 22:34:02::655] [INFO]: Executing (default): SELECT "id", "name", "path", "deleted", "createdAt", "updatedAt" FROM "tracks"."tracks" AS "tracks";
[10/25/2018 - 22:34:02::709] [INFO]: Executing (default): select 
        tracks.tracks."name"
        ,tracks.tracks."path"
    from tracks.tracks
      join tastes.tastes on tastes.tastes.track_id = tracks.tracks.id
      join users.users on users.users.id = tastes.tastes.user_id
      where users.users."name" = '1' and tastes.tastes.deleted <> true
[10/25/2018 - 22:34:53::400] [INFO]: process.env.CONTENT_PATH = 
[10/25/2018 - 22:34:53::462] [INFO]: Executing (default): SELECT "id", "name", "path", "deleted", "createdAt", "updatedAt" FROM "tracks"."tracks" AS "tracks";
[10/25/2018 - 22:34:53::499] [INFO]: Executing (default): select 
        tracks.tracks."name"
        ,tracks.tracks."path"
    from tracks.tracks
      join tastes.tastes on tastes.tastes.track_id = tracks.tracks.id
      join users.users on users.users.id = tastes.tastes.user_id
      where users.users."name" = '1' and tastes.tastes.deleted <> true
[10/25/2018 - 22:36:47::116] [INFO]: Executing (default): SELECT "id", "name", "pwd", "role_id", "deleted", "createdAt", "updatedAt" FROM "users"."users" AS "users" WHERE "users"."name" = '1' AND "users"."pwd" = '1' LIMIT 1;
[10/25/2018 - 22:37:09::945] [INFO]: process.env.CONTENT_PATH = 
[10/25/2018 - 22:37:09::973] [INFO]: Executing (default): SELECT "id", "name", "path", "deleted", "createdAt", "updatedAt" FROM "tracks"."tracks" AS "tracks";
[10/25/2018 - 22:37:10::005] [INFO]: Executing (default): select 
        tracks.tracks."name"
        ,tracks.tracks."path"
    from tracks.tracks
      join tastes.tastes on tastes.tastes.track_id = tracks.tracks.id
      join users.users on users.users.id = tastes.tastes.user_id
      where users.users."name" = '1' and tastes.tastes.deleted <> true
[10/25/2018 - 22:37:23::895] [INFO]: process.env.CONTENT_PATH = 
[10/25/2018 - 22:37:23::936] [INFO]: Executing (default): SELECT "id", "name", "path", "deleted", "createdAt", "updatedAt" FROM "tracks"."tracks" AS "tracks";
[10/25/2018 - 22:37:24::017] [INFO]: Executing (default): select 
        tracks.tracks."name"
        ,tracks.tracks."path"
    from tracks.tracks
      join tastes.tastes on tastes.tastes.track_id = tracks.tracks.id
      join users.users on users.users.id = tastes.tastes.user_id
      where users.users."name" = '1' and tastes.tastes.deleted <> true
[10/25/2018 - 22:43:51::958] [INFO]: process.env.CONTENT_PATH = 
[10/25/2018 - 22:43:52::020] [INFO]: Executing (default): SELECT "id", "name", "path", "deleted", "createdAt", "updatedAt" FROM "tracks"."tracks" AS "tracks";
[10/25/2018 - 22:43:52::047] [INFO]: Executing (default): select 
        tracks.tracks."name"
        ,tracks.tracks."path"
    from tracks.tracks
      join tastes.tastes on tastes.tastes.track_id = tracks.tracks.id
      join users.users on users.users.id = tastes.tastes.user_id
      where users.users."name" = '1' and tastes.tastes.deleted <> true
[10/25/2018 - 22:49:39::006] [INFO]: process.env.CONTENT_PATH = 
[10/25/2018 - 22:49:39::037] [INFO]: Executing (default): SELECT "id", "name", "path", "deleted", "createdAt", "updatedAt" FROM "tracks"."tracks" AS "tracks";
[10/25/2018 - 22:49:39::083] [INFO]: Executing (default): select 
        tracks.tracks."name"
        ,tracks.tracks."path"
    from tracks.tracks
      join tastes.tastes on tastes.tastes.track_id = tracks.tracks.id
      join users.users on users.users.id = tastes.tastes.user_id
      where users.users."name" = '1' and tastes.tastes.deleted <> true
[10/25/2018 - 22:58:00::337] [INFO]: process.env.CONTENT_PATH = 
[10/25/2018 - 22:58:00::392] [INFO]: Executing (default): SELECT "id", "name", "path", "deleted", "createdAt", "updatedAt" FROM "tracks"."tracks" AS "tracks";
[10/25/2018 - 22:58:00::477] [INFO]: Executing (default): select 
        tracks.tracks."name"
        ,tracks.tracks."path"
    from tracks.tracks
      join tastes.tastes on tastes.tastes.track_id = tracks.tracks.id
      join users.users on users.users.id = tastes.tastes.user_id
      where users.users."name" = '1' and tastes.tastes.deleted <> true
[10/25/2018 - 23:00:19::253] [INFO]: process.env.CONTENT_PATH = 
[10/25/2018 - 23:00:19::308] [INFO]: Executing (default): SELECT "id", "name", "path", "deleted", "createdAt", "updatedAt" FROM "tracks"."tracks" AS "tracks";
[10/25/2018 - 23:00:19::342] [INFO]: Executing (default): select 
        tracks.tracks."name"
        ,tracks.tracks."path"
    from tracks.tracks
      join tastes.tastes on tastes.tastes.track_id = tracks.tracks.id
      join users.users on users.users.id = tastes.tastes.user_id
      where users.users."name" = '1' and tastes.tastes.deleted <> true
[10/25/2018 - 23:05:48::916] [INFO]: process.env.CONTENT_PATH = 
[10/25/2018 - 23:05:49::077] [INFO]: Executing (default): SELECT "id", "name", "path", "deleted", "createdAt", "updatedAt" FROM "tracks"."tracks" AS "tracks";
[10/25/2018 - 23:05:49::116] [INFO]: Executing (default): select 
        tracks.tracks."name"
        ,tracks.tracks."path"
    from tracks.tracks
      join tastes.tastes on tastes.tastes.track_id = tracks.tracks.id
      join users.users on users.users.id = tastes.tastes.user_id
      where users.users."name" = '1' and tastes.tastes.deleted <> true
[10/25/2018 - 23:06:05::026] [INFO]: process.env.CONTENT_PATH = 
[10/25/2018 - 23:06:05::088] [INFO]: Executing (default): SELECT "id", "name", "path", "deleted", "createdAt", "updatedAt" FROM "tracks"."tracks" AS "tracks";
[10/25/2018 - 23:06:24::651] [INFO]: process.env.CONTENT_PATH = 
[10/25/2018 - 23:06:24::695] [INFO]: Executing (default): SELECT "id", "name", "path", "deleted", "createdAt", "updatedAt" FROM "tracks"."tracks" AS "tracks";
[10/25/2018 - 23:06:24::722] [INFO]: Executing (default): select 
        tracks.tracks."name"
        ,tracks.tracks."path"
    from tracks.tracks
      join tastes.tastes on tastes.tastes.track_id = tracks.tracks.id
      join users.users on users.users.id = tastes.tastes.user_id
      where users.users."name" = '1' and tastes.tastes.deleted <> true
[10/25/2018 - 23:09:01::941] [INFO]: process.env.CONTENT_PATH = 
[10/25/2018 - 23:09:01::971] [INFO]: Executing (default): SELECT "id", "name", "path", "deleted", "createdAt", "updatedAt" FROM "tracks"."tracks" AS "tracks";
[10/25/2018 - 23:09:02::003] [INFO]: Executing (default): select 
        tracks.tracks."name"
        ,tracks.tracks."path"
    from tracks.tracks
      join tastes.tastes on tastes.tastes.track_id = tracks.tracks.id
      join users.users on users.users.id = tastes.tastes.user_id
      where users.users."name" = '1' and tastes.tastes.deleted <> true
[10/25/2018 - 23:12:38::368] [INFO]: process.env.CONTENT_PATH = 
[10/25/2018 - 23:12:38::473] [INFO]: Executing (default): SELECT "id", "name", "path", "deleted", "createdAt", "updatedAt" FROM "tracks"."tracks" AS "tracks";
[10/25/2018 - 23:12:40::438] [INFO]: Executing (default): select 
        tracks.tracks."name"
        ,tracks.tracks."path"
    from tracks.tracks
      join tastes.tastes on tastes.tastes.track_id = tracks.tracks.id
      join users.users on users.users.id = tastes.tastes.user_id
      where users.users."name" = '1' and tastes.tastes.deleted <> true
[10/25/2018 - 23:13:40::949] [INFO]: process.env.CONTENT_PATH = 
[10/25/2018 - 23:13:41::066] [INFO]: Executing (default): SELECT "id", "name", "path", "deleted", "createdAt", "updatedAt" FROM "tracks"."tracks" AS "tracks";
[10/25/2018 - 23:13:41::198] [INFO]: Executing (default): select 
        tracks.tracks."name"
        ,tracks.tracks."path"
    from tracks.tracks
      join tastes.tastes on tastes.tastes.track_id = tracks.tracks.id
      join users.users on users.users.id = tastes.tastes.user_id
      where users.users."name" = '1' and tastes.tastes.deleted <> true
[10/27/2018 - 19:08:16::697] [INFO]: Executing (default): SELECT "id", "name", "pwd", "role_id", "deleted", "createdAt", "updatedAt" FROM "users"."users" AS "users" WHERE "users"."name" = '1' AND "users"."pwd" = '1' LIMIT 1;
[10/27/2018 - 19:08:27::577] [INFO]: process.env.CONTENT_PATH = 
[10/27/2018 - 19:08:27::628] [INFO]: Executing (default): SELECT "id", "name", "path", "deleted", "createdAt", "updatedAt" FROM "tracks"."tracks" AS "tracks";
[10/27/2018 - 19:08:27::673] [INFO]: Executing (default): select 
        tracks.tracks."name"
        ,tracks.tracks."path"
    from tracks.tracks
      join tastes.tastes on tastes.tastes.track_id = tracks.tracks.id
      join users.users on users.users.id = tastes.tastes.user_id
      where users.users."name" = '1' and tastes.tastes.deleted <> true
[10/27/2018 - 19:09:34::708] [INFO]: process.env.CONTENT_PATH = 
[10/27/2018 - 19:09:34::739] [INFO]: Executing (default): SELECT "id", "name", "path", "deleted", "createdAt", "updatedAt" FROM "tracks"."tracks" AS "tracks";
[10/27/2018 - 19:09:34::785] [INFO]: Executing (default): select 
        tracks.tracks."name"
        ,tracks.tracks."path"
    from tracks.tracks
      join tastes.tastes on tastes.tastes.track_id = tracks.tracks.id
      join users.users on users.users.id = tastes.tastes.user_id
      where users.users."name" = '1' and tastes.tastes.deleted <> true
[10/27/2018 - 19:10:20::556] [INFO]: Executing (default): SELECT "id" FROM "tracks"."tracks" AS "tracks" WHERE "tracks"."name" = 'Desired - Timeless - 02 Sunshine City.mp3' LIMIT 1;
[10/27/2018 - 19:10:20::560] [INFO]: Executing (default): SELECT "id" FROM "users"."users" AS "users" WHERE "users"."name" = '1' LIMIT 1;
[10/27/2018 - 19:10:20::563] [INFO]: Executing (default): SELECT "user_id", "track_id", "deleted", "createdAt", "updatedAt" FROM "tastes"."tastes" AS "tastes" WHERE "tastes"."deleted" = false AND "tastes"."track_id" = 15 AND "tastes"."user_id" = 1;
[10/27/2018 - 19:11:19::130] [INFO]: process.env.CONTENT_PATH = 
[10/27/2018 - 19:11:19::201] [INFO]: Executing (default): SELECT "id", "name", "path", "deleted", "createdAt", "updatedAt" FROM "tracks"."tracks" AS "tracks";
[10/27/2018 - 19:11:19::247] [INFO]: Executing (default): select 
        tracks.tracks."name"
        ,tracks.tracks."path"
    from tracks.tracks
      join tastes.tastes on tastes.tastes.track_id = tracks.tracks.id
      join users.users on users.users.id = tastes.tastes.user_id
      where users.users."name" = '1' and tastes.tastes.deleted <> true
[10/27/2018 - 19:15:00::561] [INFO]: process.env.CONTENT_PATH = 
[10/27/2018 - 19:15:00::593] [INFO]: Executing (default): SELECT "id", "name", "path", "deleted", "createdAt", "updatedAt" FROM "tracks"."tracks" AS "tracks";
[10/27/2018 - 19:15:00::659] [INFO]: Executing (default): select 
        tracks.tracks."name"
        ,tracks.tracks."path"
    from tracks.tracks
      join tastes.tastes on tastes.tastes.track_id = tracks.tracks.id
      join users.users on users.users.id = tastes.tastes.user_id
      where users.users."name" = '1' and tastes.tastes.deleted <> true
