[11/01/2018 - 12:51:20::769] [INFO]: [SEMPAI.HELP] Приложение запущено на порту: 4000
[11/01/2018 - 12:51:21::063] [INFO]: [SocketIO] Слушает на порту 4001
[11/01/2018 - 12:51:21::074] [INFO]: [Redis]: Повторное подключение
[11/01/2018 - 12:51:21::577] [INFO]: [Redis]: Повторное подключение
[11/01/2018 - 12:51:22::580] [INFO]: [Redis]: Повторное подключение
[11/01/2018 - 12:51:24::083] [INFO]: [Redis]: Повторное подключение
[11/01/2018 - 12:51:26::086] [INFO]: [Redis]: Повторное подключение
[11/01/2018 - 12:51:28::089] [INFO]: [Redis]: Повторное подключение
[11/01/2018 - 12:51:30::093] [INFO]: [Redis]: Повторное подключение
[11/01/2018 - 12:51:32::096] [INFO]: [Redis]: Повторное подключение
[11/01/2018 - 12:51:34::100] [INFO]: [Redis]: Повторное подключение
[11/01/2018 - 12:51:36::104] [INFO]: [Redis]: Повторное подключение
[11/01/2018 - 12:51:38::108] [INFO]: [Redis]: Повторное подключение
[11/01/2018 - 12:51:40::113] [INFO]: [Redis]: Повторное подключение
[11/01/2018 - 12:51:42::115] [INFO]: [Redis]: Повторное подключение
[11/01/2018 - 12:51:44::120] [INFO]: [Redis]: Повторное подключение
[11/01/2018 - 12:51:46::123] [INFO]: [Redis]: Повторное подключение
[11/01/2018 - 12:51:48::126] [INFO]: [Redis]: Повторное подключение
[11/01/2018 - 12:51:50::130] [INFO]: [Redis]: Повторное подключение
[11/01/2018 - 12:51:52::132] [INFO]: [Redis]: Повторное подключение
[11/01/2018 - 12:51:54::134] [INFO]: [Redis]: Повторное подключение
[11/01/2018 - 12:51:56::137] [INFO]: [Redis]: Повторное подключение
[11/01/2018 - 12:51:58::144] [INFO]: [Redis]: Успешное подключение
[11/01/2018 - 12:51:58::150] [INFO]: [Redis]: Готов к использованию
[11/01/2018 - 12:53:39::979] [INFO]: [SEMPAI.HELP] Приложение запущено на порту: 4000
[11/01/2018 - 12:53:40::191] [INFO]: [SocketIO] Слушает на порту 4001
[11/01/2018 - 12:53:40::201] [INFO]: [Redis]: Успешное подключение
[11/01/2018 - 12:53:40::206] [INFO]: [Redis]: Готов к использованию
[11/01/2018 - 12:53:40::251] [INFO]: Executing (default): SELECT 1+1 AS result
[11/01/2018 - 12:53:40::253] [INFO]: [Sequelize]: Успешное подключение к БД sempai под юзером sempai
[11/01/2018 - 12:53:40::281] [INFO]: Executing (default): CREATE SCHEMA IF NOT EXISTS links;
[11/01/2018 - 12:53:40::288] [INFO]: Executing (default): CREATE SCHEMA IF NOT EXISTS users;
[11/01/2018 - 12:53:40::289] [INFO]: Executing (default): CREATE SCHEMA IF NOT EXISTS tastes;
[11/01/2018 - 12:53:40::293] [INFO]: Executing (default): CREATE SCHEMA IF NOT EXISTS tracks;
[11/01/2018 - 12:53:40::295] [INFO]: Executing (default): CREATE TABLE IF NOT EXISTS "links"."links" ("id"  SERIAL UNIQUE , "link" VARCHAR(1000) NOT NULL, "descr" VARCHAR(4000) NOT NULL, "user_id" INTEGER NOT NULL, "abstract" VARCHAR(200) NOT NULL, "deleted" BOOLEAN DEFAULT 'false', "createdAt" TIMESTAMP WITH TIME ZONE NOT NULL, "updatedAt" TIMESTAMP WITH TIME ZONE NOT NULL, PRIMARY KEY ("id"));
[11/01/2018 - 12:53:40::300] [INFO]: Executing (default): SELECT i.relname AS name, ix.indisprimary AS primary, ix.indisunique AS unique, ix.indkey AS indkey, array_agg(a.attnum) as column_indexes, array_agg(a.attname) AS column_names, pg_get_indexdef(ix.indexrelid) AS definition FROM pg_class t, pg_class i, pg_index ix, pg_attribute a, pg_namespace s WHERE t.oid = ix.indrelid AND i.oid = ix.indexrelid AND a.attrelid = t.oid AND t.relkind = 'r' and t.relname = 'links' AND s.oid = t.relnamespace AND s.nspname = 'links' GROUP BY i.relname, ix.indexrelid, ix.indisprimary, ix.indisunique, ix.indkey ORDER BY i.relname;
[11/01/2018 - 12:53:40::317] [INFO]: Executing (default): CREATE TABLE IF NOT EXISTS "users"."users" ("id"  SERIAL UNIQUE , "name" VARCHAR(40) NOT NULL, "pwd" VARCHAR(40) NOT NULL, "role_id" INTEGER NOT NULL, "deleted" BOOLEAN DEFAULT 'false', "createdAt" TIMESTAMP WITH TIME ZONE NOT NULL, "updatedAt" TIMESTAMP WITH TIME ZONE NOT NULL, PRIMARY KEY ("id"));
[11/01/2018 - 12:53:40::318] [INFO]: Executing (default): SELECT i.relname AS name, ix.indisprimary AS primary, ix.indisunique AS unique, ix.indkey AS indkey, array_agg(a.attnum) as column_indexes, array_agg(a.attname) AS column_names, pg_get_indexdef(ix.indexrelid) AS definition FROM pg_class t, pg_class i, pg_index ix, pg_attribute a, pg_namespace s WHERE t.oid = ix.indrelid AND i.oid = ix.indexrelid AND a.attrelid = t.oid AND t.relkind = 'r' and t.relname = 'users' AND s.oid = t.relnamespace AND s.nspname = 'users' GROUP BY i.relname, ix.indexrelid, ix.indisprimary, ix.indisunique, ix.indkey ORDER BY i.relname;
[11/01/2018 - 12:53:40::326] [INFO]: Executing (default): CREATE TABLE IF NOT EXISTS "tracks"."tracks" ("id"  SERIAL UNIQUE , "name" VARCHAR(1024) NOT NULL, "path" VARCHAR(1024) NOT NULL, "uploader_id" INTEGER, "deleted" BOOLEAN DEFAULT 'false', "createdAt" TIMESTAMP WITH TIME ZONE NOT NULL, "updatedAt" TIMESTAMP WITH TIME ZONE NOT NULL, PRIMARY KEY ("id"));
[11/01/2018 - 12:53:40::328] [INFO]: Executing (default): SELECT i.relname AS name, ix.indisprimary AS primary, ix.indisunique AS unique, ix.indkey AS indkey, array_agg(a.attnum) as column_indexes, array_agg(a.attname) AS column_names, pg_get_indexdef(ix.indexrelid) AS definition FROM pg_class t, pg_class i, pg_index ix, pg_attribute a, pg_namespace s WHERE t.oid = ix.indrelid AND i.oid = ix.indexrelid AND a.attrelid = t.oid AND t.relkind = 'r' and t.relname = 'tracks' AND s.oid = t.relnamespace AND s.nspname = 'tracks' GROUP BY i.relname, ix.indexrelid, ix.indisprimary, ix.indisunique, ix.indkey ORDER BY i.relname;
[11/01/2018 - 12:53:40::334] [INFO]: Executing (default): CREATE TABLE IF NOT EXISTS "tastes"."tastes" ("user_id" INTEGER NOT NULL  REFERENCES "users"."users" ("id") ON DELETE NO ACTION ON UPDATE CASCADE, "track_id" INTEGER NOT NULL  REFERENCES "tracks"."tracks" ("id") ON DELETE NO ACTION ON UPDATE CASCADE, "deleted" BOOLEAN DEFAULT false, "createdAt" TIMESTAMP WITH TIME ZONE NOT NULL, "updatedAt" TIMESTAMP WITH TIME ZONE NOT NULL, PRIMARY KEY ("user_id","track_id"));
[11/01/2018 - 12:53:40::336] [INFO]: Executing (default): SELECT i.relname AS name, ix.indisprimary AS primary, ix.indisunique AS unique, ix.indkey AS indkey, array_agg(a.attnum) as column_indexes, array_agg(a.attname) AS column_names, pg_get_indexdef(ix.indexrelid) AS definition FROM pg_class t, pg_class i, pg_index ix, pg_attribute a, pg_namespace s WHERE t.oid = ix.indrelid AND i.oid = ix.indexrelid AND a.attrelid = t.oid AND t.relkind = 'r' and t.relname = 'tastes' AND s.oid = t.relnamespace AND s.nspname = 'tastes' GROUP BY i.relname, ix.indexrelid, ix.indisprimary, ix.indisunique, ix.indkey ORDER BY i.relname;
[11/01/2018 - 12:53:40::353] [INFO]: Executing (default): INSERT INTO "users"."users" ("id","name","pwd","role_id","deleted","createdAt","updatedAt") VALUES (DEFAULT,'1','1',1,false,'2018-11-01 09:53:40.345 +00:00','2018-11-01 09:53:40.345 +00:00') RETURNING *;
[11/01/2018 - 12:53:40::364] [INFO]: Executing (default): INSERT INTO "users"."users" ("id","name","pwd","role_id","deleted","createdAt","updatedAt") VALUES (DEFAULT,'2','2',1,false,'2018-11-01 09:53:40.361 +00:00','2018-11-01 09:53:40.361 +00:00') RETURNING *;
[11/01/2018 - 15:13:09::867] [INFO]: Executing (default): SELECT "id", "name", "pwd", "role_id", "deleted", "createdAt", "updatedAt" FROM "users"."users" AS "users" WHERE "users"."name" = '1' AND "users"."pwd" = '1' LIMIT 1;
[11/01/2018 - 15:34:36::419] [INFO]: [SEMPAI.HELP] Приложение запущено на порту: 4000
[11/01/2018 - 15:34:36::719] [INFO]: [SocketIO] Слушает на порту 4001
[11/01/2018 - 15:34:36::731] [INFO]: [Redis]: Успешное подключение
[11/01/2018 - 15:34:36::736] [INFO]: [Redis]: Готов к использованию
[11/01/2018 - 15:34:36::779] [INFO]: Executing (default): SELECT 1+1 AS result
[11/01/2018 - 15:34:36::781] [INFO]: [Sequelize]: Успешное подключение к БД sempai под юзером sempai
[11/01/2018 - 15:34:36::800] [INFO]: Executing (default): CREATE SCHEMA IF NOT EXISTS links;
[11/01/2018 - 15:34:36::807] [INFO]: Executing (default): CREATE SCHEMA IF NOT EXISTS users;
[11/01/2018 - 15:34:36::809] [INFO]: Executing (default): CREATE SCHEMA IF NOT EXISTS tastes;
[11/01/2018 - 15:34:36::812] [INFO]: Executing (default): CREATE SCHEMA IF NOT EXISTS tracks;
[11/01/2018 - 15:34:36::814] [INFO]: Executing (default): CREATE TABLE IF NOT EXISTS "links"."links" ("id"  SERIAL UNIQUE , "link" VARCHAR(1000) NOT NULL, "descr" VARCHAR(4000) NOT NULL, "user_id" INTEGER NOT NULL, "abstract" VARCHAR(200) NOT NULL, "deleted" BOOLEAN DEFAULT 'false', "createdAt" TIMESTAMP WITH TIME ZONE NOT NULL, "updatedAt" TIMESTAMP WITH TIME ZONE NOT NULL, PRIMARY KEY ("id"));
[11/01/2018 - 15:34:36::819] [INFO]: Executing (default): SELECT i.relname AS name, ix.indisprimary AS primary, ix.indisunique AS unique, ix.indkey AS indkey, array_agg(a.attnum) as column_indexes, array_agg(a.attname) AS column_names, pg_get_indexdef(ix.indexrelid) AS definition FROM pg_class t, pg_class i, pg_index ix, pg_attribute a, pg_namespace s WHERE t.oid = ix.indrelid AND i.oid = ix.indexrelid AND a.attrelid = t.oid AND t.relkind = 'r' and t.relname = 'links' AND s.oid = t.relnamespace AND s.nspname = 'links' GROUP BY i.relname, ix.indexrelid, ix.indisprimary, ix.indisunique, ix.indkey ORDER BY i.relname;
[11/01/2018 - 15:34:36::831] [INFO]: Executing (default): CREATE TABLE IF NOT EXISTS "users"."users" ("id"  SERIAL UNIQUE , "name" VARCHAR(40) NOT NULL, "pwd" VARCHAR(40) NOT NULL, "role_id" INTEGER NOT NULL, "deleted" BOOLEAN DEFAULT 'false', "createdAt" TIMESTAMP WITH TIME ZONE NOT NULL, "updatedAt" TIMESTAMP WITH TIME ZONE NOT NULL, PRIMARY KEY ("id"));
[11/01/2018 - 15:34:36::832] [INFO]: Executing (default): SELECT i.relname AS name, ix.indisprimary AS primary, ix.indisunique AS unique, ix.indkey AS indkey, array_agg(a.attnum) as column_indexes, array_agg(a.attname) AS column_names, pg_get_indexdef(ix.indexrelid) AS definition FROM pg_class t, pg_class i, pg_index ix, pg_attribute a, pg_namespace s WHERE t.oid = ix.indrelid AND i.oid = ix.indexrelid AND a.attrelid = t.oid AND t.relkind = 'r' and t.relname = 'users' AND s.oid = t.relnamespace AND s.nspname = 'users' GROUP BY i.relname, ix.indexrelid, ix.indisprimary, ix.indisunique, ix.indkey ORDER BY i.relname;
[11/01/2018 - 15:34:36::840] [INFO]: Executing (default): CREATE TABLE IF NOT EXISTS "tracks"."tracks" ("id"  SERIAL UNIQUE , "name" VARCHAR(1024) NOT NULL, "path" VARCHAR(1024) NOT NULL, "uploader_id" INTEGER, "deleted" BOOLEAN DEFAULT 'false', "createdAt" TIMESTAMP WITH TIME ZONE NOT NULL, "updatedAt" TIMESTAMP WITH TIME ZONE NOT NULL, PRIMARY KEY ("id"));
[11/01/2018 - 15:34:36::841] [INFO]: Executing (default): SELECT i.relname AS name, ix.indisprimary AS primary, ix.indisunique AS unique, ix.indkey AS indkey, array_agg(a.attnum) as column_indexes, array_agg(a.attname) AS column_names, pg_get_indexdef(ix.indexrelid) AS definition FROM pg_class t, pg_class i, pg_index ix, pg_attribute a, pg_namespace s WHERE t.oid = ix.indrelid AND i.oid = ix.indexrelid AND a.attrelid = t.oid AND t.relkind = 'r' and t.relname = 'tracks' AND s.oid = t.relnamespace AND s.nspname = 'tracks' GROUP BY i.relname, ix.indexrelid, ix.indisprimary, ix.indisunique, ix.indkey ORDER BY i.relname;
[11/01/2018 - 15:34:36::851] [INFO]: Executing (default): CREATE TABLE IF NOT EXISTS "tastes"."tastes" ("user_id" INTEGER NOT NULL  REFERENCES "users"."users" ("id") ON DELETE NO ACTION ON UPDATE CASCADE, "track_id" INTEGER NOT NULL  REFERENCES "tracks"."tracks" ("id") ON DELETE NO ACTION ON UPDATE CASCADE, "deleted" BOOLEAN DEFAULT false, "createdAt" TIMESTAMP WITH TIME ZONE NOT NULL, "updatedAt" TIMESTAMP WITH TIME ZONE NOT NULL, PRIMARY KEY ("user_id","track_id"));
[11/01/2018 - 15:34:36::852] [INFO]: Executing (default): SELECT i.relname AS name, ix.indisprimary AS primary, ix.indisunique AS unique, ix.indkey AS indkey, array_agg(a.attnum) as column_indexes, array_agg(a.attname) AS column_names, pg_get_indexdef(ix.indexrelid) AS definition FROM pg_class t, pg_class i, pg_index ix, pg_attribute a, pg_namespace s WHERE t.oid = ix.indrelid AND i.oid = ix.indexrelid AND a.attrelid = t.oid AND t.relkind = 'r' and t.relname = 'tastes' AND s.oid = t.relnamespace AND s.nspname = 'tastes' GROUP BY i.relname, ix.indexrelid, ix.indisprimary, ix.indisunique, ix.indkey ORDER BY i.relname;
[11/01/2018 - 15:34:36::865] [INFO]: Executing (default): INSERT INTO "users"."users" ("id","name","pwd","role_id","deleted","createdAt","updatedAt") VALUES (DEFAULT,'1','1',1,false,'2018-11-01 12:34:36.858 +00:00','2018-11-01 12:34:36.858 +00:00') RETURNING *;
[11/01/2018 - 15:34:36::872] [INFO]: Executing (default): INSERT INTO "users"."users" ("id","name","pwd","role_id","deleted","createdAt","updatedAt") VALUES (DEFAULT,'2','2',1,false,'2018-11-01 12:34:36.869 +00:00','2018-11-01 12:34:36.869 +00:00') RETURNING *;
[11/01/2018 - 15:34:41::288] [INFO]: Успешное прохождение авторизации при подключении к сокету
[11/01/2018 - 15:34:41::290] [INFO]: User connected
[11/01/2018 - 15:34:51::414] [INFO]: Успешное прохождение авторизации при подключении к сокету
[11/01/2018 - 15:34:51::416] [INFO]: User connected
[11/01/2018 - 15:34:52::020] [INFO]: Успешное прохождение авторизации при подключении к сокету
[11/01/2018 - 15:34:52::021] [INFO]: User connected
[11/01/2018 - 15:34:52::752] [INFO]: Успешное прохождение авторизации при подключении к сокету
[11/01/2018 - 15:34:52::753] [INFO]: User connected
[11/01/2018 - 15:34:53::881] [INFO]: Успешное прохождение авторизации при подключении к сокету
[11/01/2018 - 15:34:53::882] [INFO]: User connected
[11/01/2018 - 15:36:48::435] [INFO]: user disconnected
[11/01/2018 - 15:36:48::437] [INFO]: user disconnected
[11/01/2018 - 15:36:48::438] [INFO]: user disconnected
[11/01/2018 - 15:36:48::440] [INFO]: user disconnected
[11/01/2018 - 15:36:48::441] [INFO]: user disconnected
[11/01/2018 - 15:36:51::085] [INFO]: process.env.CONTENT_PATH = 
[11/01/2018 - 15:36:52::036] [INFO]: Успешное прохождение авторизации при подключении к сокету
[11/01/2018 - 15:36:52::065] [INFO]: User connected
[11/01/2018 - 15:36:52::077] [INFO]: Executing (default): SELECT "id", "name", "path", "uploader_id", "deleted", "createdAt", "updatedAt" FROM "tracks"."tracks" AS "tracks";
[11/01/2018 - 15:37:57::931] [INFO]: user disconnected
[11/01/2018 - 15:38:00::267] [INFO]: process.env.CONTENT_PATH = 
[11/01/2018 - 15:38:00::333] [INFO]: Успешное прохождение авторизации при подключении к сокету
[11/01/2018 - 15:38:00::334] [INFO]: User connected
[11/01/2018 - 15:38:00::341] [INFO]: Executing (default): SELECT "id", "name", "path", "uploader_id", "deleted", "createdAt", "updatedAt" FROM "tracks"."tracks" AS "tracks";
[11/01/2018 - 15:38:00::438] [INFO]: Executing (default): select 
        tracks.tracks."name"
        ,tracks.tracks."path"
    from tracks.tracks
      join tastes.tastes on tastes.tastes.track_id = tracks.tracks.id
      join users.users on users.users.id = tastes.tastes.user_id
      where users.users."name" = '1' and tastes.tastes.deleted <> true
[11/01/2018 - 15:38:00::486] [INFO]: Executing (default): SELECT "id" FROM "users"."users" AS "users" WHERE "users"."name" = '1' LIMIT 1;
[11/01/2018 - 15:38:00::493] [INFO]: Executing (default): SELECT "id", "name", "path", "uploader_id", "deleted", "createdAt", "updatedAt" FROM "tracks"."tracks" AS "tracks" WHERE "tracks"."deleted" = false AND "tracks"."uploader_id" = 1;
[11/01/2018 - 15:43:29::097] [INFO]: user disconnected
[11/01/2018 - 15:43:31::691] [INFO]: Успешное прохождение авторизации при подключении к сокету
[11/01/2018 - 15:43:31::691] [INFO]: User connected
[11/01/2018 - 15:43:31::706] [INFO]: process.env.CONTENT_PATH = 
[11/01/2018 - 15:43:31::791] [INFO]: Executing (default): SELECT "id", "name", "path", "uploader_id", "deleted", "createdAt", "updatedAt" FROM "tracks"."tracks" AS "tracks";
[11/01/2018 - 15:43:31::976] [INFO]: Executing (default): select 
        tracks.tracks."name"
        ,tracks.tracks."path"
    from tracks.tracks
      join tastes.tastes on tastes.tastes.track_id = tracks.tracks.id
      join users.users on users.users.id = tastes.tastes.user_id
      where users.users."name" = '1' and tastes.tastes.deleted <> true
[11/01/2018 - 15:43:32::039] [INFO]: Executing (default): SELECT "id" FROM "users"."users" AS "users" WHERE "users"."name" = '1' LIMIT 1;
[11/01/2018 - 15:43:32::046] [INFO]: Executing (default): SELECT "id", "name", "path", "uploader_id", "deleted", "createdAt", "updatedAt" FROM "tracks"."tracks" AS "tracks" WHERE "tracks"."deleted" = false AND "tracks"."uploader_id" = 1;
[11/01/2018 - 15:45:29::688] [INFO]: user disconnected
[11/01/2018 - 15:45:32::914] [INFO]: Успешное прохождение авторизации при подключении к сокету
[11/01/2018 - 15:45:32::915] [INFO]: User connected
[11/01/2018 - 15:45:32::927] [INFO]: process.env.CONTENT_PATH = 
[11/01/2018 - 15:45:33::026] [INFO]: Executing (default): SELECT "id", "name", "path", "uploader_id", "deleted", "createdAt", "updatedAt" FROM "tracks"."tracks" AS "tracks";
[11/01/2018 - 15:45:33::080] [INFO]: Executing (default): select 
        tracks.tracks."name"
        ,tracks.tracks."path"
    from tracks.tracks
      join tastes.tastes on tastes.tastes.track_id = tracks.tracks.id
      join users.users on users.users.id = tastes.tastes.user_id
      where users.users."name" = '1' and tastes.tastes.deleted <> true
[11/01/2018 - 15:45:33::104] [INFO]: Executing (default): SELECT "id" FROM "users"."users" AS "users" WHERE "users"."name" = '1' LIMIT 1;
[11/01/2018 - 15:45:33::116] [INFO]: Executing (default): SELECT "id", "name", "path", "uploader_id", "deleted", "createdAt", "updatedAt" FROM "tracks"."tracks" AS "tracks" WHERE "tracks"."deleted" = false AND "tracks"."uploader_id" = 1;
[11/01/2018 - 15:53:22::702] [INFO]: user disconnected
[11/01/2018 - 15:53:25::262] [INFO]: process.env.CONTENT_PATH = 
[11/01/2018 - 15:53:25::325] [INFO]: Успешное прохождение авторизации при подключении к сокету
[11/01/2018 - 15:53:25::327] [INFO]: User connected
[11/01/2018 - 15:53:25::394] [INFO]: Executing (default): SELECT "id", "name", "path", "uploader_id", "deleted", "createdAt", "updatedAt" FROM "tracks"."tracks" AS "tracks";
[11/01/2018 - 15:53:25::450] [INFO]: Executing (default): select 
        tracks.tracks."name"
        ,tracks.tracks."path"
    from tracks.tracks
      join tastes.tastes on tastes.tastes.track_id = tracks.tracks.id
      join users.users on users.users.id = tastes.tastes.user_id
      where users.users."name" = '1' and tastes.tastes.deleted <> true
[11/01/2018 - 15:53:25::498] [INFO]: Executing (default): SELECT "id" FROM "users"."users" AS "users" WHERE "users"."name" = '1' LIMIT 1;
[11/01/2018 - 15:53:25::512] [INFO]: Executing (default): SELECT "id", "name", "path", "uploader_id", "deleted", "createdAt", "updatedAt" FROM "tracks"."tracks" AS "tracks" WHERE "tracks"."deleted" = false AND "tracks"."uploader_id" = 1;
[11/01/2018 - 16:00:14::268] [INFO]: user disconnected
[11/01/2018 - 16:00:16::257] [INFO]: process.env.CONTENT_PATH = 
[11/01/2018 - 16:00:16::322] [INFO]: Успешное прохождение авторизации при подключении к сокету
[11/01/2018 - 16:00:16::323] [INFO]: User connected
[11/01/2018 - 16:00:16::372] [INFO]: Executing (default): SELECT "id", "name", "path", "uploader_id", "deleted", "createdAt", "updatedAt" FROM "tracks"."tracks" AS "tracks";
[11/01/2018 - 16:00:16::421] [INFO]: Executing (default): select 
        tracks.tracks."name"
        ,tracks.tracks."path"
    from tracks.tracks
      join tastes.tastes on tastes.tastes.track_id = tracks.tracks.id
      join users.users on users.users.id = tastes.tastes.user_id
      where users.users."name" = '1' and tastes.tastes.deleted <> true
[11/01/2018 - 16:00:16::434] [INFO]: Executing (default): SELECT "id" FROM "users"."users" AS "users" WHERE "users"."name" = '1' LIMIT 1;
[11/01/2018 - 16:00:16::438] [INFO]: Executing (default): SELECT "id", "name", "path", "uploader_id", "deleted", "createdAt", "updatedAt" FROM "tracks"."tracks" AS "tracks" WHERE "tracks"."deleted" = false AND "tracks"."uploader_id" = 1;
[11/01/2018 - 16:04:40::117] [INFO]: user disconnected
[11/01/2018 - 16:06:52::633] [INFO]: Успешное прохождение авторизации при подключении к сокету
[11/01/2018 - 16:06:52::634] [INFO]: User connected
[11/01/2018 - 16:06:52::647] [INFO]: process.env.CONTENT_PATH = 
[11/01/2018 - 16:06:52::719] [INFO]: Executing (default): SELECT "id", "name", "path", "uploader_id", "deleted", "createdAt", "updatedAt" FROM "tracks"."tracks" AS "tracks";
[11/01/2018 - 16:06:52::825] [INFO]: Executing (default): select 
        tracks.tracks."name"
        ,tracks.tracks."path"
    from tracks.tracks
      join tastes.tastes on tastes.tastes.track_id = tracks.tracks.id
      join users.users on users.users.id = tastes.tastes.user_id
      where users.users."name" = '1' and tastes.tastes.deleted <> true
[11/01/2018 - 16:06:52::836] [INFO]: Executing (default): SELECT "id" FROM "users"."users" AS "users" WHERE "users"."name" = '1' LIMIT 1;
[11/01/2018 - 16:06:52::839] [INFO]: Executing (default): SELECT "id", "name", "path", "uploader_id", "deleted", "createdAt", "updatedAt" FROM "tracks"."tracks" AS "tracks" WHERE "tracks"."deleted" = false AND "tracks"."uploader_id" = 1;
[11/01/2018 - 16:06:55::949] [INFO]: Executing (default): SELECT "id", "name", "pwd", "role_id", "deleted", "createdAt", "updatedAt" FROM "users"."users" AS "users" WHERE "users"."name" = '1' AND "users"."pwd" = '1' LIMIT 1;
[11/01/2018 - 16:08:07::513] [INFO]: Успешное прохождение авторизации при подключении к сокету
[11/01/2018 - 16:08:07::515] [INFO]: User connected
[11/01/2018 - 16:08:07::517] [INFO]: process.env.CONTENT_PATH = 
[11/01/2018 - 16:08:07::573] [INFO]: Executing (default): SELECT "id", "name", "path", "uploader_id", "deleted", "createdAt", "updatedAt" FROM "tracks"."tracks" AS "tracks";
[11/01/2018 - 16:08:07::600] [INFO]: Executing (default): select 
        tracks.tracks."name"
        ,tracks.tracks."path"
    from tracks.tracks
      join tastes.tastes on tastes.tastes.track_id = tracks.tracks.id
      join users.users on users.users.id = tastes.tastes.user_id
      where users.users."name" = '1' and tastes.tastes.deleted <> true
[11/01/2018 - 16:08:07::615] [INFO]: Executing (default): SELECT "id" FROM "users"."users" AS "users" WHERE "users"."name" = '1' LIMIT 1;
[11/01/2018 - 16:08:07::619] [INFO]: Executing (default): SELECT "id", "name", "path", "uploader_id", "deleted", "createdAt", "updatedAt" FROM "tracks"."tracks" AS "tracks" WHERE "tracks"."deleted" = false AND "tracks"."uploader_id" = 1;
[11/01/2018 - 16:08:13::382] [INFO]: aa.zip UPLOADED: 671004 из 671004
[11/01/2018 - 16:08:13::547] [INFO]: Успешно распакован файл stack.yml
[11/01/2018 - 16:08:13::555] [INFO]: Успешно распакован файл tenor.gif
[11/01/2018 - 16:08:13::555] [INFO]: При распаковке tenor.gif будет загружен на диск
[11/01/2018 - 16:08:13::573] [INFO]: Распаковка архива /media/bozdo/Новый том1/music/CASUAL/aa.zip успешно завершена
[11/01/2018 - 16:08:13::578] [INFO]: Executing (default): SELECT "id" FROM "users"."users" AS "users" WHERE "users"."name" = '1' LIMIT 1;
[11/01/2018 - 16:08:13::578] [INFO]: Успешное удаление буферного архива /media/bozdo/Новый том1/music/CASUAL/aa.zip
[11/01/2018 - 16:08:13::585] [INFO]: Executing (default): INSERT INTO "tracks"."tracks" ("id","name","path","uploader_id","deleted","createdAt","updatedAt") VALUES (DEFAULT,'tenor.gif','/media/bozdo/Новый том1/music/CASUAL/aa/tenor.gif',1,false,'2018-11-01 13:08:13.580 +00:00','2018-11-01 13:08:13.580 +00:00');
[11/01/2018 - 16:08:25::622] [INFO]: aa.zip UPLOADED: 671004 из 671004
[11/01/2018 - 16:08:25::748] [INFO]: Успешно распакован файл stack.yml
[11/01/2018 - 16:08:25::751] [INFO]: Успешно распакован файл tenor.gif
[11/01/2018 - 16:08:25::752] [INFO]: При распаковке tenor.gif будет загружен на диск
[11/01/2018 - 16:08:25::775] [INFO]: Распаковка архива /media/bozdo/Новый том1/music/CASUAL/aa.zip успешно завершена
[11/01/2018 - 16:08:25::778] [INFO]: Успешное удаление буферного архива /media/bozdo/Новый том1/music/CASUAL/aa.zip
[11/01/2018 - 16:08:25::789] [INFO]: Executing (default): SELECT "id" FROM "users"."users" AS "users" WHERE "users"."name" = '1' LIMIT 1;
[11/01/2018 - 16:08:25::794] [INFO]: Executing (default): INSERT INTO "tracks"."tracks" ("id","name","path","uploader_id","deleted","createdAt","updatedAt") VALUES (DEFAULT,'tenor.gif','/media/bozdo/Новый том1/music/CASUAL/aa/tenor.gif',1,false,'2018-11-01 13:08:25.791 +00:00','2018-11-01 13:08:25.791 +00:00');
[11/01/2018 - 16:08:32::311] [INFO]: aa.zip UPLOADED: 671004 из 671004
[11/01/2018 - 16:08:32::445] [INFO]: Успешно распакован файл stack.yml
[11/01/2018 - 16:08:32::448] [INFO]: Успешно распакован файл tenor.gif
[11/01/2018 - 16:08:32::448] [INFO]: При распаковке tenor.gif будет загружен на диск
[11/01/2018 - 16:08:32::464] [INFO]: Распаковка архива /media/bozdo/Новый том1/music/DUBSTEP/aa.zip успешно завершена
[11/01/2018 - 16:08:32::469] [INFO]: Успешное удаление буферного архива /media/bozdo/Новый том1/music/DUBSTEP/aa.zip
[11/01/2018 - 16:08:32::472] [INFO]: Executing (default): SELECT "id" FROM "users"."users" AS "users" WHERE "users"."name" = '1' LIMIT 1;
[11/01/2018 - 16:08:32::477] [INFO]: Executing (default): INSERT INTO "tracks"."tracks" ("id","name","path","uploader_id","deleted","createdAt","updatedAt") VALUES (DEFAULT,'tenor.gif','/media/bozdo/Новый том1/music/DUBSTEP/aa/tenor.gif',1,false,'2018-11-01 13:08:32.474 +00:00','2018-11-01 13:08:32.474 +00:00');
[11/01/2018 - 16:10:48::864] [INFO]: aa.zip UPLOADED: 671004 из 671004
[11/01/2018 - 16:10:49::031] [INFO]: Успешно распакован файл stack.yml
[11/01/2018 - 16:10:49::036] [INFO]: Успешно распакован файл tenor.gif
[11/01/2018 - 16:10:49::036] [INFO]: При распаковке tenor.gif будет загружен на диск
[11/01/2018 - 16:11:21::649] [INFO]: user disconnected
[11/01/2018 - 16:11:22::089] [INFO]: user disconnected
[11/01/2018 - 16:12:03::643] [INFO]: [SEMPAI.HELP] Приложение запущено на порту: 4000
[11/01/2018 - 16:12:03::861] [INFO]: [SocketIO] Слушает на порту 4001
[11/01/2018 - 16:12:03::872] [INFO]: [Redis]: Успешное подключение
[11/01/2018 - 16:12:03::876] [INFO]: [Redis]: Готов к использованию
[11/01/2018 - 16:12:03::905] [INFO]: Executing (default): SELECT 1+1 AS result
[11/01/2018 - 16:12:03::907] [INFO]: [Sequelize]: Успешное подключение к БД sempai под юзером sempai
[11/01/2018 - 16:12:03::933] [INFO]: Executing (default): CREATE SCHEMA IF NOT EXISTS links;
[11/01/2018 - 16:12:03::943] [INFO]: Executing (default): CREATE SCHEMA IF NOT EXISTS users;
[11/01/2018 - 16:12:03::945] [INFO]: Executing (default): CREATE SCHEMA IF NOT EXISTS tastes;
[11/01/2018 - 16:12:03::947] [INFO]: Executing (default): CREATE SCHEMA IF NOT EXISTS tracks;
[11/01/2018 - 16:12:03::949] [INFO]: Executing (default): CREATE TABLE IF NOT EXISTS "links"."links" ("id"  SERIAL UNIQUE , "link" VARCHAR(1000) NOT NULL, "descr" VARCHAR(4000) NOT NULL, "user_id" INTEGER NOT NULL, "abstract" VARCHAR(200) NOT NULL, "deleted" BOOLEAN DEFAULT 'false', "createdAt" TIMESTAMP WITH TIME ZONE NOT NULL, "updatedAt" TIMESTAMP WITH TIME ZONE NOT NULL, PRIMARY KEY ("id"));
[11/01/2018 - 16:12:03::953] [INFO]: Executing (default): SELECT i.relname AS name, ix.indisprimary AS primary, ix.indisunique AS unique, ix.indkey AS indkey, array_agg(a.attnum) as column_indexes, array_agg(a.attname) AS column_names, pg_get_indexdef(ix.indexrelid) AS definition FROM pg_class t, pg_class i, pg_index ix, pg_attribute a, pg_namespace s WHERE t.oid = ix.indrelid AND i.oid = ix.indexrelid AND a.attrelid = t.oid AND t.relkind = 'r' and t.relname = 'links' AND s.oid = t.relnamespace AND s.nspname = 'links' GROUP BY i.relname, ix.indexrelid, ix.indisprimary, ix.indisunique, ix.indkey ORDER BY i.relname;
[11/01/2018 - 16:12:03::968] [INFO]: Executing (default): CREATE TABLE IF NOT EXISTS "users"."users" ("id"  SERIAL UNIQUE , "name" VARCHAR(40) NOT NULL, "pwd" VARCHAR(40) NOT NULL, "role_id" INTEGER NOT NULL, "deleted" BOOLEAN DEFAULT 'false', "createdAt" TIMESTAMP WITH TIME ZONE NOT NULL, "updatedAt" TIMESTAMP WITH TIME ZONE NOT NULL, PRIMARY KEY ("id"));
[11/01/2018 - 16:12:03::970] [INFO]: Executing (default): SELECT i.relname AS name, ix.indisprimary AS primary, ix.indisunique AS unique, ix.indkey AS indkey, array_agg(a.attnum) as column_indexes, array_agg(a.attname) AS column_names, pg_get_indexdef(ix.indexrelid) AS definition FROM pg_class t, pg_class i, pg_index ix, pg_attribute a, pg_namespace s WHERE t.oid = ix.indrelid AND i.oid = ix.indexrelid AND a.attrelid = t.oid AND t.relkind = 'r' and t.relname = 'users' AND s.oid = t.relnamespace AND s.nspname = 'users' GROUP BY i.relname, ix.indexrelid, ix.indisprimary, ix.indisunique, ix.indkey ORDER BY i.relname;
[11/01/2018 - 16:12:03::983] [INFO]: Executing (default): CREATE TABLE IF NOT EXISTS "tracks"."tracks" ("id"  SERIAL UNIQUE , "name" VARCHAR(1024) NOT NULL, "path" VARCHAR(1024) NOT NULL, "uploader_id" INTEGER, "deleted" BOOLEAN DEFAULT 'false', "createdAt" TIMESTAMP WITH TIME ZONE NOT NULL, "updatedAt" TIMESTAMP WITH TIME ZONE NOT NULL, PRIMARY KEY ("id"));
[11/01/2018 - 16:12:03::986] [INFO]: Executing (default): SELECT i.relname AS name, ix.indisprimary AS primary, ix.indisunique AS unique, ix.indkey AS indkey, array_agg(a.attnum) as column_indexes, array_agg(a.attname) AS column_names, pg_get_indexdef(ix.indexrelid) AS definition FROM pg_class t, pg_class i, pg_index ix, pg_attribute a, pg_namespace s WHERE t.oid = ix.indrelid AND i.oid = ix.indexrelid AND a.attrelid = t.oid AND t.relkind = 'r' and t.relname = 'tracks' AND s.oid = t.relnamespace AND s.nspname = 'tracks' GROUP BY i.relname, ix.indexrelid, ix.indisprimary, ix.indisunique, ix.indkey ORDER BY i.relname;
[11/01/2018 - 16:12:03::996] [INFO]: Executing (default): CREATE TABLE IF NOT EXISTS "tastes"."tastes" ("user_id" INTEGER NOT NULL  REFERENCES "users"."users" ("id") ON DELETE NO ACTION ON UPDATE CASCADE, "track_id" INTEGER NOT NULL  REFERENCES "tracks"."tracks" ("id") ON DELETE NO ACTION ON UPDATE CASCADE, "deleted" BOOLEAN DEFAULT false, "createdAt" TIMESTAMP WITH TIME ZONE NOT NULL, "updatedAt" TIMESTAMP WITH TIME ZONE NOT NULL, PRIMARY KEY ("user_id","track_id"));
[11/01/2018 - 16:12:03::997] [INFO]: Executing (default): SELECT i.relname AS name, ix.indisprimary AS primary, ix.indisunique AS unique, ix.indkey AS indkey, array_agg(a.attnum) as column_indexes, array_agg(a.attname) AS column_names, pg_get_indexdef(ix.indexrelid) AS definition FROM pg_class t, pg_class i, pg_index ix, pg_attribute a, pg_namespace s WHERE t.oid = ix.indrelid AND i.oid = ix.indexrelid AND a.attrelid = t.oid AND t.relkind = 'r' and t.relname = 'tastes' AND s.oid = t.relnamespace AND s.nspname = 'tastes' GROUP BY i.relname, ix.indexrelid, ix.indisprimary, ix.indisunique, ix.indkey ORDER BY i.relname;
[11/01/2018 - 16:12:04::024] [INFO]: Executing (default): INSERT INTO "users"."users" ("id","name","pwd","role_id","deleted","createdAt","updatedAt") VALUES (DEFAULT,'1','1',1,false,'2018-11-01 13:12:04.009 +00:00','2018-11-01 13:12:04.009 +00:00') RETURNING *;
[11/01/2018 - 16:12:04::031] [INFO]: Executing (default): INSERT INTO "users"."users" ("id","name","pwd","role_id","deleted","createdAt","updatedAt") VALUES (DEFAULT,'2','2',1,false,'2018-11-01 13:12:04.028 +00:00','2018-11-01 13:12:04.028 +00:00') RETURNING *;
[11/01/2018 - 16:12:06::631] [INFO]: Успешное прохождение авторизации при подключении к сокету
[11/01/2018 - 16:12:06::633] [INFO]: User connected
[11/01/2018 - 16:12:06::635] [INFO]: process.env.CONTENT_PATH = 
[11/01/2018 - 16:12:06::699] [INFO]: Executing (default): SELECT "id", "name", "path", "uploader_id", "deleted", "createdAt", "updatedAt" FROM "tracks"."tracks" AS "tracks";
[11/01/2018 - 16:12:07::158] [INFO]: Executing (default): select 
        tracks.tracks."name"
        ,tracks.tracks."path"
    from tracks.tracks
      join tastes.tastes on tastes.tastes.track_id = tracks.tracks.id
      join users.users on users.users.id = tastes.tastes.user_id
      where users.users."name" = '1' and tastes.tastes.deleted <> true
[11/01/2018 - 16:12:07::174] [INFO]: Executing (default): SELECT "id" FROM "users"."users" AS "users" WHERE "users"."name" = '1' LIMIT 1;
[11/01/2018 - 16:12:07::178] [INFO]: Executing (default): SELECT "id", "name", "path", "uploader_id", "deleted", "createdAt", "updatedAt" FROM "tracks"."tracks" AS "tracks" WHERE "tracks"."deleted" = false AND "tracks"."uploader_id" = 1;
[11/01/2018 - 16:12:08::310] [INFO]: Успешное прохождение авторизации при подключении к сокету
[11/01/2018 - 16:12:08::310] [INFO]: User connected
[11/01/2018 - 16:12:14::532] [INFO]: aa.zip UPLOADED: 671004 из 671004
[11/01/2018 - 16:12:14::726] [INFO]: Успешно распакован файл stack.yml
[11/01/2018 - 16:12:14::734] [INFO]: Успешно распакован файл tenor.gif
[11/01/2018 - 16:12:14::735] [INFO]: При распаковке tenor.gif будет загружен на диск
[11/01/2018 - 16:12:14::758] [INFO]: Распаковка архива /media/bozdo/Новый том1/music/HIP-HOP/aa.zip успешно завершена
[11/01/2018 - 16:12:14::761] [INFO]: Успешное удаление буферного архива /media/bozdo/Новый том1/music/HIP-HOP/aa.zip
[11/01/2018 - 16:12:14::764] [INFO]: Executing (default): SELECT "id" FROM "users"."users" AS "users" WHERE "users"."name" = '1' LIMIT 1;
[11/01/2018 - 16:12:14::771] [INFO]: Executing (default): INSERT INTO "tracks"."tracks" ("id","name","path","uploader_id","deleted","createdAt","updatedAt") VALUES (DEFAULT,'tenor.gif','/media/bozdo/Новый том1/music/HIP-HOP/aa/tenor.gif',1,false,'2018-11-01 13:12:14.766 +00:00','2018-11-01 13:12:14.766 +00:00');
[11/01/2018 - 16:12:21::891] [INFO]: aa.zip UPLOADED: 671004 из 671004
[11/01/2018 - 16:12:22::032] [INFO]: Успешно распакован файл stack.yml
[11/01/2018 - 16:12:22::035] [INFO]: Успешно распакован файл tenor.gif
[11/01/2018 - 16:12:22::036] [INFO]: При распаковке tenor.gif будет загружен на диск
[11/01/2018 - 16:12:22::058] [INFO]: Распаковка архива /media/bozdo/Новый том1/music/DUBSTEP/aa.zip успешно завершена
[11/01/2018 - 16:12:22::060] [INFO]: Успешное удаление буферного архива /media/bozdo/Новый том1/music/DUBSTEP/aa.zip
[11/01/2018 - 16:12:22::062] [INFO]: Executing (default): SELECT "id" FROM "users"."users" AS "users" WHERE "users"."name" = '1' LIMIT 1;
[11/01/2018 - 16:12:22::067] [INFO]: Executing (default): INSERT INTO "tracks"."tracks" ("id","name","path","uploader_id","deleted","createdAt","updatedAt") VALUES (DEFAULT,'tenor.gif','/media/bozdo/Новый том1/music/DUBSTEP/aa/tenor.gif',1,false,'2018-11-01 13:12:22.063 +00:00','2018-11-01 13:12:22.063 +00:00');
[11/01/2018 - 16:12:38::780] [INFO]: aa.zip UPLOADED: 671004 из 671004
[11/01/2018 - 16:12:38::926] [INFO]: Успешно распакован файл stack.yml
[11/01/2018 - 16:12:38::929] [INFO]: Успешно распакован файл tenor.gif
[11/01/2018 - 16:12:38::929] [INFO]: При распаковке tenor.gif будет загружен на диск
[11/01/2018 - 16:12:38::948] [INFO]: Распаковка архива /media/bozdo/Новый том1/music/ELECTRONIC/aa.zip успешно завершена
[11/01/2018 - 16:12:38::952] [INFO]: Успешное удаление буферного архива /media/bozdo/Новый том1/music/ELECTRONIC/aa.zip
[11/01/2018 - 16:12:38::954] [INFO]: Executing (default): SELECT "id" FROM "users"."users" AS "users" WHERE "users"."name" = '1' LIMIT 1;
[11/01/2018 - 16:12:38::958] [INFO]: Executing (default): INSERT INTO "tracks"."tracks" ("id","name","path","uploader_id","deleted","createdAt","updatedAt") VALUES (DEFAULT,'tenor.gif','/media/bozdo/Новый том1/music/ELECTRONIC/aa/tenor.gif',1,false,'2018-11-01 13:12:38.956 +00:00','2018-11-01 13:12:38.956 +00:00');
[11/01/2018 - 16:13:00::036] [INFO]: Executing (default): SELECT "id" FROM "tracks"."tracks" AS "tracks" WHERE "tracks"."name" = 'tenor.gif' LIMIT 1;
[11/01/2018 - 16:13:00::042] [INFO]: Executing (default): SELECT "id" FROM "users"."users" AS "users" WHERE "users"."name" = '1' LIMIT 1;
[11/01/2018 - 16:13:00::050] [INFO]: Executing (default): SELECT "user_id", "track_id", "deleted", "createdAt", "updatedAt" FROM "tastes"."tastes" AS "tastes" WHERE "tastes"."deleted" = false AND "tastes"."track_id" = 199 AND "tastes"."user_id" = 1;
[11/01/2018 - 16:13:39::482] [INFO]: user disconnected
[11/01/2018 - 16:51:33::823] [INFO]: [SEMPAI.HELP] Приложение запущено на порту: 4000
[11/01/2018 - 16:51:34::017] [INFO]: [SocketIO] Слушает на порту 4001
[11/01/2018 - 16:51:34::027] [INFO]: [Redis]: Повторное подключение
[11/01/2018 - 16:51:34::531] [INFO]: [Redis]: Повторное подключение
[11/01/2018 - 16:51:35::534] [INFO]: [Redis]: Повторное подключение
[11/01/2018 - 16:51:37::038] [INFO]: [Redis]: Повторное подключение
[11/01/2018 - 16:51:39::042] [INFO]: [Redis]: Повторное подключение
[11/01/2018 - 16:51:41::045] [INFO]: [Redis]: Повторное подключение
[11/01/2018 - 16:51:43::054] [INFO]: [Redis]: Повторное подключение
[11/01/2018 - 16:51:45::057] [INFO]: [Redis]: Повторное подключение
[11/01/2018 - 16:51:47::061] [INFO]: [Redis]: Повторное подключение
[11/01/2018 - 16:51:49::064] [INFO]: [Redis]: Повторное подключение
[11/01/2018 - 16:51:51::067] [INFO]: [Redis]: Повторное подключение
[11/01/2018 - 16:51:53::070] [INFO]: [Redis]: Повторное подключение
[11/01/2018 - 16:51:55::074] [INFO]: [Redis]: Повторное подключение
[11/01/2018 - 16:51:57::077] [INFO]: [Redis]: Повторное подключение
[11/01/2018 - 16:51:59::080] [INFO]: [Redis]: Повторное подключение
[11/01/2018 - 16:52:01::082] [INFO]: [Redis]: Повторное подключение
[11/01/2018 - 16:52:03::086] [INFO]: [Redis]: Повторное подключение
[11/01/2018 - 16:52:05::089] [INFO]: [Redis]: Повторное подключение
[11/01/2018 - 16:52:07::093] [INFO]: [Redis]: Повторное подключение
[11/01/2018 - 16:52:09::097] [INFO]: [Redis]: Повторное подключение
[11/01/2018 - 16:52:11::100] [INFO]: [Redis]: Повторное подключение
[11/01/2018 - 16:52:13::104] [INFO]: [Redis]: Повторное подключение
[11/01/2018 - 16:52:15::107] [INFO]: [Redis]: Повторное подключение
[11/01/2018 - 16:52:17::112] [INFO]: [Redis]: Повторное подключение
[11/01/2018 - 16:52:19::115] [INFO]: [Redis]: Повторное подключение
[11/01/2018 - 16:52:21::117] [INFO]: [Redis]: Повторное подключение
[11/01/2018 - 16:52:23::120] [INFO]: [Redis]: Повторное подключение
[11/01/2018 - 16:52:25::122] [INFO]: [Redis]: Повторное подключение
[11/01/2018 - 16:52:27::126] [INFO]: [Redis]: Повторное подключение
[11/01/2018 - 16:52:29::130] [INFO]: [Redis]: Повторное подключение
[11/01/2018 - 16:52:31::135] [INFO]: [Redis]: Повторное подключение
[11/01/2018 - 16:52:33::139] [INFO]: [Redis]: Повторное подключение
[11/01/2018 - 16:52:35::142] [INFO]: [Redis]: Повторное подключение
[11/01/2018 - 16:52:37::145] [INFO]: [Redis]: Повторное подключение
[11/01/2018 - 16:52:39::149] [INFO]: [Redis]: Повторное подключение
[11/01/2018 - 16:52:41::153] [INFO]: [Redis]: Повторное подключение
[11/01/2018 - 16:52:43::157] [INFO]: [Redis]: Повторное подключение
[11/01/2018 - 16:52:45::160] [INFO]: [Redis]: Повторное подключение
[11/01/2018 - 16:52:47::164] [INFO]: [Redis]: Повторное подключение
[11/01/2018 - 16:52:49::168] [INFO]: [Redis]: Повторное подключение
[11/01/2018 - 16:52:51::172] [INFO]: [Redis]: Повторное подключение
[11/01/2018 - 16:52:53::175] [INFO]: [Redis]: Повторное подключение
[11/01/2018 - 16:52:55::177] [INFO]: [Redis]: Повторное подключение
[11/01/2018 - 16:52:57::181] [INFO]: [Redis]: Повторное подключение
[11/01/2018 - 16:52:59::185] [INFO]: [Redis]: Повторное подключение
[11/01/2018 - 16:53:01::189] [INFO]: [Redis]: Повторное подключение
[11/01/2018 - 16:53:03::192] [INFO]: [Redis]: Повторное подключение
[11/01/2018 - 16:53:05::195] [INFO]: [Redis]: Повторное подключение
[11/01/2018 - 16:53:07::198] [INFO]: [Redis]: Повторное подключение
[11/01/2018 - 16:53:09::201] [INFO]: [Redis]: Повторное подключение
[11/01/2018 - 16:53:11::204] [INFO]: [Redis]: Повторное подключение
[11/01/2018 - 16:53:13::208] [INFO]: [Redis]: Повторное подключение
[11/01/2018 - 16:53:15::210] [INFO]: [Redis]: Повторное подключение
[11/01/2018 - 16:53:17::214] [INFO]: [Redis]: Повторное подключение
[11/01/2018 - 16:53:19::217] [INFO]: [Redis]: Повторное подключение
[11/01/2018 - 16:53:21::222] [INFO]: [Redis]: Повторное подключение
[11/01/2018 - 16:53:23::226] [INFO]: [Redis]: Повторное подключение
[11/01/2018 - 16:53:25::229] [INFO]: [Redis]: Повторное подключение
[11/01/2018 - 16:53:27::232] [INFO]: [Redis]: Повторное подключение
[11/01/2018 - 16:53:29::235] [INFO]: [Redis]: Повторное подключение
[11/01/2018 - 16:53:31::240] [INFO]: [Redis]: Повторное подключение
[11/01/2018 - 16:53:33::242] [INFO]: [Redis]: Повторное подключение
[11/01/2018 - 16:53:35::245] [INFO]: [Redis]: Повторное подключение
[11/01/2018 - 16:53:37::248] [INFO]: [Redis]: Повторное подключение
[11/01/2018 - 16:53:39::249] [INFO]: [Redis]: Повторное подключение
[11/01/2018 - 16:53:41::253] [INFO]: [Redis]: Повторное подключение
[11/01/2018 - 16:53:43::258] [INFO]: [Redis]: Повторное подключение
[11/01/2018 - 16:53:45::260] [INFO]: [Redis]: Повторное подключение
[11/01/2018 - 16:53:47::265] [INFO]: [Redis]: Повторное подключение
[11/01/2018 - 16:53:49::266] [INFO]: [Redis]: Повторное подключение
[11/01/2018 - 16:53:51::269] [INFO]: [Redis]: Повторное подключение
[11/01/2018 - 16:53:53::273] [INFO]: [Redis]: Повторное подключение
[11/01/2018 - 16:53:55::274] [INFO]: [Redis]: Повторное подключение
[11/01/2018 - 16:53:57::278] [INFO]: [Redis]: Повторное подключение
[11/01/2018 - 16:53:59::281] [INFO]: [Redis]: Повторное подключение
[11/01/2018 - 16:54:01::286] [INFO]: [Redis]: Повторное подключение
[11/01/2018 - 16:54:03::290] [INFO]: [Redis]: Повторное подключение
[11/01/2018 - 16:54:05::294] [INFO]: [Redis]: Повторное подключение
[11/01/2018 - 16:54:07::296] [INFO]: [Redis]: Повторное подключение
[11/01/2018 - 16:54:09::300] [INFO]: [Redis]: Повторное подключение
[11/01/2018 - 16:54:11::305] [INFO]: [Redis]: Повторное подключение
[11/01/2018 - 16:54:13::310] [INFO]: [Redis]: Повторное подключение
[11/01/2018 - 16:54:15::311] [INFO]: [Redis]: Повторное подключение
[11/01/2018 - 16:54:17::314] [INFO]: [Redis]: Повторное подключение
[11/01/2018 - 16:54:19::318] [INFO]: [Redis]: Повторное подключение
[11/01/2018 - 16:54:21::327] [INFO]: [Redis]: Повторное подключение
[11/01/2018 - 16:54:23::330] [INFO]: [Redis]: Повторное подключение
[11/01/2018 - 16:54:25::332] [INFO]: [Redis]: Повторное подключение
[11/01/2018 - 16:54:27::338] [INFO]: [Redis]: Повторное подключение
[11/01/2018 - 16:54:29::342] [INFO]: [Redis]: Повторное подключение
[11/01/2018 - 16:54:31::347] [INFO]: [Redis]: Повторное подключение
[11/01/2018 - 16:54:33::352] [INFO]: [Redis]: Повторное подключение
[11/01/2018 - 16:54:35::354] [INFO]: [Redis]: Повторное подключение
[11/01/2018 - 16:54:37::358] [INFO]: [Redis]: Повторное подключение
[11/01/2018 - 16:54:39::361] [INFO]: [Redis]: Повторное подключение
[11/01/2018 - 16:54:41::365] [INFO]: [Redis]: Повторное подключение
[11/01/2018 - 16:54:43::370] [INFO]: [Redis]: Повторное подключение
[11/01/2018 - 16:54:45::372] [INFO]: [Redis]: Повторное подключение
[11/01/2018 - 16:54:47::376] [INFO]: [Redis]: Повторное подключение
[11/01/2018 - 16:54:49::381] [INFO]: [Redis]: Повторное подключение
[11/01/2018 - 16:54:51::386] [INFO]: [Redis]: Повторное подключение
[11/01/2018 - 16:54:53::387] [INFO]: [Redis]: Повторное подключение
[11/01/2018 - 16:54:55::389] [INFO]: [Redis]: Повторное подключение
[11/01/2018 - 16:54:57::394] [INFO]: [Redis]: Повторное подключение
[11/01/2018 - 16:54:59::399] [INFO]: [Redis]: Повторное подключение
[11/01/2018 - 16:55:01::402] [INFO]: [Redis]: Повторное подключение
[11/01/2018 - 16:55:03::405] [INFO]: [Redis]: Повторное подключение
[11/01/2018 - 16:55:05::410] [INFO]: [Redis]: Повторное подключение
[11/01/2018 - 16:55:07::414] [INFO]: [Redis]: Повторное подключение
[11/01/2018 - 16:55:09::417] [INFO]: [Redis]: Повторное подключение
[11/01/2018 - 16:55:11::420] [INFO]: [Redis]: Повторное подключение
[11/01/2018 - 16:55:13::423] [INFO]: [Redis]: Повторное подключение
[11/01/2018 - 16:55:15::426] [INFO]: [Redis]: Повторное подключение
[11/01/2018 - 16:55:17::429] [INFO]: [Redis]: Повторное подключение
[11/01/2018 - 16:55:19::432] [INFO]: [Redis]: Повторное подключение
[11/01/2018 - 16:55:21::436] [INFO]: [Redis]: Повторное подключение
[11/01/2018 - 16:55:23::439] [INFO]: [Redis]: Повторное подключение
[11/01/2018 - 16:55:25::441] [INFO]: [Redis]: Повторное подключение
[11/01/2018 - 16:55:27::446] [INFO]: [Redis]: Повторное подключение
[11/01/2018 - 16:55:29::449] [INFO]: [Redis]: Повторное подключение
[11/01/2018 - 16:55:31::454] [INFO]: [Redis]: Повторное подключение
[11/01/2018 - 16:55:33::458] [INFO]: [Redis]: Повторное подключение
[11/01/2018 - 16:55:35::460] [INFO]: [Redis]: Повторное подключение
[11/01/2018 - 16:55:37::464] [INFO]: [Redis]: Повторное подключение
[11/01/2018 - 16:55:39::469] [INFO]: [Redis]: Повторное подключение
[11/01/2018 - 16:55:41::472] [INFO]: [Redis]: Повторное подключение
[11/01/2018 - 16:55:43::477] [INFO]: [Redis]: Повторное подключение
[11/01/2018 - 16:55:45::479] [INFO]: [Redis]: Повторное подключение
[11/01/2018 - 16:55:47::482] [INFO]: [Redis]: Повторное подключение
[11/01/2018 - 16:55:49::485] [INFO]: [Redis]: Повторное подключение
[11/01/2018 - 16:55:51::488] [INFO]: [Redis]: Повторное подключение
[11/01/2018 - 16:55:53::490] [INFO]: [Redis]: Повторное подключение
[11/01/2018 - 16:55:55::492] [INFO]: [Redis]: Повторное подключение
[11/01/2018 - 16:55:57::496] [INFO]: [Redis]: Повторное подключение
[11/01/2018 - 16:55:59::501] [INFO]: [Redis]: Повторное подключение
[11/01/2018 - 16:56:01::503] [INFO]: [Redis]: Повторное подключение
[11/01/2018 - 16:56:03::507] [INFO]: [Redis]: Повторное подключение
[11/01/2018 - 16:56:05::508] [INFO]: [Redis]: Повторное подключение
[11/01/2018 - 16:56:07::511] [INFO]: [Redis]: Повторное подключение
[11/01/2018 - 16:56:09::514] [INFO]: [Redis]: Повторное подключение
[11/01/2018 - 16:56:11::517] [INFO]: [Redis]: Повторное подключение
[11/01/2018 - 16:56:13::520] [INFO]: [Redis]: Повторное подключение
[11/01/2018 - 16:56:15::524] [INFO]: [Redis]: Повторное подключение
[11/01/2018 - 16:56:17::527] [INFO]: [Redis]: Повторное подключение
[11/01/2018 - 16:56:19::529] [INFO]: [Redis]: Повторное подключение
[11/01/2018 - 16:56:21::532] [INFO]: [Redis]: Повторное подключение
[11/01/2018 - 16:56:23::535] [INFO]: [Redis]: Повторное подключение
[11/01/2018 - 16:56:25::537] [INFO]: [Redis]: Повторное подключение
[11/01/2018 - 16:56:27::540] [INFO]: [Redis]: Повторное подключение
[11/01/2018 - 16:56:29::543] [INFO]: [Redis]: Повторное подключение
[11/01/2018 - 16:56:31::546] [INFO]: [Redis]: Повторное подключение
[11/01/2018 - 16:56:33::550] [INFO]: [Redis]: Повторное подключение
[11/01/2018 - 16:56:35::552] [INFO]: [Redis]: Повторное подключение
[11/01/2018 - 16:56:37::555] [INFO]: [Redis]: Повторное подключение
[11/01/2018 - 16:56:39::558] [INFO]: [Redis]: Повторное подключение
[11/01/2018 - 16:56:41::563] [INFO]: [Redis]: Успешное подключение
[11/01/2018 - 16:56:41::567] [INFO]: [Redis]: Готов к использованию
[11/01/2018 - 16:57:18::085] [INFO]: [SEMPAI.HELP] Приложение запущено на порту: 4000
[11/01/2018 - 16:57:18::328] [INFO]: [SocketIO] Слушает на порту 4001
[11/01/2018 - 16:57:18::344] [INFO]: [Redis]: Успешное подключение
[11/01/2018 - 16:57:18::349] [INFO]: [Redis]: Готов к использованию
[11/01/2018 - 16:57:18::411] [INFO]: Executing (default): SELECT 1+1 AS result
[11/01/2018 - 16:57:18::414] [INFO]: [Sequelize]: Успешное подключение к БД sempai под юзером sempai
[11/01/2018 - 16:57:18::445] [INFO]: Executing (default): CREATE SCHEMA IF NOT EXISTS links;
[11/01/2018 - 16:57:18::452] [INFO]: Executing (default): CREATE SCHEMA IF NOT EXISTS users;
[11/01/2018 - 16:57:18::454] [INFO]: Executing (default): CREATE SCHEMA IF NOT EXISTS tastes;
[11/01/2018 - 16:57:18::458] [INFO]: Executing (default): CREATE SCHEMA IF NOT EXISTS tracks;
[11/01/2018 - 16:57:18::461] [INFO]: Executing (default): CREATE TABLE IF NOT EXISTS "links"."links" ("id"  SERIAL UNIQUE , "link" VARCHAR(1000) NOT NULL, "descr" VARCHAR(4000) NOT NULL, "user_id" INTEGER NOT NULL, "abstract" VARCHAR(200) NOT NULL, "deleted" BOOLEAN DEFAULT 'false', "createdAt" TIMESTAMP WITH TIME ZONE NOT NULL, "updatedAt" TIMESTAMP WITH TIME ZONE NOT NULL, PRIMARY KEY ("id"));
[11/01/2018 - 16:57:18::468] [INFO]: Executing (default): SELECT i.relname AS name, ix.indisprimary AS primary, ix.indisunique AS unique, ix.indkey AS indkey, array_agg(a.attnum) as column_indexes, array_agg(a.attname) AS column_names, pg_get_indexdef(ix.indexrelid) AS definition FROM pg_class t, pg_class i, pg_index ix, pg_attribute a, pg_namespace s WHERE t.oid = ix.indrelid AND i.oid = ix.indexrelid AND a.attrelid = t.oid AND t.relkind = 'r' and t.relname = 'links' AND s.oid = t.relnamespace AND s.nspname = 'links' GROUP BY i.relname, ix.indexrelid, ix.indisprimary, ix.indisunique, ix.indkey ORDER BY i.relname;
[11/01/2018 - 16:57:18::485] [INFO]: Executing (default): CREATE TABLE IF NOT EXISTS "users"."users" ("id"  SERIAL UNIQUE , "name" VARCHAR(40) NOT NULL, "pwd" VARCHAR(40) NOT NULL, "role_id" INTEGER NOT NULL, "deleted" BOOLEAN DEFAULT 'false', "createdAt" TIMESTAMP WITH TIME ZONE NOT NULL, "updatedAt" TIMESTAMP WITH TIME ZONE NOT NULL, PRIMARY KEY ("id"));
[11/01/2018 - 16:57:18::487] [INFO]: Executing (default): SELECT i.relname AS name, ix.indisprimary AS primary, ix.indisunique AS unique, ix.indkey AS indkey, array_agg(a.attnum) as column_indexes, array_agg(a.attname) AS column_names, pg_get_indexdef(ix.indexrelid) AS definition FROM pg_class t, pg_class i, pg_index ix, pg_attribute a, pg_namespace s WHERE t.oid = ix.indrelid AND i.oid = ix.indexrelid AND a.attrelid = t.oid AND t.relkind = 'r' and t.relname = 'users' AND s.oid = t.relnamespace AND s.nspname = 'users' GROUP BY i.relname, ix.indexrelid, ix.indisprimary, ix.indisunique, ix.indkey ORDER BY i.relname;
[11/01/2018 - 16:57:18::502] [INFO]: Executing (default): CREATE TABLE IF NOT EXISTS "tracks"."tracks" ("id"  SERIAL UNIQUE , "name" VARCHAR(1024) NOT NULL, "path" VARCHAR(1024) NOT NULL, "uploader_id" INTEGER, "deleted" BOOLEAN DEFAULT 'false', "createdAt" TIMESTAMP WITH TIME ZONE NOT NULL, "updatedAt" TIMESTAMP WITH TIME ZONE NOT NULL, PRIMARY KEY ("id"));
[11/01/2018 - 16:57:18::504] [INFO]: Executing (default): SELECT i.relname AS name, ix.indisprimary AS primary, ix.indisunique AS unique, ix.indkey AS indkey, array_agg(a.attnum) as column_indexes, array_agg(a.attname) AS column_names, pg_get_indexdef(ix.indexrelid) AS definition FROM pg_class t, pg_class i, pg_index ix, pg_attribute a, pg_namespace s WHERE t.oid = ix.indrelid AND i.oid = ix.indexrelid AND a.attrelid = t.oid AND t.relkind = 'r' and t.relname = 'tracks' AND s.oid = t.relnamespace AND s.nspname = 'tracks' GROUP BY i.relname, ix.indexrelid, ix.indisprimary, ix.indisunique, ix.indkey ORDER BY i.relname;
[11/01/2018 - 16:57:18::510] [INFO]: Executing (default): CREATE TABLE IF NOT EXISTS "tastes"."tastes" ("user_id" INTEGER NOT NULL  REFERENCES "users"."users" ("id") ON DELETE NO ACTION ON UPDATE CASCADE, "track_id" INTEGER NOT NULL  REFERENCES "tracks"."tracks" ("id") ON DELETE NO ACTION ON UPDATE CASCADE, "deleted" BOOLEAN DEFAULT false, "createdAt" TIMESTAMP WITH TIME ZONE NOT NULL, "updatedAt" TIMESTAMP WITH TIME ZONE NOT NULL, PRIMARY KEY ("user_id","track_id"));
[11/01/2018 - 16:57:18::513] [INFO]: Executing (default): SELECT i.relname AS name, ix.indisprimary AS primary, ix.indisunique AS unique, ix.indkey AS indkey, array_agg(a.attnum) as column_indexes, array_agg(a.attname) AS column_names, pg_get_indexdef(ix.indexrelid) AS definition FROM pg_class t, pg_class i, pg_index ix, pg_attribute a, pg_namespace s WHERE t.oid = ix.indrelid AND i.oid = ix.indexrelid AND a.attrelid = t.oid AND t.relkind = 'r' and t.relname = 'tastes' AND s.oid = t.relnamespace AND s.nspname = 'tastes' GROUP BY i.relname, ix.indexrelid, ix.indisprimary, ix.indisunique, ix.indkey ORDER BY i.relname;
[11/01/2018 - 16:57:18::533] [INFO]: Executing (default): INSERT INTO "users"."users" ("id","name","pwd","role_id","deleted","createdAt","updatedAt") VALUES (DEFAULT,'1','1',1,false,'2018-11-01 13:57:18.522 +00:00','2018-11-01 13:57:18.522 +00:00') RETURNING *;
[11/01/2018 - 16:57:18::542] [INFO]: Executing (default): INSERT INTO "users"."users" ("id","name","pwd","role_id","deleted","createdAt","updatedAt") VALUES (DEFAULT,'2','2',1,false,'2018-11-01 13:57:18.539 +00:00','2018-11-01 13:57:18.539 +00:00') RETURNING *;
[11/01/2018 - 16:57:19::941] [INFO]: Executing (default): SELECT "id", "name", "pwd", "role_id", "deleted", "createdAt", "updatedAt" FROM "users"."users" AS "users" WHERE "users"."name" = '1' AND "users"."pwd" = '1' LIMIT 1;
[11/01/2018 - 16:58:25::405] [INFO]: Успешное прохождение авторизации при подключении к сокету
[11/01/2018 - 16:58:25::426] [INFO]: Успешное прохождение авторизации при подключении к сокету
[11/01/2018 - 16:58:25::427] [INFO]: Успешное прохождение авторизации при подключении к сокету
[11/01/2018 - 16:58:25::428] [INFO]: User connected
[11/01/2018 - 16:58:25::428] [INFO]: User connected
[11/01/2018 - 16:58:25::429] [INFO]: process.env.CONTENT_PATH = 
[11/01/2018 - 16:58:25::477] [INFO]: Executing (default): SELECT "id", "name", "path", "uploader_id", "deleted", "createdAt", "updatedAt" FROM "tracks"."tracks" AS "tracks";
[11/01/2018 - 16:58:25::530] [INFO]: Executing (default): select 
        tracks.tracks."name"
        ,tracks.tracks."path"
    from tracks.tracks
      join tastes.tastes on tastes.tastes.track_id = tracks.tracks.id
      join users.users on users.users.id = tastes.tastes.user_id
      where users.users."name" = '1' and tastes.tastes.deleted <> true
[11/01/2018 - 16:58:25::552] [INFO]: Executing (default): SELECT "id" FROM "users"."users" AS "users" WHERE "users"."name" = '1' LIMIT 1;
[11/01/2018 - 16:58:25::556] [INFO]: Executing (default): SELECT "id", "name", "path", "uploader_id", "deleted", "createdAt", "updatedAt" FROM "tracks"."tracks" AS "tracks" WHERE "tracks"."deleted" = false AND "tracks"."uploader_id" = 1;
[11/01/2018 - 16:58:55::419] [INFO]: user disconnected
[11/01/2018 - 16:59:09::119] [INFO]: [Redis]: Повторное подключение
[11/01/2018 - 16:59:09::625] [INFO]: [Redis]: Повторное подключение
[11/01/2018 - 17:35:15::633] [INFO]: [SEMPAI.HELP] Приложение запущено на порту: 4000
[11/01/2018 - 17:35:15::883] [INFO]: [SocketIO] Слушает на порту 4001
[11/01/2018 - 17:35:15::893] [INFO]: [Redis]: Повторное подключение
[11/01/2018 - 17:35:16::398] [INFO]: [Redis]: Повторное подключение
[11/01/2018 - 17:35:17::401] [INFO]: [Redis]: Повторное подключение
[11/01/2018 - 17:35:18::904] [INFO]: [Redis]: Повторное подключение
[11/01/2018 - 17:35:20::908] [INFO]: [Redis]: Повторное подключение
[11/01/2018 - 17:35:22::912] [INFO]: [Redis]: Повторное подключение
[11/01/2018 - 17:35:24::915] [INFO]: [Redis]: Повторное подключение
[11/01/2018 - 17:35:26::918] [INFO]: [Redis]: Повторное подключение
[11/01/2018 - 17:35:28::921] [INFO]: [Redis]: Повторное подключение
[11/01/2018 - 17:35:30::926] [INFO]: [Redis]: Повторное подключение
[11/01/2018 - 17:35:32::930] [INFO]: [Redis]: Повторное подключение
[11/01/2018 - 17:35:34::934] [INFO]: [Redis]: Повторное подключение
[11/01/2018 - 17:35:36::936] [INFO]: [Redis]: Успешное подключение
[11/01/2018 - 17:35:36::940] [INFO]: [Redis]: Готов к использованию
[11/01/2018 - 17:35:38::310] [INFO]: [SEMPAI.HELP] Приложение запущено на порту: 4000
[11/01/2018 - 17:35:38::512] [INFO]: [SocketIO] Слушает на порту 4001
[11/01/2018 - 17:35:38::523] [INFO]: [Redis]: Успешное подключение
[11/01/2018 - 17:35:38::528] [INFO]: [Redis]: Готов к использованию
[11/01/2018 - 17:35:38::591] [INFO]: Executing (default): SELECT 1+1 AS result
[11/01/2018 - 17:35:38::597] [INFO]: [Sequelize]: Успешное подключение к БД sempai под юзером sempai
[11/01/2018 - 17:35:38::618] [INFO]: Executing (default): CREATE SCHEMA IF NOT EXISTS links;
[11/01/2018 - 17:35:38::624] [INFO]: Executing (default): CREATE SCHEMA IF NOT EXISTS users;
[11/01/2018 - 17:35:38::627] [INFO]: Executing (default): CREATE SCHEMA IF NOT EXISTS tastes;
[11/01/2018 - 17:35:38::629] [INFO]: Executing (default): CREATE SCHEMA IF NOT EXISTS tracks;
[11/01/2018 - 17:35:38::633] [INFO]: Executing (default): CREATE TABLE IF NOT EXISTS "links"."links" ("id"  SERIAL UNIQUE , "link" VARCHAR(1000) NOT NULL, "descr" VARCHAR(4000) NOT NULL, "user_id" INTEGER NOT NULL, "abstract" VARCHAR(200) NOT NULL, "deleted" BOOLEAN DEFAULT 'false', "createdAt" TIMESTAMP WITH TIME ZONE NOT NULL, "updatedAt" TIMESTAMP WITH TIME ZONE NOT NULL, PRIMARY KEY ("id"));
[11/01/2018 - 17:35:38::637] [INFO]: Executing (default): SELECT i.relname AS name, ix.indisprimary AS primary, ix.indisunique AS unique, ix.indkey AS indkey, array_agg(a.attnum) as column_indexes, array_agg(a.attname) AS column_names, pg_get_indexdef(ix.indexrelid) AS definition FROM pg_class t, pg_class i, pg_index ix, pg_attribute a, pg_namespace s WHERE t.oid = ix.indrelid AND i.oid = ix.indexrelid AND a.attrelid = t.oid AND t.relkind = 'r' and t.relname = 'links' AND s.oid = t.relnamespace AND s.nspname = 'links' GROUP BY i.relname, ix.indexrelid, ix.indisprimary, ix.indisunique, ix.indkey ORDER BY i.relname;
[11/01/2018 - 17:35:38::653] [INFO]: Executing (default): CREATE TABLE IF NOT EXISTS "users"."users" ("id"  SERIAL UNIQUE , "name" VARCHAR(40) NOT NULL, "pwd" VARCHAR(40) NOT NULL, "role_id" INTEGER NOT NULL, "deleted" BOOLEAN DEFAULT 'false', "createdAt" TIMESTAMP WITH TIME ZONE NOT NULL, "updatedAt" TIMESTAMP WITH TIME ZONE NOT NULL, PRIMARY KEY ("id"));
[11/01/2018 - 17:35:38::655] [INFO]: Executing (default): SELECT i.relname AS name, ix.indisprimary AS primary, ix.indisunique AS unique, ix.indkey AS indkey, array_agg(a.attnum) as column_indexes, array_agg(a.attname) AS column_names, pg_get_indexdef(ix.indexrelid) AS definition FROM pg_class t, pg_class i, pg_index ix, pg_attribute a, pg_namespace s WHERE t.oid = ix.indrelid AND i.oid = ix.indexrelid AND a.attrelid = t.oid AND t.relkind = 'r' and t.relname = 'users' AND s.oid = t.relnamespace AND s.nspname = 'users' GROUP BY i.relname, ix.indexrelid, ix.indisprimary, ix.indisunique, ix.indkey ORDER BY i.relname;
[11/01/2018 - 17:35:38::666] [INFO]: Executing (default): CREATE TABLE IF NOT EXISTS "tracks"."tracks" ("id"  SERIAL UNIQUE , "name" VARCHAR(1024) NOT NULL, "path" VARCHAR(1024) NOT NULL, "uploader_id" INTEGER, "deleted" BOOLEAN DEFAULT 'false', "createdAt" TIMESTAMP WITH TIME ZONE NOT NULL, "updatedAt" TIMESTAMP WITH TIME ZONE NOT NULL, PRIMARY KEY ("id"));
[11/01/2018 - 17:35:38::668] [INFO]: Executing (default): SELECT i.relname AS name, ix.indisprimary AS primary, ix.indisunique AS unique, ix.indkey AS indkey, array_agg(a.attnum) as column_indexes, array_agg(a.attname) AS column_names, pg_get_indexdef(ix.indexrelid) AS definition FROM pg_class t, pg_class i, pg_index ix, pg_attribute a, pg_namespace s WHERE t.oid = ix.indrelid AND i.oid = ix.indexrelid AND a.attrelid = t.oid AND t.relkind = 'r' and t.relname = 'tracks' AND s.oid = t.relnamespace AND s.nspname = 'tracks' GROUP BY i.relname, ix.indexrelid, ix.indisprimary, ix.indisunique, ix.indkey ORDER BY i.relname;
[11/01/2018 - 17:35:38::674] [INFO]: Executing (default): CREATE TABLE IF NOT EXISTS "tastes"."tastes" ("user_id" INTEGER NOT NULL  REFERENCES "users"."users" ("id") ON DELETE NO ACTION ON UPDATE CASCADE, "track_id" INTEGER NOT NULL  REFERENCES "tracks"."tracks" ("id") ON DELETE NO ACTION ON UPDATE CASCADE, "deleted" BOOLEAN DEFAULT false, "createdAt" TIMESTAMP WITH TIME ZONE NOT NULL, "updatedAt" TIMESTAMP WITH TIME ZONE NOT NULL, PRIMARY KEY ("user_id","track_id"));
[11/01/2018 - 17:35:38::677] [INFO]: Executing (default): SELECT i.relname AS name, ix.indisprimary AS primary, ix.indisunique AS unique, ix.indkey AS indkey, array_agg(a.attnum) as column_indexes, array_agg(a.attname) AS column_names, pg_get_indexdef(ix.indexrelid) AS definition FROM pg_class t, pg_class i, pg_index ix, pg_attribute a, pg_namespace s WHERE t.oid = ix.indrelid AND i.oid = ix.indexrelid AND a.attrelid = t.oid AND t.relkind = 'r' and t.relname = 'tastes' AND s.oid = t.relnamespace AND s.nspname = 'tastes' GROUP BY i.relname, ix.indexrelid, ix.indisprimary, ix.indisunique, ix.indkey ORDER BY i.relname;
[11/01/2018 - 17:35:38::691] [INFO]: Executing (default): INSERT INTO "users"."users" ("id","name","pwd","role_id","deleted","createdAt","updatedAt") VALUES (DEFAULT,'1','1',1,false,'2018-11-01 14:35:38.684 +00:00','2018-11-01 14:35:38.684 +00:00') RETURNING *;
[11/01/2018 - 17:35:38::698] [INFO]: Executing (default): INSERT INTO "users"."users" ("id","name","pwd","role_id","deleted","createdAt","updatedAt") VALUES (DEFAULT,'2','2',1,false,'2018-11-01 14:35:38.696 +00:00','2018-11-01 14:35:38.696 +00:00') RETURNING *;
[11/01/2018 - 17:41:40::248] [INFO]: [Redis]: Повторное подключение
[11/01/2018 - 17:41:40::751] [INFO]: [Redis]: Повторное подключение
[11/01/2018 - 17:41:41::753] [INFO]: [Redis]: Повторное подключение
[11/01/2018 - 18:13:07::883] [INFO]: [SEMPAI.HELP] Приложение запущено на порту: 4000
[11/01/2018 - 18:13:08::174] [INFO]: [SocketIO] Слушает на порту 4001
[11/01/2018 - 18:13:08::184] [INFO]: [Redis]: Повторное подключение
[11/01/2018 - 18:13:08::689] [INFO]: [Redis]: Повторное подключение
[11/01/2018 - 18:13:09::691] [INFO]: [Redis]: Повторное подключение
[11/01/2018 - 18:13:11::194] [INFO]: [Redis]: Успешное подключение
[11/01/2018 - 18:13:12::732] [INFO]: [SEMPAI.HELP] Приложение запущено на порту: 4000
[11/01/2018 - 18:13:12::961] [INFO]: [SocketIO] Слушает на порту 4001
[11/01/2018 - 18:13:12::977] [INFO]: [Redis]: Успешное подключение
[11/01/2018 - 18:13:12::981] [INFO]: [Redis]: Готов к использованию
[11/01/2018 - 18:13:13::052] [INFO]: Executing (default): SELECT 1+1 AS result
[11/01/2018 - 18:13:13::056] [INFO]: [Sequelize]: Успешное подключение к БД sempai под юзером sempai
[11/01/2018 - 18:13:13::075] [INFO]: Executing (default): CREATE SCHEMA IF NOT EXISTS links;
[11/01/2018 - 18:13:13::082] [INFO]: Executing (default): CREATE SCHEMA IF NOT EXISTS users;
[11/01/2018 - 18:13:13::085] [INFO]: Executing (default): CREATE SCHEMA IF NOT EXISTS tastes;
[11/01/2018 - 18:13:13::087] [INFO]: Executing (default): CREATE SCHEMA IF NOT EXISTS tracks;
[11/01/2018 - 18:13:13::095] [INFO]: Executing (default): CREATE TABLE IF NOT EXISTS "links"."links" ("id"  SERIAL UNIQUE , "link" VARCHAR(1000) NOT NULL, "descr" VARCHAR(4000) NOT NULL, "user_id" INTEGER NOT NULL, "abstract" VARCHAR(200) NOT NULL, "deleted" BOOLEAN DEFAULT 'false', "createdAt" TIMESTAMP WITH TIME ZONE NOT NULL, "updatedAt" TIMESTAMP WITH TIME ZONE NOT NULL, PRIMARY KEY ("id"));
[11/01/2018 - 18:13:13::103] [INFO]: Executing (default): SELECT i.relname AS name, ix.indisprimary AS primary, ix.indisunique AS unique, ix.indkey AS indkey, array_agg(a.attnum) as column_indexes, array_agg(a.attname) AS column_names, pg_get_indexdef(ix.indexrelid) AS definition FROM pg_class t, pg_class i, pg_index ix, pg_attribute a, pg_namespace s WHERE t.oid = ix.indrelid AND i.oid = ix.indexrelid AND a.attrelid = t.oid AND t.relkind = 'r' and t.relname = 'links' AND s.oid = t.relnamespace AND s.nspname = 'links' GROUP BY i.relname, ix.indexrelid, ix.indisprimary, ix.indisunique, ix.indkey ORDER BY i.relname;
[11/01/2018 - 18:13:13::120] [INFO]: Executing (default): CREATE TABLE IF NOT EXISTS "users"."users" ("id"  SERIAL UNIQUE , "name" VARCHAR(40) NOT NULL, "pwd" VARCHAR(40) NOT NULL, "role_id" INTEGER NOT NULL, "deleted" BOOLEAN DEFAULT 'false', "createdAt" TIMESTAMP WITH TIME ZONE NOT NULL, "updatedAt" TIMESTAMP WITH TIME ZONE NOT NULL, PRIMARY KEY ("id"));
[11/01/2018 - 18:13:13::124] [INFO]: Executing (default): SELECT i.relname AS name, ix.indisprimary AS primary, ix.indisunique AS unique, ix.indkey AS indkey, array_agg(a.attnum) as column_indexes, array_agg(a.attname) AS column_names, pg_get_indexdef(ix.indexrelid) AS definition FROM pg_class t, pg_class i, pg_index ix, pg_attribute a, pg_namespace s WHERE t.oid = ix.indrelid AND i.oid = ix.indexrelid AND a.attrelid = t.oid AND t.relkind = 'r' and t.relname = 'users' AND s.oid = t.relnamespace AND s.nspname = 'users' GROUP BY i.relname, ix.indexrelid, ix.indisprimary, ix.indisunique, ix.indkey ORDER BY i.relname;
[11/01/2018 - 18:13:13::134] [INFO]: Executing (default): CREATE TABLE IF NOT EXISTS "tracks"."tracks" ("id"  SERIAL UNIQUE , "name" VARCHAR(1024) NOT NULL, "path" VARCHAR(1024) NOT NULL, "uploader_id" INTEGER, "deleted" BOOLEAN DEFAULT 'false', "createdAt" TIMESTAMP WITH TIME ZONE NOT NULL, "updatedAt" TIMESTAMP WITH TIME ZONE NOT NULL, PRIMARY KEY ("id"));
[11/01/2018 - 18:13:13::136] [INFO]: Executing (default): SELECT i.relname AS name, ix.indisprimary AS primary, ix.indisunique AS unique, ix.indkey AS indkey, array_agg(a.attnum) as column_indexes, array_agg(a.attname) AS column_names, pg_get_indexdef(ix.indexrelid) AS definition FROM pg_class t, pg_class i, pg_index ix, pg_attribute a, pg_namespace s WHERE t.oid = ix.indrelid AND i.oid = ix.indexrelid AND a.attrelid = t.oid AND t.relkind = 'r' and t.relname = 'tracks' AND s.oid = t.relnamespace AND s.nspname = 'tracks' GROUP BY i.relname, ix.indexrelid, ix.indisprimary, ix.indisunique, ix.indkey ORDER BY i.relname;
[11/01/2018 - 18:13:13::143] [INFO]: Executing (default): CREATE TABLE IF NOT EXISTS "tastes"."tastes" ("user_id" INTEGER NOT NULL  REFERENCES "users"."users" ("id") ON DELETE NO ACTION ON UPDATE CASCADE, "track_id" INTEGER NOT NULL  REFERENCES "tracks"."tracks" ("id") ON DELETE NO ACTION ON UPDATE CASCADE, "deleted" BOOLEAN DEFAULT false, "createdAt" TIMESTAMP WITH TIME ZONE NOT NULL, "updatedAt" TIMESTAMP WITH TIME ZONE NOT NULL, PRIMARY KEY ("user_id","track_id"));
[11/01/2018 - 18:13:13::145] [INFO]: Executing (default): SELECT i.relname AS name, ix.indisprimary AS primary, ix.indisunique AS unique, ix.indkey AS indkey, array_agg(a.attnum) as column_indexes, array_agg(a.attname) AS column_names, pg_get_indexdef(ix.indexrelid) AS definition FROM pg_class t, pg_class i, pg_index ix, pg_attribute a, pg_namespace s WHERE t.oid = ix.indrelid AND i.oid = ix.indexrelid AND a.attrelid = t.oid AND t.relkind = 'r' and t.relname = 'tastes' AND s.oid = t.relnamespace AND s.nspname = 'tastes' GROUP BY i.relname, ix.indexrelid, ix.indisprimary, ix.indisunique, ix.indkey ORDER BY i.relname;
[11/01/2018 - 18:13:13::160] [INFO]: Executing (default): INSERT INTO "users"."users" ("id","name","pwd","role_id","deleted","createdAt","updatedAt") VALUES (DEFAULT,'1','1',1,false,'2018-11-01 15:13:13.152 +00:00','2018-11-01 15:13:13.152 +00:00') RETURNING *;
[11/01/2018 - 18:13:13::169] [INFO]: Executing (default): INSERT INTO "users"."users" ("id","name","pwd","role_id","deleted","createdAt","updatedAt") VALUES (DEFAULT,'2','2',1,false,'2018-11-01 15:13:13.165 +00:00','2018-11-01 15:13:13.165 +00:00') RETURNING *;
[11/01/2018 - 18:14:37::920] [INFO]: Executing (default): SELECT "id", "name", "pwd", "role_id", "deleted", "createdAt", "updatedAt" FROM "users"."users" AS "users" WHERE "users"."name" = '1' AND "users"."pwd" = '1' LIMIT 1;
[11/01/2018 - 18:17:18::169] [INFO]: Успешное прохождение авторизации при подключении к сокету
[11/01/2018 - 18:17:18::173] [INFO]: Успешное прохождение авторизации при подключении к сокету
[11/01/2018 - 18:17:18::178] [INFO]: User connected
[11/01/2018 - 18:17:18::179] [INFO]: User connected
[11/01/2018 - 18:17:23::966] [INFO]: Executing (default): SELECT "id", "name", "pwd", "role_id", "deleted", "createdAt", "updatedAt" FROM "users"."users" AS "users" WHERE "users"."name" = 1 AND "users"."pwd" = 1 LIMIT 1;
[11/01/2018 - 18:18:05::899] [INFO]: user disconnected
[11/01/2018 - 18:18:05::901] [INFO]: user disconnected
[11/01/2018 - 18:18:05::916] [INFO]: Успешное прохождение авторизации при подключении к сокету
[11/01/2018 - 18:18:05::922] [INFO]: User connected
[11/01/2018 - 18:18:11::708] [INFO]: Executing (default): SELECT "id", "name", "pwd", "role_id", "deleted", "createdAt", "updatedAt" FROM "users"."users" AS "users" WHERE "users"."name" = '1' AND "users"."pwd" = 1 LIMIT 1;
[11/01/2018 - 18:19:01::899] [INFO]: Executing (default): SELECT "id", "name", "pwd", "role_id", "deleted", "createdAt", "updatedAt" FROM "users"."users" AS "users" WHERE "users"."name" = '1' AND "users"."pwd" = '1' LIMIT 1;
[11/01/2018 - 18:19:51::717] [INFO]: Executing (default): SELECT "id", "name", "pwd", "role_id", "deleted", "createdAt", "updatedAt" FROM "users"."users" AS "users" WHERE "users"."name" = '16' AND "users"."pwd" = '17' LIMIT 1;
[11/01/2018 - 18:23:53::340] [INFO]: user disconnected
[11/01/2018 - 18:23:53::344] [INFO]: Успешное прохождение авторизации при подключении к сокету
[11/01/2018 - 18:23:53::345] [INFO]: Успешное прохождение авторизации при подключении к сокету
[11/01/2018 - 18:23:53::345] [INFO]: Успешное прохождение авторизации при подключении к сокету
[11/01/2018 - 18:23:53::345] [INFO]: Успешное прохождение авторизации при подключении к сокету
[11/01/2018 - 18:23:53::345] [INFO]: User connected
[11/01/2018 - 18:23:53::346] [INFO]: User connected
[11/01/2018 - 18:23:53::346] [INFO]: User connected
[11/01/2018 - 18:23:53::346] [INFO]: User connected
[11/01/2018 - 22:36:47::002] [INFO]: [SEMPAI.HELP] Приложение запущено на порту: 4000
[11/01/2018 - 22:36:55::003] [INFO]: [SocketIO] Слушает на порту 4001
[11/01/2018 - 22:36:55::998] [INFO]: [Redis]: Повторное подключение
[11/01/2018 - 22:36:56::500] [INFO]: [Redis]: Повторное подключение
[11/01/2018 - 22:36:57::503] [INFO]: [Redis]: Повторное подключение
[11/01/2018 - 22:36:59::007] [INFO]: [Redis]: Повторное подключение
[11/01/2018 - 22:37:01::010] [INFO]: [Redis]: Повторное подключение
[11/01/2018 - 22:37:03::013] [INFO]: [Redis]: Повторное подключение
[11/01/2018 - 22:37:05::017] [INFO]: [Redis]: Повторное подключение
[11/01/2018 - 22:37:07::021] [INFO]: [Redis]: Повторное подключение
[11/01/2018 - 22:37:09::024] [INFO]: [Redis]: Повторное подключение
[11/01/2018 - 22:37:11::029] [INFO]: [Redis]: Повторное подключение
[11/01/2018 - 22:37:13::032] [INFO]: [Redis]: Повторное подключение
[11/01/2018 - 22:37:15::037] [INFO]: [Redis]: Повторное подключение
[11/01/2018 - 22:37:17::042] [INFO]: [Redis]: Повторное подключение
[11/01/2018 - 22:37:19::044] [INFO]: [Redis]: Повторное подключение
[11/01/2018 - 22:37:21::046] [INFO]: [Redis]: Повторное подключение
[11/01/2018 - 22:37:23::050] [INFO]: [Redis]: Повторное подключение
[11/01/2018 - 22:37:25::054] [INFO]: [Redis]: Повторное подключение
[11/01/2018 - 22:37:27::058] [INFO]: [Redis]: Повторное подключение
[11/01/2018 - 22:37:29::060] [INFO]: [Redis]: Повторное подключение
[11/01/2018 - 22:37:31::063] [INFO]: [Redis]: Повторное подключение
[11/01/2018 - 22:37:33::068] [INFO]: [Redis]: Повторное подключение
[11/01/2018 - 22:37:35::070] [INFO]: [Redis]: Повторное подключение
[11/01/2018 - 22:37:37::074] [INFO]: [Redis]: Повторное подключение
[11/01/2018 - 22:37:39::237] [INFO]: [SEMPAI.HELP] Приложение запущено на порту: 4000
[11/01/2018 - 22:37:45::799] [INFO]: [SocketIO] Ошибка при запуске сервера на порту: 4000, Ошибка: listen EADDRINUSE :::4000
[11/01/2018 - 22:38:34::837] [INFO]: [Redis]: Повторное подключение
[11/01/2018 - 22:39:28::685] [INFO]: [Redis]: Повторное подключение
[11/01/2018 - 22:40:19::671] [INFO]: [Redis]: Повторное подключение
[11/01/2018 - 22:40:21::175] [INFO]: [Redis]: Повторное подключение
[11/01/2018 - 22:40:23::178] [INFO]: [Redis]: Повторное подключение
[11/01/2018 - 22:40:25::181] [INFO]: [Redis]: Повторное подключение
[11/01/2018 - 22:40:27::186] [INFO]: [Redis]: Повторное подключение
[11/01/2018 - 22:40:29::188] [INFO]: [Redis]: Повторное подключение
[11/01/2018 - 22:40:31::190] [INFO]: [Redis]: Повторное подключение
[11/01/2018 - 22:40:33::193] [INFO]: [Redis]: Повторное подключение
[11/01/2018 - 22:40:35::198] [INFO]: [Redis]: Повторное подключение
[11/01/2018 - 22:40:37::202] [INFO]: [Redis]: Повторное подключение
[11/01/2018 - 22:40:39::205] [INFO]: [Redis]: Повторное подключение
[11/01/2018 - 22:40:41::208] [INFO]: [Redis]: Повторное подключение
[11/01/2018 - 22:40:43::213] [INFO]: [Redis]: Повторное подключение
[11/01/2018 - 22:40:45::217] [INFO]: [Redis]: Повторное подключение
[11/01/2018 - 22:40:47::219] [INFO]: [Redis]: Повторное подключение
[11/01/2018 - 22:40:49::223] [INFO]: [Redis]: Повторное подключение
[11/01/2018 - 22:40:51::225] [INFO]: [Redis]: Повторное подключение
[11/01/2018 - 22:40:53::229] [INFO]: [Redis]: Повторное подключение
[11/01/2018 - 22:40:55::234] [INFO]: [Redis]: Повторное подключение
[11/01/2018 - 22:40:57::238] [INFO]: [Redis]: Повторное подключение
[11/01/2018 - 22:40:59::242] [INFO]: [Redis]: Повторное подключение
[11/01/2018 - 22:41:01::244] [INFO]: [Redis]: Повторное подключение
[11/01/2018 - 22:41:03::248] [INFO]: [Redis]: Повторное подключение
[11/01/2018 - 22:41:05::252] [INFO]: [Redis]: Повторное подключение
[11/01/2018 - 22:41:07::256] [INFO]: [Redis]: Повторное подключение
[11/01/2018 - 22:41:09::260] [INFO]: [Redis]: Повторное подключение
[11/01/2018 - 22:41:11::262] [INFO]: [Redis]: Повторное подключение
[11/01/2018 - 22:41:13::265] [INFO]: [Redis]: Повторное подключение
[11/01/2018 - 22:41:15::269] [INFO]: [Redis]: Повторное подключение
[11/01/2018 - 22:41:17::274] [INFO]: [Redis]: Повторное подключение
[11/01/2018 - 22:41:19::277] [INFO]: [Redis]: Повторное подключение
[11/01/2018 - 22:41:21::280] [INFO]: [Redis]: Повторное подключение
[11/01/2018 - 22:41:23::284] [INFO]: [Redis]: Повторное подключение
[11/01/2018 - 22:41:25::288] [INFO]: [Redis]: Повторное подключение
[11/01/2018 - 22:41:27::291] [INFO]: [Redis]: Повторное подключение
[11/01/2018 - 22:41:29::295] [INFO]: [Redis]: Повторное подключение
[11/01/2018 - 22:41:31::297] [INFO]: [Redis]: Повторное подключение
[11/01/2018 - 22:41:33::301] [INFO]: [Redis]: Повторное подключение
[11/01/2018 - 22:41:35::306] [INFO]: [Redis]: Повторное подключение
[11/01/2018 - 22:41:37::310] [INFO]: [Redis]: Повторное подключение
[11/01/2018 - 22:41:39::314] [INFO]: [Redis]: Повторное подключение
[11/01/2018 - 22:41:41::315] [INFO]: [Redis]: Повторное подключение
[11/01/2018 - 22:41:43::318] [INFO]: [Redis]: Повторное подключение
[11/01/2018 - 22:41:45::322] [INFO]: [Redis]: Повторное подключение
[11/01/2018 - 22:41:47::326] [INFO]: [Redis]: Повторное подключение
[11/01/2018 - 22:41:49::330] [INFO]: [Redis]: Повторное подключение
[11/01/2018 - 22:41:51::333] [INFO]: [Redis]: Повторное подключение
[11/01/2018 - 22:41:53::337] [INFO]: [Redis]: Повторное подключение
[11/01/2018 - 22:41:55::340] [INFO]: [Redis]: Повторное подключение
[11/01/2018 - 22:41:57::342] [INFO]: [Redis]: Повторное подключение
[11/01/2018 - 22:41:59::346] [INFO]: [Redis]: Повторное подключение
[11/01/2018 - 22:42:01::349] [INFO]: [Redis]: Повторное подключение
[11/01/2018 - 22:42:03::353] [INFO]: [Redis]: Повторное подключение
[11/01/2018 - 22:42:05::357] [INFO]: [Redis]: Повторное подключение
[11/01/2018 - 22:42:07::360] [INFO]: [Redis]: Повторное подключение
[11/01/2018 - 22:42:09::365] [INFO]: [Redis]: Повторное подключение
[11/01/2018 - 22:42:11::368] [INFO]: [Redis]: Повторное подключение
[11/01/2018 - 22:42:13::373] [INFO]: [Redis]: Повторное подключение
[11/01/2018 - 22:42:15::381] [INFO]: [Redis]: Повторное подключение
[11/01/2018 - 22:42:17::386] [INFO]: [Redis]: Повторное подключение
[11/01/2018 - 22:42:19::390] [INFO]: [Redis]: Повторное подключение
[11/01/2018 - 22:42:21::392] [INFO]: [Redis]: Повторное подключение
[11/01/2018 - 22:42:23::397] [INFO]: [Redis]: Повторное подключение
[11/01/2018 - 22:42:25::400] [INFO]: [Redis]: Повторное подключение
[11/01/2018 - 22:42:27::402] [INFO]: [Redis]: Повторное подключение
[11/01/2018 - 22:42:29::406] [INFO]: [Redis]: Повторное подключение
[11/01/2018 - 22:42:31::407] [INFO]: [Redis]: Повторное подключение
[11/01/2018 - 22:42:33::409] [INFO]: [Redis]: Повторное подключение
[11/01/2018 - 22:42:35::413] [INFO]: [Redis]: Повторное подключение
[11/01/2018 - 22:42:37::416] [INFO]: [Redis]: Повторное подключение
[11/01/2018 - 22:42:39::421] [INFO]: [Redis]: Повторное подключение
[11/01/2018 - 22:42:41::425] [INFO]: [Redis]: Повторное подключение
[11/01/2018 - 22:42:43::428] [INFO]: [Redis]: Повторное подключение
[11/01/2018 - 22:42:45::432] [INFO]: [Redis]: Повторное подключение
[11/01/2018 - 22:42:47::436] [INFO]: [Redis]: Повторное подключение
[11/01/2018 - 22:42:49::440] [INFO]: [Redis]: Повторное подключение
[11/01/2018 - 22:42:51::443] [INFO]: [Redis]: Повторное подключение
[11/01/2018 - 22:42:53::445] [INFO]: [Redis]: Повторное подключение
[11/01/2018 - 22:42:55::449] [INFO]: [Redis]: Повторное подключение
[11/01/2018 - 22:42:57::453] [INFO]: [Redis]: Повторное подключение
[11/01/2018 - 22:42:59::456] [INFO]: [Redis]: Повторное подключение
[11/01/2018 - 22:43:01::459] [INFO]: [Redis]: Повторное подключение
[11/01/2018 - 22:43:03::463] [INFO]: [Redis]: Повторное подключение
[11/01/2018 - 22:43:05::468] [INFO]: [Redis]: Повторное подключение
[11/01/2018 - 22:43:07::471] [INFO]: [Redis]: Повторное подключение
[11/01/2018 - 22:43:09::476] [INFO]: [Redis]: Повторное подключение
[11/01/2018 - 22:43:11::478] [INFO]: [Redis]: Повторное подключение
[11/01/2018 - 22:43:13::482] [INFO]: [Redis]: Повторное подключение
[11/01/2018 - 22:43:15::486] [INFO]: [Redis]: Повторное подключение
[11/01/2018 - 22:43:17::490] [INFO]: [Redis]: Повторное подключение
[11/01/2018 - 22:43:19::494] [INFO]: [Redis]: Повторное подключение
[11/01/2018 - 22:43:21::496] [INFO]: [Redis]: Повторное подключение
[11/01/2018 - 22:43:23::501] [INFO]: [Redis]: Повторное подключение
[11/01/2018 - 22:43:25::506] [INFO]: [Redis]: Повторное подключение
[11/01/2018 - 22:43:27::510] [INFO]: [Redis]: Повторное подключение
[11/01/2018 - 22:43:29::514] [INFO]: [Redis]: Повторное подключение
[11/01/2018 - 22:43:31::516] [INFO]: [Redis]: Повторное подключение
[11/01/2018 - 22:43:33::521] [INFO]: [Redis]: Повторное подключение
[11/01/2018 - 22:43:35::527] [INFO]: [Redis]: Повторное подключение
[11/01/2018 - 22:43:37::528] [INFO]: [Redis]: Повторное подключение
[11/01/2018 - 22:43:39::532] [INFO]: [Redis]: Повторное подключение
[11/01/2018 - 22:43:41::536] [INFO]: [Redis]: Повторное подключение
[11/01/2018 - 22:43:43::540] [INFO]: [Redis]: Повторное подключение
[11/01/2018 - 22:43:45::679] [INFO]: [Redis]: Повторное подключение
