[10/20/2018 - 15:48:30] [ERROR]: [Sequelize]: Ошибка при подключении к БД sempai под юзером sempai
[10/20/2018 - 15:48:30] [ERROR]: connect ECONNREFUSED 127.0.0.1:5432
[10/20/2018 - 15:49:52] [ERROR]: [Sequelize]: Ошибка при подключении к БД sempai под юзером sempai
[10/20/2018 - 15:49:52] [ERROR]: connect ECONNREFUSED 127.0.0.1:5432
[10/20/2018 - 15:52:42] [ERROR]: [Sequelize]: Ошибка при подключении к БД sempai под юзером sempai
[10/20/2018 - 15:52:42] [ERROR]: connect ECONNREFUSED 127.0.0.1:5432
[10/20/2018 - 15:53:01] [ERROR]: [Sequelize]: Ошибка при подключении к БД sempai под юзером sempai
[10/20/2018 - 15:53:01] [ERROR]: Cannot read property 'username' of undefined
[10/20/2018 - 16:01:19] [ERROR]: connect ECONNREFUSED 127.0.0.1:5432
[10/20/2018 - 16:06:17] [ERROR]: ResourceRequest timed out
[10/20/2018 - 16:08:50] [ERROR]: Авторизация: Введены неверные данные при авторизации
[10/20/2018 - 16:19:45] [ERROR]: [Redis]: Ошибка
[10/20/2018 - 16:20:17] [ERROR]: Авторизация: Введены неверные данные при авторизации
[10/20/2018 - 18:11:33] [ERROR]: Авторизация: Введены неверные данные при авторизации
[10/20/2018 - 19:41:56] [ERROR]: Авторизация: Введены неверные данные при авторизации
[10/20/2018 - 19:51:39] [ERROR]: Авторизация: Введены неверные данные при авторизации
[10/20/2018 - 21:15:17] [ERROR]: Авторизация: Введены неверные данные при авторизации
[10/20/2018 - 21:15:23] [ERROR]: Авторизация: Введены неверные данные при авторизации
[10/20/2018 - 21:18:11] [ERROR]: Cannot set property 'toggled' of null
[10/20/2018 - 21:59:22] [ERROR]: Авторизация: Введены неверные данные при авторизации
[10/20/2018 - 22:11:12] [ERROR]: Авторизация: Введены неверные данные при авторизации
[10/20/2018 - 22:15:16] [ERROR]: Авторизация: Введены неверные данные при авторизации
[10/20/2018 - 22:16:13] [ERROR]: Авторизация: Введены неверные данные при авторизации
[10/20/2018 - 22:18:38] [ERROR]: Авторизация: Введены неверные данные при авторизации
[10/20/2018 - 22:58:47] [ERROR]: Авторизация: Введены неверные данные при авторизации
[10/20/2018 - 23:34:29] [ERROR]: Авторизация: Введены неверные данные при авторизации
[10/20/2018 - 23:34:33] [ERROR]: Авторизация: Введены неверные данные при авторизации
