[10/30/2018 - 17:22:25] [ERROR]: [Redis]: Ошибка
[10/30/2018 - 17:22:25] [ERROR]: [Sequelize]: Ошибка при подключении к БД sempai под юзером sempai
[10/30/2018 - 17:22:31] [ERROR]: connect ECONNREFUSED 127.0.0.1:5432
[10/30/2018 - 17:22:31] [ERROR]: [Redis]: Ошибка
[10/30/2018 - 17:23:49] [ERROR]: Авторизация: Введены неверные данные при авторизации
[10/30/2018 - 17:23:50] [ERROR]: Авторизация: Введены неверные данные при авторизации
[10/30/2018 - 19:42:12] [ERROR]: Авторизация: Введены неверные данные при авторизации
[10/30/2018 - 19:42:13] [ERROR]: Авторизация: Введены неверные данные при авторизации
[10/30/2018 - 19:42:24] [ERROR]: Авторизация: Введены неверные данные при авторизации
[10/30/2018 - 19:42:25] [ERROR]: Авторизация: Введены неверные данные при авторизации
[10/30/2018 - 19:49:30] [ERROR]: Авторизация: Введены неверные данные при авторизации
[10/30/2018 - 19:49:32] [ERROR]: Авторизация: Введены неверные данные при авторизации
[10/30/2018 - 19:51:01] [ERROR]: Ошибка при авторизации при подключении к сокету
[10/30/2018 - 19:51:29] [ERROR]: Ошибка при авторизации при подключении к сокету
[10/30/2018 - 19:51:34] [ERROR]: Ошибка при авторизации при подключении к сокету
[10/30/2018 - 19:51:35] [ERROR]: Ошибка при авторизации при подключении к сокету
[10/30/2018 - 19:53:38] [ERROR]: Ошибка при авторизации при подключении к сокету
[10/30/2018 - 19:53:44] [ERROR]: Ошибка при авторизации при подключении к сокету
[10/30/2018 - 19:53:48] [ERROR]: Ошибка при авторизации при подключении к сокету
[10/30/2018 - 19:53:50] [ERROR]: Ошибка при авторизации при подключении к сокету
[10/30/2018 - 19:56:15] [ERROR]: Ошибка при авторизации при подключении к сокету
[10/30/2018 - 19:56:30] [ERROR]: Ошибка при авторизации при подключении к сокету
[10/30/2018 - 19:56:31] [ERROR]: Ошибка при авторизации при подключении к сокету
[10/30/2018 - 19:56:31] [ERROR]: Ошибка при авторизации при подключении к сокету
[10/30/2018 - 19:56:32] [ERROR]: Ошибка при авторизации при подключении к сокету
[10/30/2018 - 19:56:39] [ERROR]: Ошибка при авторизации при подключении к сокету
[10/30/2018 - 19:56:46] [ERROR]: Ошибка при авторизации при подключении к сокету
[10/30/2018 - 19:56:56] [ERROR]: Ошибка при авторизации при подключении к сокету
[10/30/2018 - 19:58:56] [ERROR]: Ошибка при авторизации при подключении к сокету
[10/30/2018 - 19:59:04] [ERROR]: Ошибка при авторизации при подключении к сокету
[10/30/2018 - 19:59:33] [ERROR]: Ошибка при авторизации при подключении к сокету
[10/30/2018 - 19:59:42] [ERROR]: Ошибка при авторизации при подключении к сокету
[10/30/2018 - 19:59:43] [ERROR]: Ошибка при авторизации при подключении к сокету
[10/30/2018 - 19:59:49] [ERROR]: Ошибка при авторизации при подключении к сокету
[10/30/2018 - 19:59:57] [ERROR]: Ошибка при авторизации при подключении к сокету
[10/30/2018 - 20:00:49] [ERROR]: Авторизация: Введены неверные данные при авторизации
[10/30/2018 - 20:00:50] [ERROR]: Авторизация: Введены неверные данные при авторизации
[10/30/2018 - 20:01:03] [ERROR]: Ошибка при авторизации при подключении к сокету
[10/30/2018 - 20:01:10] [ERROR]: Ошибка при авторизации при подключении к сокету
[10/30/2018 - 20:01:15] [ERROR]: Ошибка при авторизации при подключении к сокету
[10/30/2018 - 20:01:27] [ERROR]: Ошибка при авторизации при подключении к сокету
[10/30/2018 - 20:01:37] [ERROR]: Ошибка при авторизации при подключении к сокету
[10/30/2018 - 20:03:49] [ERROR]: Ошибка при авторизации при подключении к сокету
[10/30/2018 - 20:04:25] [ERROR]: Ошибка при авторизации при подключении к сокету
[10/30/2018 - 20:04:39] [ERROR]: Ошибка при авторизации при подключении к сокету
[10/30/2018 - 20:05:07] [ERROR]: Ошибка при авторизации при подключении к сокету
[10/30/2018 - 20:05:26] [ERROR]: Ошибка при авторизации при подключении к сокету
[10/30/2018 - 20:06:17] [ERROR]: Авторизация: Введены неверные данные при авторизации
[10/30/2018 - 20:06:23] [ERROR]: Авторизация: Введены неверные данные при авторизации
[10/30/2018 - 20:06:33] [ERROR]: Авторизация: Введены неверные данные при авторизации
[10/30/2018 - 20:06:44] [ERROR]: Авторизация: Введены неверные данные при авторизации
[10/30/2018 - 20:06:51] [ERROR]: Авторизация: Введены неверные данные при авторизации
[10/30/2018 - 20:06:58] [ERROR]: Авторизация: Введены неверные данные при авторизации
[10/30/2018 - 20:07:15] [ERROR]: Авторизация: Введены неверные данные при авторизации
[10/30/2018 - 20:07:36] [ERROR]: Авторизация: Введены неверные данные при авторизации
[10/30/2018 - 20:08:10] [ERROR]: Авторизация: Введены неверные данные при авторизации
[10/30/2018 - 20:08:11] [ERROR]: Авторизация: Введены неверные данные при авторизации
[10/30/2018 - 20:08:38] [ERROR]: Авторизация: Введены неверные данные при авторизации
[10/30/2018 - 20:08:43] [ERROR]: Авторизация: Введены неверные данные при авторизации
[10/30/2018 - 20:08:46] [ERROR]: Авторизация: Пользователь не найден
[10/30/2018 - 20:08:48] [ERROR]: Авторизация: Пользователь не найден
[11/01/2018 - 10:57:40] [ERROR]: Авторизация: Введены неверные данные при авторизации
[11/01/2018 - 11:31:24] [ERROR]: Авторизация: Введены неверные данные при авторизации
[11/01/2018 - 12:51:11] [ERROR]: [Redis]: Ошибка
[11/01/2018 - 12:51:12] [ERROR]: [Redis]: Ошибка
[11/01/2018 - 12:51:13] [ERROR]: [Redis]: Ошибка
[11/01/2018 - 12:51:15] [ERROR]: [Redis]: Ошибка
[11/01/2018 - 12:51:17] [ERROR]: [Redis]: Ошибка
