[11/01/2018 - 12:51:21] [ERROR]: [Redis]: Ошибка
[11/01/2018 - 12:51:21] [ERROR]: [Sequelize]: Ошибка при подключении к БД sempai под юзером sempai
[11/01/2018 - 12:51:21] [ERROR]: connect ECONNREFUSED 127.0.0.1:5432
[11/01/2018 - 12:51:21] [ERROR]: [Redis]: Ошибка
[11/01/2018 - 12:51:22] [ERROR]: [Redis]: Ошибка
[11/01/2018 - 12:51:24] [ERROR]: [Redis]: Ошибка
[11/01/2018 - 12:51:26] [ERROR]: [Redis]: Ошибка
[11/01/2018 - 12:51:28] [ERROR]: [Redis]: Ошибка
[11/01/2018 - 12:51:30] [ERROR]: [Redis]: Ошибка
[11/01/2018 - 12:51:32] [ERROR]: [Redis]: Ошибка
[11/01/2018 - 12:51:34] [ERROR]: [Redis]: Ошибка
[11/01/2018 - 12:51:36] [ERROR]: [Redis]: Ошибка
[11/01/2018 - 12:51:38] [ERROR]: [Redis]: Ошибка
[11/01/2018 - 12:51:40] [ERROR]: [Redis]: Ошибка
[11/01/2018 - 12:51:42] [ERROR]: [Redis]: Ошибка
[11/01/2018 - 12:51:44] [ERROR]: [Redis]: Ошибка
[11/01/2018 - 12:51:46] [ERROR]: [Redis]: Ошибка
[11/01/2018 - 12:51:48] [ERROR]: [Redis]: Ошибка
[11/01/2018 - 12:51:50] [ERROR]: [Redis]: Ошибка
[11/01/2018 - 12:51:52] [ERROR]: [Redis]: Ошибка
[11/01/2018 - 12:51:54] [ERROR]: [Redis]: Ошибка
[11/01/2018 - 12:51:56] [ERROR]: [Redis]: Ошибка
[11/01/2018 - 13:59:35] [ERROR]: Авторизация: Введены неверные данные при авторизации
[11/01/2018 - 14:05:28] [ERROR]: Авторизация: Введены неверные данные при авторизации
[11/01/2018 - 14:06:24] [ERROR]: Авторизация: Введены неверные данные при авторизации
[11/01/2018 - 14:08:32] [ERROR]: Авторизация: Введены неверные данные при авторизации
[11/01/2018 - 14:19:01] [ERROR]: Авторизация: Введены неверные данные при авторизации
[11/01/2018 - 15:13:05] [ERROR]: Авторизация: Введены неверные данные при авторизации
[11/01/2018 - 16:04:52] [ERROR]: Авторизация: Введены неверные данные при авторизации
[11/01/2018 - 16:06:33] [ERROR]: Авторизация: Введены неверные данные при авторизации
[11/01/2018 - 16:06:51] [ERROR]: Авторизация: Введены неверные данные при авторизации
[11/01/2018 - 16:51:34] [ERROR]: [Redis]: Ошибка
[11/01/2018 - 16:51:34] [ERROR]: [Sequelize]: Ошибка при подключении к БД sempai под юзером sempai
[11/01/2018 - 16:51:34] [ERROR]: connect ECONNREFUSED 127.0.0.1:5432
[11/01/2018 - 16:51:34] [ERROR]: [Redis]: Ошибка
[11/01/2018 - 16:51:35] [ERROR]: [Redis]: Ошибка
[11/01/2018 - 16:51:37] [ERROR]: [Redis]: Ошибка
[11/01/2018 - 16:51:39] [ERROR]: [Redis]: Ошибка
[11/01/2018 - 16:51:41] [ERROR]: [Redis]: Ошибка
[11/01/2018 - 16:51:43] [ERROR]: [Redis]: Ошибка
[11/01/2018 - 16:51:45] [ERROR]: [Redis]: Ошибка
[11/01/2018 - 16:51:47] [ERROR]: [Redis]: Ошибка
[11/01/2018 - 16:51:49] [ERROR]: [Redis]: Ошибка
[11/01/2018 - 16:51:51] [ERROR]: [Redis]: Ошибка
[11/01/2018 - 16:51:53] [ERROR]: [Redis]: Ошибка
[11/01/2018 - 16:51:55] [ERROR]: [Redis]: Ошибка
[11/01/2018 - 16:51:57] [ERROR]: [Redis]: Ошибка
[11/01/2018 - 16:51:59] [ERROR]: [Redis]: Ошибка
[11/01/2018 - 16:52:01] [ERROR]: [Redis]: Ошибка
[11/01/2018 - 16:52:03] [ERROR]: [Redis]: Ошибка
[11/01/2018 - 16:52:05] [ERROR]: [Redis]: Ошибка
[11/01/2018 - 16:52:07] [ERROR]: [Redis]: Ошибка
[11/01/2018 - 16:52:09] [ERROR]: [Redis]: Ошибка
[11/01/2018 - 16:52:11] [ERROR]: [Redis]: Ошибка
[11/01/2018 - 16:52:13] [ERROR]: [Redis]: Ошибка
[11/01/2018 - 16:52:15] [ERROR]: [Redis]: Ошибка
[11/01/2018 - 16:52:17] [ERROR]: [Redis]: Ошибка
[11/01/2018 - 16:52:19] [ERROR]: [Redis]: Ошибка
[11/01/2018 - 16:52:21] [ERROR]: [Redis]: Ошибка
[11/01/2018 - 16:52:23] [ERROR]: [Redis]: Ошибка
[11/01/2018 - 16:52:25] [ERROR]: [Redis]: Ошибка
[11/01/2018 - 16:52:27] [ERROR]: [Redis]: Ошибка
[11/01/2018 - 16:52:29] [ERROR]: [Redis]: Ошибка
[11/01/2018 - 16:52:31] [ERROR]: [Redis]: Ошибка
[11/01/2018 - 16:52:33] [ERROR]: [Redis]: Ошибка
[11/01/2018 - 16:52:35] [ERROR]: [Redis]: Ошибка
[11/01/2018 - 16:52:37] [ERROR]: [Redis]: Ошибка
[11/01/2018 - 16:52:39] [ERROR]: [Redis]: Ошибка
[11/01/2018 - 16:52:41] [ERROR]: [Redis]: Ошибка
[11/01/2018 - 16:52:43] [ERROR]: [Redis]: Ошибка
[11/01/2018 - 16:52:45] [ERROR]: [Redis]: Ошибка
[11/01/2018 - 16:52:47] [ERROR]: [Redis]: Ошибка
[11/01/2018 - 16:52:49] [ERROR]: [Redis]: Ошибка
[11/01/2018 - 16:52:51] [ERROR]: [Redis]: Ошибка
[11/01/2018 - 16:52:53] [ERROR]: [Redis]: Ошибка
[11/01/2018 - 16:52:55] [ERROR]: [Redis]: Ошибка
[11/01/2018 - 16:52:57] [ERROR]: [Redis]: Ошибка
[11/01/2018 - 16:52:59] [ERROR]: [Redis]: Ошибка
[11/01/2018 - 16:53:01] [ERROR]: [Redis]: Ошибка
[11/01/2018 - 16:53:03] [ERROR]: [Redis]: Ошибка
[11/01/2018 - 16:53:05] [ERROR]: [Redis]: Ошибка
[11/01/2018 - 16:53:07] [ERROR]: [Redis]: Ошибка
[11/01/2018 - 16:53:09] [ERROR]: [Redis]: Ошибка
[11/01/2018 - 16:53:11] [ERROR]: [Redis]: Ошибка
[11/01/2018 - 16:53:13] [ERROR]: [Redis]: Ошибка
[11/01/2018 - 16:53:15] [ERROR]: [Redis]: Ошибка
[11/01/2018 - 16:53:17] [ERROR]: [Redis]: Ошибка
[11/01/2018 - 16:53:19] [ERROR]: [Redis]: Ошибка
[11/01/2018 - 16:53:21] [ERROR]: [Redis]: Ошибка
[11/01/2018 - 16:53:23] [ERROR]: [Redis]: Ошибка
[11/01/2018 - 16:53:25] [ERROR]: [Redis]: Ошибка
[11/01/2018 - 16:53:27] [ERROR]: [Redis]: Ошибка
[11/01/2018 - 16:53:29] [ERROR]: [Redis]: Ошибка
[11/01/2018 - 16:53:31] [ERROR]: [Redis]: Ошибка
[11/01/2018 - 16:53:33] [ERROR]: [Redis]: Ошибка
[11/01/2018 - 16:53:35] [ERROR]: [Redis]: Ошибка
[11/01/2018 - 16:53:37] [ERROR]: [Redis]: Ошибка
[11/01/2018 - 16:53:39] [ERROR]: [Redis]: Ошибка
[11/01/2018 - 16:53:41] [ERROR]: [Redis]: Ошибка
[11/01/2018 - 16:53:43] [ERROR]: [Redis]: Ошибка
[11/01/2018 - 16:53:45] [ERROR]: [Redis]: Ошибка
[11/01/2018 - 16:53:47] [ERROR]: [Redis]: Ошибка
[11/01/2018 - 16:53:49] [ERROR]: [Redis]: Ошибка
[11/01/2018 - 16:53:51] [ERROR]: [Redis]: Ошибка
[11/01/2018 - 16:53:53] [ERROR]: [Redis]: Ошибка
[11/01/2018 - 16:53:55] [ERROR]: [Redis]: Ошибка
[11/01/2018 - 16:53:57] [ERROR]: [Redis]: Ошибка
[11/01/2018 - 16:53:59] [ERROR]: [Redis]: Ошибка
[11/01/2018 - 16:54:01] [ERROR]: [Redis]: Ошибка
[11/01/2018 - 16:54:03] [ERROR]: [Redis]: Ошибка
[11/01/2018 - 16:54:05] [ERROR]: [Redis]: Ошибка
[11/01/2018 - 16:54:07] [ERROR]: [Redis]: Ошибка
[11/01/2018 - 16:54:09] [ERROR]: [Redis]: Ошибка
[11/01/2018 - 16:54:11] [ERROR]: [Redis]: Ошибка
[11/01/2018 - 16:54:13] [ERROR]: [Redis]: Ошибка
[11/01/2018 - 16:54:15] [ERROR]: [Redis]: Ошибка
[11/01/2018 - 16:54:17] [ERROR]: [Redis]: Ошибка
[11/01/2018 - 16:54:19] [ERROR]: [Redis]: Ошибка
[11/01/2018 - 16:54:21] [ERROR]: [Redis]: Ошибка
[11/01/2018 - 16:54:23] [ERROR]: [Redis]: Ошибка
[11/01/2018 - 16:54:25] [ERROR]: [Redis]: Ошибка
[11/01/2018 - 16:54:27] [ERROR]: [Redis]: Ошибка
[11/01/2018 - 16:54:29] [ERROR]: [Redis]: Ошибка
[11/01/2018 - 16:54:31] [ERROR]: [Redis]: Ошибка
[11/01/2018 - 16:54:33] [ERROR]: [Redis]: Ошибка
[11/01/2018 - 16:54:35] [ERROR]: [Redis]: Ошибка
[11/01/2018 - 16:54:37] [ERROR]: [Redis]: Ошибка
[11/01/2018 - 16:54:39] [ERROR]: [Redis]: Ошибка
[11/01/2018 - 16:54:41] [ERROR]: [Redis]: Ошибка
[11/01/2018 - 16:54:43] [ERROR]: [Redis]: Ошибка
[11/01/2018 - 16:54:45] [ERROR]: [Redis]: Ошибка
[11/01/2018 - 16:54:47] [ERROR]: [Redis]: Ошибка
[11/01/2018 - 16:54:49] [ERROR]: [Redis]: Ошибка
[11/01/2018 - 16:54:51] [ERROR]: [Redis]: Ошибка
[11/01/2018 - 16:54:53] [ERROR]: [Redis]: Ошибка
[11/01/2018 - 16:54:55] [ERROR]: [Redis]: Ошибка
[11/01/2018 - 16:54:57] [ERROR]: [Redis]: Ошибка
[11/01/2018 - 16:54:59] [ERROR]: [Redis]: Ошибка
[11/01/2018 - 16:55:01] [ERROR]: [Redis]: Ошибка
[11/01/2018 - 16:55:03] [ERROR]: [Redis]: Ошибка
[11/01/2018 - 16:55:05] [ERROR]: [Redis]: Ошибка
[11/01/2018 - 16:55:07] [ERROR]: [Redis]: Ошибка
[11/01/2018 - 16:55:09] [ERROR]: [Redis]: Ошибка
[11/01/2018 - 16:55:11] [ERROR]: [Redis]: Ошибка
[11/01/2018 - 16:55:13] [ERROR]: [Redis]: Ошибка
[11/01/2018 - 16:55:15] [ERROR]: [Redis]: Ошибка
[11/01/2018 - 16:55:17] [ERROR]: [Redis]: Ошибка
[11/01/2018 - 16:55:19] [ERROR]: [Redis]: Ошибка
[11/01/2018 - 16:55:21] [ERROR]: [Redis]: Ошибка
[11/01/2018 - 16:55:23] [ERROR]: [Redis]: Ошибка
[11/01/2018 - 16:55:25] [ERROR]: [Redis]: Ошибка
[11/01/2018 - 16:55:27] [ERROR]: [Redis]: Ошибка
[11/01/2018 - 16:55:29] [ERROR]: [Redis]: Ошибка
[11/01/2018 - 16:55:31] [ERROR]: [Redis]: Ошибка
[11/01/2018 - 16:55:33] [ERROR]: [Redis]: Ошибка
[11/01/2018 - 16:55:35] [ERROR]: [Redis]: Ошибка
[11/01/2018 - 16:55:37] [ERROR]: [Redis]: Ошибка
[11/01/2018 - 16:55:39] [ERROR]: [Redis]: Ошибка
[11/01/2018 - 16:55:41] [ERROR]: [Redis]: Ошибка
[11/01/2018 - 16:55:43] [ERROR]: [Redis]: Ошибка
[11/01/2018 - 16:55:45] [ERROR]: [Redis]: Ошибка
[11/01/2018 - 16:55:47] [ERROR]: [Redis]: Ошибка
[11/01/2018 - 16:55:49] [ERROR]: [Redis]: Ошибка
[11/01/2018 - 16:55:51] [ERROR]: [Redis]: Ошибка
[11/01/2018 - 16:55:53] [ERROR]: [Redis]: Ошибка
[11/01/2018 - 16:55:55] [ERROR]: [Redis]: Ошибка
[11/01/2018 - 16:55:57] [ERROR]: [Redis]: Ошибка
[11/01/2018 - 16:55:59] [ERROR]: [Redis]: Ошибка
[11/01/2018 - 16:56:01] [ERROR]: [Redis]: Ошибка
[11/01/2018 - 16:56:03] [ERROR]: [Redis]: Ошибка
[11/01/2018 - 16:56:05] [ERROR]: [Redis]: Ошибка
[11/01/2018 - 16:56:07] [ERROR]: [Redis]: Ошибка
[11/01/2018 - 16:56:09] [ERROR]: [Redis]: Ошибка
[11/01/2018 - 16:56:11] [ERROR]: [Redis]: Ошибка
[11/01/2018 - 16:56:13] [ERROR]: [Redis]: Ошибка
[11/01/2018 - 16:56:15] [ERROR]: [Redis]: Ошибка
[11/01/2018 - 16:56:17] [ERROR]: [Redis]: Ошибка
[11/01/2018 - 16:56:19] [ERROR]: [Redis]: Ошибка
[11/01/2018 - 16:56:21] [ERROR]: [Redis]: Ошибка
[11/01/2018 - 16:56:23] [ERROR]: [Redis]: Ошибка
[11/01/2018 - 16:56:25] [ERROR]: [Redis]: Ошибка
[11/01/2018 - 16:56:27] [ERROR]: [Redis]: Ошибка
[11/01/2018 - 16:56:29] [ERROR]: [Redis]: Ошибка
[11/01/2018 - 16:56:31] [ERROR]: [Redis]: Ошибка
[11/01/2018 - 16:56:33] [ERROR]: [Redis]: Ошибка
[11/01/2018 - 16:56:35] [ERROR]: [Redis]: Ошибка
[11/01/2018 - 16:56:37] [ERROR]: [Redis]: Ошибка
[11/01/2018 - 16:56:39] [ERROR]: [Redis]: Ошибка
[11/01/2018 - 16:56:41] [ERROR]: Авторизация: Введены неверные данные при авторизации
[11/01/2018 - 16:56:45] [ERROR]: Cannot read property 'findOne' of undefined
[11/01/2018 - 16:56:47] [ERROR]: Cannot read property 'findOne' of undefined
[11/01/2018 - 16:56:49] [ERROR]: Cannot read property 'findOne' of undefined
[11/01/2018 - 16:56:51] [ERROR]: Cannot read property 'findOne' of undefined
[11/01/2018 - 16:56:54] [ERROR]: Cannot read property 'findOne' of undefined
[11/01/2018 - 16:57:00] [ERROR]: Cannot read property 'findOne' of undefined
[11/01/2018 - 16:59:09] [ERROR]: [Redis]: Ошибка
[11/01/2018 - 17:35:15] [ERROR]: [Redis]: Ошибка
[11/01/2018 - 17:35:15] [ERROR]: [Sequelize]: Ошибка при подключении к БД sempai под юзером sempai
[11/01/2018 - 17:35:15] [ERROR]: connect ECONNREFUSED 127.0.0.1:5432
[11/01/2018 - 17:35:16] [ERROR]: [Redis]: Ошибка
[11/01/2018 - 17:35:17] [ERROR]: [Redis]: Ошибка
[11/01/2018 - 17:35:18] [ERROR]: [Redis]: Ошибка
[11/01/2018 - 17:35:20] [ERROR]: [Redis]: Ошибка
[11/01/2018 - 17:35:22] [ERROR]: [Redis]: Ошибка
[11/01/2018 - 17:35:24] [ERROR]: [Redis]: Ошибка
[11/01/2018 - 17:35:26] [ERROR]: [Redis]: Ошибка
[11/01/2018 - 17:35:28] [ERROR]: [Redis]: Ошибка
[11/01/2018 - 17:35:30] [ERROR]: [Redis]: Ошибка
[11/01/2018 - 17:35:32] [ERROR]: [Redis]: Ошибка
[11/01/2018 - 17:35:34] [ERROR]: [Redis]: Ошибка
[11/01/2018 - 17:35:36] [ERROR]: Авторизация: Введены неверные данные при авторизации
[11/01/2018 - 17:35:40] [ERROR]: Авторизация: Введены неверные данные при авторизации
[11/01/2018 - 17:41:40] [ERROR]: [Redis]: Ошибка
[11/01/2018 - 17:41:41] [ERROR]: [Redis]: Ошибка
[11/01/2018 - 18:13:08] [ERROR]: [Redis]: Ошибка
[11/01/2018 - 18:13:08] [ERROR]: [Sequelize]: Ошибка при подключении к БД sempai под юзером sempai
[11/01/2018 - 18:13:08] [ERROR]: connect ECONNREFUSED 127.0.0.1:5432
[11/01/2018 - 18:13:08] [ERROR]: [Redis]: Ошибка
[11/01/2018 - 18:13:09] [ERROR]: [Redis]: Ошибка
[11/01/2018 - 18:14:20] [ERROR]: Авторизация: Введены неверные данные при авторизации
[11/01/2018 - 18:15:17] [ERROR]: Авторизация: Введены неверные данные при авторизации
[11/01/2018 - 18:15:26] [ERROR]: Авторизация: Введены неверные данные при авторизации
[11/01/2018 - 18:15:28] [ERROR]: Авторизация: Введены неверные данные при авторизации
[11/01/2018 - 18:15:29] [ERROR]: Авторизация: Введены неверные данные при авторизации
[11/01/2018 - 18:16:05] [ERROR]: Авторизация: Введены неверные данные при авторизации
[11/01/2018 - 18:16:35] [ERROR]: Авторизация: Введены неверные данные при авторизации
[11/01/2018 - 18:17:18] [ERROR]: Авторизация: Введены неверные данные при авторизации
[11/01/2018 - 18:18:05] [ERROR]: operator does not exist: character varying = integer
[11/01/2018 - 18:18:18] [ERROR]: operator does not exist: character varying = integer
[11/01/2018 - 18:19:51] [ERROR]: Авторизация: Пользователь не найден
[11/01/2018 - 18:23:53] [ERROR]: Ошибка при авторизации при подключении к сокету
[11/01/2018 - 22:36:55] [ERROR]: [Redis]: Ошибка
[11/01/2018 - 22:36:56] [ERROR]: [Sequelize]: Ошибка при подключении к БД sempai под юзером sempai
[11/01/2018 - 22:36:56] [ERROR]: connect ECONNREFUSED 127.0.0.1:5432
[11/01/2018 - 22:36:56] [ERROR]: [Redis]: Ошибка
[11/01/2018 - 22:36:57] [ERROR]: [Redis]: Ошибка
[11/01/2018 - 22:36:59] [ERROR]: [Redis]: Ошибка
[11/01/2018 - 22:37:01] [ERROR]: [Redis]: Ошибка
[11/01/2018 - 22:37:03] [ERROR]: [Redis]: Ошибка
[11/01/2018 - 22:37:05] [ERROR]: [Redis]: Ошибка
[11/01/2018 - 22:37:07] [ERROR]: [Redis]: Ошибка
[11/01/2018 - 22:37:09] [ERROR]: [Redis]: Ошибка
[11/01/2018 - 22:37:11] [ERROR]: [Redis]: Ошибка
[11/01/2018 - 22:37:13] [ERROR]: [Redis]: Ошибка
[11/01/2018 - 22:37:15] [ERROR]: [Redis]: Ошибка
[11/01/2018 - 22:37:17] [ERROR]: [Redis]: Ошибка
[11/01/2018 - 22:37:19] [ERROR]: [Redis]: Ошибка
[11/01/2018 - 22:37:21] [ERROR]: [Redis]: Ошибка
[11/01/2018 - 22:37:23] [ERROR]: [Redis]: Ошибка
[11/01/2018 - 22:37:25] [ERROR]: [Redis]: Ошибка
[11/01/2018 - 22:37:27] [ERROR]: [Redis]: Ошибка
[11/01/2018 - 22:37:29] [ERROR]: [Redis]: Ошибка
[11/01/2018 - 22:37:31] [ERROR]: [Redis]: Ошибка
[11/01/2018 - 22:37:33] [ERROR]: [Redis]: Ошибка
[11/01/2018 - 22:37:35] [ERROR]: [Redis]: Ошибка
[11/01/2018 - 22:37:37] [ERROR]: [Redis]: Ошибка
[11/01/2018 - 22:37:59] [ERROR]: [Redis]: Ошибка
[11/01/2018 - 22:39:06] [ERROR]: [Redis]: Ошибка
[11/01/2018 - 22:39:53] [ERROR]: [Redis]: Ошибка
[11/01/2018 - 22:40:19] [ERROR]: [Sequelize]: Ошибка при подключении к БД sempai под юзером sempai
[11/01/2018 - 22:40:19] [ERROR]: connect ECONNREFUSED 127.0.0.1:5432
[11/01/2018 - 22:40:21] [ERROR]: [Redis]: Ошибка
[11/01/2018 - 22:40:23] [ERROR]: [Redis]: Ошибка
[11/01/2018 - 22:40:25] [ERROR]: [Redis]: Ошибка
[11/01/2018 - 22:40:27] [ERROR]: [Redis]: Ошибка
[11/01/2018 - 22:40:29] [ERROR]: [Redis]: Ошибка
[11/01/2018 - 22:40:31] [ERROR]: [Redis]: Ошибка
[11/01/2018 - 22:40:33] [ERROR]: [Redis]: Ошибка
[11/01/2018 - 22:40:35] [ERROR]: [Redis]: Ошибка
[11/01/2018 - 22:40:37] [ERROR]: [Redis]: Ошибка
[11/01/2018 - 22:40:39] [ERROR]: [Redis]: Ошибка
[11/01/2018 - 22:40:41] [ERROR]: [Redis]: Ошибка
[11/01/2018 - 22:40:43] [ERROR]: [Redis]: Ошибка
[11/01/2018 - 22:40:45] [ERROR]: [Redis]: Ошибка
[11/01/2018 - 22:40:47] [ERROR]: [Redis]: Ошибка
[11/01/2018 - 22:40:49] [ERROR]: [Redis]: Ошибка
[11/01/2018 - 22:40:51] [ERROR]: [Redis]: Ошибка
[11/01/2018 - 22:40:53] [ERROR]: [Redis]: Ошибка
[11/01/2018 - 22:40:55] [ERROR]: [Redis]: Ошибка
[11/01/2018 - 22:40:57] [ERROR]: [Redis]: Ошибка
[11/01/2018 - 22:40:59] [ERROR]: [Redis]: Ошибка
[11/01/2018 - 22:41:01] [ERROR]: [Redis]: Ошибка
[11/01/2018 - 22:41:03] [ERROR]: [Redis]: Ошибка
[11/01/2018 - 22:41:05] [ERROR]: [Redis]: Ошибка
[11/01/2018 - 22:41:07] [ERROR]: [Redis]: Ошибка
[11/01/2018 - 22:41:09] [ERROR]: [Redis]: Ошибка
[11/01/2018 - 22:41:11] [ERROR]: [Redis]: Ошибка
[11/01/2018 - 22:41:13] [ERROR]: [Redis]: Ошибка
[11/01/2018 - 22:41:15] [ERROR]: [Redis]: Ошибка
[11/01/2018 - 22:41:17] [ERROR]: [Redis]: Ошибка
[11/01/2018 - 22:41:19] [ERROR]: [Redis]: Ошибка
[11/01/2018 - 22:41:21] [ERROR]: [Redis]: Ошибка
[11/01/2018 - 22:41:23] [ERROR]: [Redis]: Ошибка
[11/01/2018 - 22:41:25] [ERROR]: [Redis]: Ошибка
[11/01/2018 - 22:41:27] [ERROR]: [Redis]: Ошибка
[11/01/2018 - 22:41:29] [ERROR]: [Redis]: Ошибка
[11/01/2018 - 22:41:31] [ERROR]: [Redis]: Ошибка
[11/01/2018 - 22:41:33] [ERROR]: [Redis]: Ошибка
[11/01/2018 - 22:41:35] [ERROR]: [Redis]: Ошибка
[11/01/2018 - 22:41:37] [ERROR]: [Redis]: Ошибка
[11/01/2018 - 22:41:39] [ERROR]: [Redis]: Ошибка
[11/01/2018 - 22:41:41] [ERROR]: [Redis]: Ошибка
[11/01/2018 - 22:41:43] [ERROR]: [Redis]: Ошибка
[11/01/2018 - 22:41:45] [ERROR]: [Redis]: Ошибка
[11/01/2018 - 22:41:47] [ERROR]: [Redis]: Ошибка
[11/01/2018 - 22:41:49] [ERROR]: [Redis]: Ошибка
[11/01/2018 - 22:41:51] [ERROR]: [Redis]: Ошибка
[11/01/2018 - 22:41:53] [ERROR]: [Redis]: Ошибка
[11/01/2018 - 22:41:55] [ERROR]: [Redis]: Ошибка
[11/01/2018 - 22:41:57] [ERROR]: [Redis]: Ошибка
[11/01/2018 - 22:41:59] [ERROR]: [Redis]: Ошибка
[11/01/2018 - 22:42:01] [ERROR]: [Redis]: Ошибка
[11/01/2018 - 22:42:03] [ERROR]: [Redis]: Ошибка
[11/01/2018 - 22:42:05] [ERROR]: [Redis]: Ошибка
[11/01/2018 - 22:42:07] [ERROR]: [Redis]: Ошибка
[11/01/2018 - 22:42:09] [ERROR]: [Redis]: Ошибка
[11/01/2018 - 22:42:11] [ERROR]: [Redis]: Ошибка
[11/01/2018 - 22:42:13] [ERROR]: [Redis]: Ошибка
[11/01/2018 - 22:42:15] [ERROR]: [Redis]: Ошибка
[11/01/2018 - 22:42:17] [ERROR]: [Redis]: Ошибка
[11/01/2018 - 22:42:19] [ERROR]: [Redis]: Ошибка
[11/01/2018 - 22:42:21] [ERROR]: [Redis]: Ошибка
[11/01/2018 - 22:42:23] [ERROR]: [Redis]: Ошибка
[11/01/2018 - 22:42:25] [ERROR]: [Redis]: Ошибка
[11/01/2018 - 22:42:27] [ERROR]: [Redis]: Ошибка
[11/01/2018 - 22:42:29] [ERROR]: [Redis]: Ошибка
[11/01/2018 - 22:42:31] [ERROR]: [Redis]: Ошибка
[11/01/2018 - 22:42:33] [ERROR]: [Redis]: Ошибка
[11/01/2018 - 22:42:35] [ERROR]: [Redis]: Ошибка
[11/01/2018 - 22:42:37] [ERROR]: [Redis]: Ошибка
[11/01/2018 - 22:42:39] [ERROR]: [Redis]: Ошибка
[11/01/2018 - 22:42:41] [ERROR]: [Redis]: Ошибка
[11/01/2018 - 22:42:43] [ERROR]: [Redis]: Ошибка
[11/01/2018 - 22:42:45] [ERROR]: [Redis]: Ошибка
[11/01/2018 - 22:42:47] [ERROR]: [Redis]: Ошибка
[11/01/2018 - 22:42:49] [ERROR]: [Redis]: Ошибка
[11/01/2018 - 22:42:51] [ERROR]: [Redis]: Ошибка
[11/01/2018 - 22:42:53] [ERROR]: [Redis]: Ошибка
[11/01/2018 - 22:42:55] [ERROR]: [Redis]: Ошибка
[11/01/2018 - 22:42:57] [ERROR]: [Redis]: Ошибка
[11/01/2018 - 22:42:59] [ERROR]: [Redis]: Ошибка
[11/01/2018 - 22:43:01] [ERROR]: [Redis]: Ошибка
[11/01/2018 - 22:43:03] [ERROR]: [Redis]: Ошибка
[11/01/2018 - 22:43:05] [ERROR]: [Redis]: Ошибка
[11/01/2018 - 22:43:07] [ERROR]: [Redis]: Ошибка
[11/01/2018 - 22:43:09] [ERROR]: [Redis]: Ошибка
[11/01/2018 - 22:43:11] [ERROR]: [Redis]: Ошибка
[11/01/2018 - 22:43:13] [ERROR]: [Redis]: Ошибка
[11/01/2018 - 22:43:15] [ERROR]: [Redis]: Ошибка
[11/01/2018 - 22:43:17] [ERROR]: [Redis]: Ошибка
[11/01/2018 - 22:43:19] [ERROR]: [Redis]: Ошибка
[11/01/2018 - 22:43:21] [ERROR]: [Redis]: Ошибка
[11/01/2018 - 22:43:23] [ERROR]: [Redis]: Ошибка
[11/01/2018 - 22:43:25] [ERROR]: [Redis]: Ошибка
[11/01/2018 - 22:43:27] [ERROR]: [Redis]: Ошибка
[11/01/2018 - 22:43:29] [ERROR]: [Redis]: Ошибка
[11/01/2018 - 22:43:31] [ERROR]: [Redis]: Ошибка
[11/01/2018 - 22:43:33] [ERROR]: [Redis]: Ошибка
[11/01/2018 - 22:43:35] [ERROR]: [Redis]: Ошибка
[11/01/2018 - 22:43:37] [ERROR]: [Redis]: Ошибка
[11/01/2018 - 22:43:39] [ERROR]: [Redis]: Ошибка
[11/01/2018 - 22:43:41] [ERROR]: [Redis]: Ошибка
[11/01/2018 - 22:43:43] [ERROR]: [Redis]: Ошибка
[11/01/2018 - 22:43:45] [ERROR]: [Redis]: Ошибка
