[11/11/2018 - 12:16:40] [ERROR]: Авторизация: Введены неверные данные при авторизации
[11/11/2018 - 12:54:20] [ERROR]: [Sequelize]: Ошибка при подключении к БД sempai под юзером sempai
[11/11/2018 - 12:54:24] [ERROR]: Connection terminated unexpectedly
[11/11/2018 - 13:43:59] [ERROR]: fs is not defined
[11/11/2018 - 13:43:59] [ERROR]: fs is not defined
[11/11/2018 - 13:43:59] [ERROR]: fs is not defined
[11/11/2018 - 13:43:59] [ERROR]: fs is not defined
[11/11/2018 - 13:43:59] [ERROR]: fs is not defined
[11/11/2018 - 13:43:59] [ERROR]: fs is not defined
[11/11/2018 - 13:43:59] [ERROR]: fs is not defined
[11/11/2018 - 13:43:59] [ERROR]: fs is not defined
[11/11/2018 - 13:43:59] [ERROR]: fs is not defined
[11/11/2018 - 13:43:59] [ERROR]: fs is not defined
[11/11/2018 - 13:43:59] [ERROR]: fs is not defined
[11/11/2018 - 13:43:59] [ERROR]: fs is not defined
[11/11/2018 - 13:43:59] [ERROR]: fs is not defined
[11/11/2018 - 13:43:59] [ERROR]: fs is not defined
[11/11/2018 - 13:43:59] [ERROR]: fs is not defined
[11/11/2018 - 13:43:59] [ERROR]: fs is not defined
[11/11/2018 - 13:43:59] [ERROR]: fs is not defined
[11/11/2018 - 13:43:59] [ERROR]: fs is not defined
[11/11/2018 - 13:43:59] [ERROR]: fs is not defined
[11/11/2018 - 13:43:59] [ERROR]: fs is not defined
[11/11/2018 - 13:43:59] [ERROR]: fs is not defined
[11/11/2018 - 13:43:59] [ERROR]: fs is not defined
[11/11/2018 - 13:43:59] [ERROR]: fs is not defined
[11/11/2018 - 13:43:59] [ERROR]: fs is not defined
[11/11/2018 - 13:43:59] [ERROR]: fs is not defined
[11/11/2018 - 13:43:59] [ERROR]: fs is not defined
[11/11/2018 - 13:43:59] [ERROR]: fs is not defined
[11/11/2018 - 13:43:59] [ERROR]: fs is not defined
[11/11/2018 - 13:43:59] [ERROR]: fs is not defined
[11/11/2018 - 13:43:59] [ERROR]: fs is not defined
[11/11/2018 - 13:43:59] [ERROR]: fs is not defined
[11/11/2018 - 13:43:59] [ERROR]: fs is not defined
[11/11/2018 - 13:44:00] [ERROR]: fs is not defined
[11/11/2018 - 13:44:00] [ERROR]: fs is not defined
[11/11/2018 - 13:44:00] [ERROR]: fs is not defined
[11/11/2018 - 13:44:00] [ERROR]: fs is not defined
[11/11/2018 - 13:44:00] [ERROR]: fs is not defined
[11/11/2018 - 13:44:00] [ERROR]: fs is not defined
[11/11/2018 - 13:44:00] [ERROR]: fs is not defined
[11/11/2018 - 13:44:00] [ERROR]: fs is not defined
[11/11/2018 - 13:44:00] [ERROR]: fs is not defined
[11/11/2018 - 13:44:00] [ERROR]: fs is not defined
[11/11/2018 - 13:44:00] [ERROR]: fs is not defined
[11/11/2018 - 13:44:00] [ERROR]: fs is not defined
[11/11/2018 - 13:44:00] [ERROR]: fs is not defined
[11/11/2018 - 13:44:00] [ERROR]: fs is not defined
[11/11/2018 - 13:44:00] [ERROR]: fs is not defined
[11/11/2018 - 13:44:00] [ERROR]: fs is not defined
[11/11/2018 - 13:44:00] [ERROR]: fs is not defined
[11/11/2018 - 13:44:00] [ERROR]: fs is not defined
[11/11/2018 - 13:44:00] [ERROR]: fs is not defined
[11/11/2018 - 13:44:00] [ERROR]: fs is not defined
[11/11/2018 - 13:44:00] [ERROR]: fs is not defined
[11/11/2018 - 13:44:00] [ERROR]: fs is not defined
[11/11/2018 - 13:44:00] [ERROR]: fs is not defined
[11/11/2018 - 13:44:01] [ERROR]: fs is not defined
[11/11/2018 - 13:44:01] [ERROR]: fs is not defined
[11/11/2018 - 13:44:01] [ERROR]: fs is not defined
[11/11/2018 - 13:44:01] [ERROR]: fs is not defined
[11/11/2018 - 13:44:01] [ERROR]: fs is not defined
[11/11/2018 - 13:44:01] [ERROR]: fs is not defined
[11/11/2018 - 13:44:01] [ERROR]: fs is not defined
[11/11/2018 - 13:44:01] [ERROR]: fs is not defined
[11/11/2018 - 13:44:01] [ERROR]: fs is not defined
[11/11/2018 - 13:44:01] [ERROR]: fs is not defined
[11/11/2018 - 13:44:01] [ERROR]: fs is not defined
[11/11/2018 - 13:44:01] [ERROR]: fs is not defined
[11/11/2018 - 13:44:01] [ERROR]: fs is not defined
[11/11/2018 - 13:44:01] [ERROR]: fs is not defined
[11/11/2018 - 13:44:02] [ERROR]: fs is not defined
[11/11/2018 - 13:44:02] [ERROR]: fs is not defined
[11/11/2018 - 13:44:02] [ERROR]: fs is not defined
[11/11/2018 - 13:44:02] [ERROR]: fs is not defined
[11/11/2018 - 13:44:02] [ERROR]: fs is not defined
[11/11/2018 - 13:44:02] [ERROR]: fs is not defined
[11/11/2018 - 13:44:02] [ERROR]: fs is not defined
[11/11/2018 - 13:44:02] [ERROR]: fs is not defined
[11/11/2018 - 13:44:02] [ERROR]: fs is not defined
[11/11/2018 - 13:44:02] [ERROR]: fs is not defined
[11/11/2018 - 13:44:02] [ERROR]: fs is not defined
[11/11/2018 - 13:44:02] [ERROR]: fs is not defined
[11/11/2018 - 13:44:02] [ERROR]: fs is not defined
[11/11/2018 - 13:44:03] [ERROR]: fs is not defined
[11/11/2018 - 13:44:03] [ERROR]: fs is not defined
[11/11/2018 - 13:52:11] [ERROR]: TEST_DIR is not defined
[11/11/2018 - 13:52:12] [ERROR]: TEST_DIR is not defined
[11/11/2018 - 13:53:18] [ERROR]: /home/bozdo/Desktop/sempai/sempai.help-back/api/upload.js
[11/11/2018 - 13:53:20] [ERROR]: /home/bozdo/Desktop/sempai/sempai.help-back/api/upload.js
[11/11/2018 - 13:53:24] [ERROR]: /home/bozdo/Desktop/sempai/sempai.help-back/api/upload.js
[11/11/2018 - 13:53:24] [ERROR]: /home/bozdo/Desktop/sempai/sempai.help-back/api/upload.js
[11/11/2018 - 13:53:24] [ERROR]: /home/bozdo/Desktop/sempai/sempai.help-back/api/upload.js
[11/11/2018 - 13:53:24] [ERROR]: /home/bozdo/Desktop/sempai/sempai.help-back/api/upload.js
[11/11/2018 - 13:53:24] [ERROR]: /home/bozdo/Desktop/sempai/sempai.help-back/api/upload.js
[11/11/2018 - 13:53:24] [ERROR]: /home/bozdo/Desktop/sempai/sempai.help-back/api/upload.js
[11/11/2018 - 13:53:24] [ERROR]: /home/bozdo/Desktop/sempai/sempai.help-back/api/upload.js
[11/11/2018 - 13:53:24] [ERROR]: /home/bozdo/Desktop/sempai/sempai.help-back/api/upload.js
[11/11/2018 - 13:53:24] [ERROR]: /home/bozdo/Desktop/sempai/sempai.help-back/api/upload.js
[11/11/2018 - 13:53:24] [ERROR]: /home/bozdo/Desktop/sempai/sempai.help-back/api/upload.js
[11/11/2018 - 13:53:24] [ERROR]: /home/bozdo/Desktop/sempai/sempai.help-back/api/upload.js
[11/11/2018 - 13:53:24] [ERROR]: /home/bozdo/Desktop/sempai/sempai.help-back/api/upload.js
[11/11/2018 - 13:53:24] [ERROR]: /home/bozdo/Desktop/sempai/sempai.help-back/api/upload.js
[11/11/2018 - 13:53:24] [ERROR]: /home/bozdo/Desktop/sempai/sempai.help-back/api/upload.js
[11/11/2018 - 13:53:24] [ERROR]: /home/bozdo/Desktop/sempai/sempai.help-back/api/upload.js
[11/11/2018 - 13:53:24] [ERROR]: /home/bozdo/Desktop/sempai/sempai.help-back/api/upload.js
[11/11/2018 - 13:53:24] [ERROR]: /home/bozdo/Desktop/sempai/sempai.help-back/api/upload.js
[11/11/2018 - 13:53:24] [ERROR]: /home/bozdo/Desktop/sempai/sempai.help-back/api/upload.js
[11/11/2018 - 13:53:24] [ERROR]: /home/bozdo/Desktop/sempai/sempai.help-back/api/upload.js
[11/11/2018 - 13:53:24] [ERROR]: /home/bozdo/Desktop/sempai/sempai.help-back/api/upload.js
[11/11/2018 - 13:53:24] [ERROR]: /home/bozdo/Desktop/sempai/sempai.help-back/api/upload.js
[11/11/2018 - 13:53:24] [ERROR]: /home/bozdo/Desktop/sempai/sempai.help-back/api/upload.js
[11/11/2018 - 13:53:24] [ERROR]: /home/bozdo/Desktop/sempai/sempai.help-back/api/upload.js
[11/11/2018 - 13:53:24] [ERROR]: /home/bozdo/Desktop/sempai/sempai.help-back/api/upload.js
[11/11/2018 - 13:53:24] [ERROR]: /home/bozdo/Desktop/sempai/sempai.help-back/api/upload.js
[11/11/2018 - 13:53:24] [ERROR]: /home/bozdo/Desktop/sempai/sempai.help-back/api/upload.js
[11/11/2018 - 13:53:24] [ERROR]: /home/bozdo/Desktop/sempai/sempai.help-back/api/upload.js
[11/11/2018 - 13:53:24] [ERROR]: /home/bozdo/Desktop/sempai/sempai.help-back/api/upload.js
[11/11/2018 - 13:53:24] [ERROR]: /home/bozdo/Desktop/sempai/sempai.help-back/api/upload.js
[11/11/2018 - 13:53:24] [ERROR]: /home/bozdo/Desktop/sempai/sempai.help-back/api/upload.js
[11/11/2018 - 13:53:25] [ERROR]: /home/bozdo/Desktop/sempai/sempai.help-back/api/upload.js
[11/11/2018 - 13:53:25] [ERROR]: /home/bozdo/Desktop/sempai/sempai.help-back/api/upload.js
[11/11/2018 - 13:53:25] [ERROR]: /home/bozdo/Desktop/sempai/sempai.help-back/api/upload.js
[11/11/2018 - 13:53:25] [ERROR]: /home/bozdo/Desktop/sempai/sempai.help-back/api/upload.js
[11/11/2018 - 13:53:25] [ERROR]: /home/bozdo/Desktop/sempai/sempai.help-back/api/upload.js
[11/11/2018 - 13:53:25] [ERROR]: /home/bozdo/Desktop/sempai/sempai.help-back/api/upload.js
[11/11/2018 - 13:53:25] [ERROR]: /home/bozdo/Desktop/sempai/sempai.help-back/api/upload.js
[11/11/2018 - 13:53:25] [ERROR]: /home/bozdo/Desktop/sempai/sempai.help-back/api/upload.js
[11/11/2018 - 13:53:25] [ERROR]: /home/bozdo/Desktop/sempai/sempai.help-back/api/upload.js
[11/11/2018 - 13:53:25] [ERROR]: /home/bozdo/Desktop/sempai/sempai.help-back/api/upload.js
[11/11/2018 - 13:53:25] [ERROR]: /home/bozdo/Desktop/sempai/sempai.help-back/api/upload.js
[11/11/2018 - 13:53:25] [ERROR]: /home/bozdo/Desktop/sempai/sempai.help-back/api/upload.js
[11/11/2018 - 13:53:25] [ERROR]: /home/bozdo/Desktop/sempai/sempai.help-back/api/upload.js
[11/11/2018 - 13:53:25] [ERROR]: /home/bozdo/Desktop/sempai/sempai.help-back/api/upload.js
[11/11/2018 - 13:53:25] [ERROR]: /home/bozdo/Desktop/sempai/sempai.help-back/api/upload.js
[11/11/2018 - 13:53:25] [ERROR]: /home/bozdo/Desktop/sempai/sempai.help-back/api/upload.js
[11/11/2018 - 13:53:25] [ERROR]: /home/bozdo/Desktop/sempai/sempai.help-back/api/upload.js
[11/11/2018 - 13:53:25] [ERROR]: /home/bozdo/Desktop/sempai/sempai.help-back/api/upload.js
[11/11/2018 - 13:55:45] [ERROR]: /home/bozdo/Desktop/sempai/sempai.help-back/api/upload.js
[11/11/2018 - 13:55:50] [ERROR]: /home/bozdo/Desktop/sempai/sempai.help-back/api/upload.js
[11/11/2018 - 13:55:50] [ERROR]: /home/bozdo/Desktop/sempai/sempai.help-back/api/upload.js
[11/11/2018 - 13:55:50] [ERROR]: /home/bozdo/Desktop/sempai/sempai.help-back/api/upload.js
[11/11/2018 - 13:55:50] [ERROR]: /home/bozdo/Desktop/sempai/sempai.help-back/api/upload.js
[11/11/2018 - 13:55:50] [ERROR]: /home/bozdo/Desktop/sempai/sempai.help-back/api/upload.js
[11/11/2018 - 13:55:50] [ERROR]: /home/bozdo/Desktop/sempai/sempai.help-back/api/upload.js
[11/11/2018 - 13:55:50] [ERROR]: /home/bozdo/Desktop/sempai/sempai.help-back/api/upload.js
[11/11/2018 - 13:55:50] [ERROR]: /home/bozdo/Desktop/sempai/sempai.help-back/api/upload.js
[11/11/2018 - 13:55:51] [ERROR]: /home/bozdo/Desktop/sempai/sempai.help-back/api/upload.js
[11/11/2018 - 13:55:51] [ERROR]: /home/bozdo/Desktop/sempai/sempai.help-back/api/upload.js
[11/11/2018 - 13:55:51] [ERROR]: /home/bozdo/Desktop/sempai/sempai.help-back/api/upload.js
[11/11/2018 - 13:55:51] [ERROR]: /home/bozdo/Desktop/sempai/sempai.help-back/api/upload.js
[11/11/2018 - 13:55:51] [ERROR]: /home/bozdo/Desktop/sempai/sempai.help-back/api/upload.js
[11/11/2018 - 13:55:51] [ERROR]: /home/bozdo/Desktop/sempai/sempai.help-back/api/upload.js
[11/11/2018 - 13:55:51] [ERROR]: /home/bozdo/Desktop/sempai/sempai.help-back/api/upload.js
[11/11/2018 - 13:55:51] [ERROR]: /home/bozdo/Desktop/sempai/sempai.help-back/api/upload.js
[11/11/2018 - 13:55:51] [ERROR]: /home/bozdo/Desktop/sempai/sempai.help-back/api/upload.js
[11/11/2018 - 13:55:51] [ERROR]: /home/bozdo/Desktop/sempai/sempai.help-back/api/upload.js
[11/11/2018 - 13:55:51] [ERROR]: /home/bozdo/Desktop/sempai/sempai.help-back/api/upload.js
[11/11/2018 - 13:55:51] [ERROR]: /home/bozdo/Desktop/sempai/sempai.help-back/api/upload.js
[11/11/2018 - 13:55:51] [ERROR]: /home/bozdo/Desktop/sempai/sempai.help-back/api/upload.js
[11/11/2018 - 13:55:51] [ERROR]: /home/bozdo/Desktop/sempai/sempai.help-back/api/upload.js
[11/11/2018 - 13:55:51] [ERROR]: /home/bozdo/Desktop/sempai/sempai.help-back/api/upload.js
[11/11/2018 - 13:55:51] [ERROR]: /home/bozdo/Desktop/sempai/sempai.help-back/api/upload.js
[11/11/2018 - 13:55:51] [ERROR]: /home/bozdo/Desktop/sempai/sempai.help-back/api/upload.js
[11/11/2018 - 13:55:51] [ERROR]: /home/bozdo/Desktop/sempai/sempai.help-back/api/upload.js
[11/11/2018 - 13:55:51] [ERROR]: /home/bozdo/Desktop/sempai/sempai.help-back/api/upload.js
[11/11/2018 - 13:55:51] [ERROR]: /home/bozdo/Desktop/sempai/sempai.help-back/api/upload.js
[11/11/2018 - 13:55:51] [ERROR]: /home/bozdo/Desktop/sempai/sempai.help-back/api/upload.js
[11/11/2018 - 13:55:51] [ERROR]: /home/bozdo/Desktop/sempai/sempai.help-back/api/upload.js
[11/11/2018 - 13:55:51] [ERROR]: /home/bozdo/Desktop/sempai/sempai.help-back/api/upload.js
[11/11/2018 - 13:55:51] [ERROR]: /home/bozdo/Desktop/sempai/sempai.help-back/api/upload.js
[11/11/2018 - 13:55:51] [ERROR]: /home/bozdo/Desktop/sempai/sempai.help-back/api/upload.js
[11/11/2018 - 13:55:51] [ERROR]: /home/bozdo/Desktop/sempai/sempai.help-back/api/upload.js
[11/11/2018 - 13:55:51] [ERROR]: /home/bozdo/Desktop/sempai/sempai.help-back/api/upload.js
[11/11/2018 - 13:55:51] [ERROR]: /home/bozdo/Desktop/sempai/sempai.help-back/api/upload.js
[11/11/2018 - 13:55:51] [ERROR]: /home/bozdo/Desktop/sempai/sempai.help-back/api/upload.js
[11/11/2018 - 13:55:51] [ERROR]: /home/bozdo/Desktop/sempai/sempai.help-back/api/upload.js
[11/11/2018 - 13:55:51] [ERROR]: /home/bozdo/Desktop/sempai/sempai.help-back/api/upload.js
[11/11/2018 - 13:55:52] [ERROR]: /home/bozdo/Desktop/sempai/sempai.help-back/api/upload.js
[11/11/2018 - 13:55:52] [ERROR]: /home/bozdo/Desktop/sempai/sempai.help-back/api/upload.js
[11/11/2018 - 13:55:52] [ERROR]: /home/bozdo/Desktop/sempai/sempai.help-back/api/upload.js
[11/11/2018 - 13:55:52] [ERROR]: /home/bozdo/Desktop/sempai/sempai.help-back/api/upload.js
[11/11/2018 - 13:55:52] [ERROR]: /home/bozdo/Desktop/sempai/sempai.help-back/api/upload.js
[11/11/2018 - 13:55:52] [ERROR]: /home/bozdo/Desktop/sempai/sempai.help-back/api/upload.js
[11/11/2018 - 13:55:52] [ERROR]: /home/bozdo/Desktop/sempai/sempai.help-back/api/upload.js
[11/11/2018 - 13:55:52] [ERROR]: /home/bozdo/Desktop/sempai/sempai.help-back/api/upload.js
[11/11/2018 - 13:55:52] [ERROR]: /home/bozdo/Desktop/sempai/sempai.help-back/api/upload.js
[11/11/2018 - 13:55:52] [ERROR]: /home/bozdo/Desktop/sempai/sempai.help-back/api/upload.js
[11/11/2018 - 13:55:52] [ERROR]: /home/bozdo/Desktop/sempai/sempai.help-back/api/upload.js
[11/11/2018 - 13:55:52] [ERROR]: /home/bozdo/Desktop/sempai/sempai.help-back/api/upload.js
[11/11/2018 - 13:55:52] [ERROR]: /home/bozdo/Desktop/sempai/sempai.help-back/api/upload.js
[11/11/2018 - 13:55:52] [ERROR]: /home/bozdo/Desktop/sempai/sempai.help-back/api/upload.js
[11/11/2018 - 13:55:52] [ERROR]: /home/bozdo/Desktop/sempai/sempai.help-back/api/upload.js
[11/11/2018 - 13:55:52] [ERROR]: /home/bozdo/Desktop/sempai/sempai.help-back/api/upload.js
[11/11/2018 - 13:55:52] [ERROR]: /home/bozdo/Desktop/sempai/sempai.help-back/api/upload.js
[11/11/2018 - 13:55:52] [ERROR]: /home/bozdo/Desktop/sempai/sempai.help-back/api/upload.js
[11/11/2018 - 13:55:52] [ERROR]: /home/bozdo/Desktop/sempai/sempai.help-back/api/upload.js
[11/11/2018 - 13:55:52] [ERROR]: /home/bozdo/Desktop/sempai/sempai.help-back/api/upload.js
[11/11/2018 - 13:55:52] [ERROR]: /home/bozdo/Desktop/sempai/sempai.help-back/api/upload.js
[11/11/2018 - 13:55:52] [ERROR]: /home/bozdo/Desktop/sempai/sempai.help-back/api/upload.js
[11/11/2018 - 13:55:52] [ERROR]: /home/bozdo/Desktop/sempai/sempai.help-back/api/upload.js
[11/11/2018 - 13:55:52] [ERROR]: /home/bozdo/Desktop/sempai/sempai.help-back/api/upload.js
[11/11/2018 - 13:55:52] [ERROR]: /home/bozdo/Desktop/sempai/sempai.help-back/api/upload.js
[11/11/2018 - 13:55:52] [ERROR]: /home/bozdo/Desktop/sempai/sempai.help-back/api/upload.js
[11/11/2018 - 13:55:52] [ERROR]: /home/bozdo/Desktop/sempai/sempai.help-back/api/upload.js
[11/11/2018 - 13:55:52] [ERROR]: /home/bozdo/Desktop/sempai/sempai.help-back/api/upload.js
[11/11/2018 - 13:55:52] [ERROR]: /home/bozdo/Desktop/sempai/sempai.help-back/api/upload.js
[11/11/2018 - 13:55:53] [ERROR]: /home/bozdo/Desktop/sempai/sempai.help-back/api/upload.js
[11/11/2018 - 13:55:53] [ERROR]: /home/bozdo/Desktop/sempai/sempai.help-back/api/upload.js
[11/11/2018 - 13:55:53] [ERROR]: /home/bozdo/Desktop/sempai/sempai.help-back/api/upload.js
[11/11/2018 - 13:55:53] [ERROR]: /home/bozdo/Desktop/sempai/sempai.help-back/api/upload.js
[11/11/2018 - 13:55:53] [ERROR]: /home/bozdo/Desktop/sempai/sempai.help-back/api/upload.js
[11/11/2018 - 13:55:53] [ERROR]: /home/bozdo/Desktop/sempai/sempai.help-back/api/upload.js
[11/11/2018 - 13:55:53] [ERROR]: /home/bozdo/Desktop/sempai/sempai.help-back/api/upload.js
[11/11/2018 - 13:55:53] [ERROR]: /home/bozdo/Desktop/sempai/sempai.help-back/api/upload.js
[11/11/2018 - 13:55:53] [ERROR]: /home/bozdo/Desktop/sempai/sempai.help-back/api/upload.js
[11/11/2018 - 13:55:53] [ERROR]: /home/bozdo/Desktop/sempai/sempai.help-back/api/upload.js
[11/11/2018 - 13:55:53] [ERROR]: /home/bozdo/Desktop/sempai/sempai.help-back/api/upload.js
[11/11/2018 - 13:55:53] [ERROR]: /home/bozdo/Desktop/sempai/sempai.help-back/api/upload.js
[11/11/2018 - 13:55:53] [ERROR]: /home/bozdo/Desktop/sempai/sempai.help-back/api/upload.js
[11/11/2018 - 13:55:53] [ERROR]: /home/bozdo/Desktop/sempai/sempai.help-back/api/upload.js
[11/11/2018 - 13:56:37] [ERROR]: /home/bozdo/Desktop/sempai/sempai.help-back/api/upload.js
[11/11/2018 - 14:07:24] [ERROR]: Авторизация: Введены неверные данные при авторизации
[11/11/2018 - 14:15:54] [ERROR]: /home/bozdo/Desktop/sempai/sempai.help-back/api/upload.js
[11/11/2018 - 14:15:56] [ERROR]: /home/bozdo/Desktop/sempai/sempai.help-back/api/upload.js
[11/11/2018 - 14:16:01] [ERROR]: /home/bozdo/Desktop/sempai/sempai.help-back/api/upload.js
[11/11/2018 - 14:16:01] [ERROR]: /home/bozdo/Desktop/sempai/sempai.help-back/api/upload.js
[11/11/2018 - 14:16:02] [ERROR]: /home/bozdo/Desktop/sempai/sempai.help-back/api/upload.js
[11/11/2018 - 14:16:02] [ERROR]: /home/bozdo/Desktop/sempai/sempai.help-back/api/upload.js
[11/11/2018 - 14:16:02] [ERROR]: /home/bozdo/Desktop/sempai/sempai.help-back/api/upload.js
[11/11/2018 - 14:16:03] [ERROR]: /home/bozdo/Desktop/sempai/sempai.help-back/api/upload.js
[11/11/2018 - 14:16:03] [ERROR]: /home/bozdo/Desktop/sempai/sempai.help-back/api/upload.js
[11/11/2018 - 14:16:03] [ERROR]: /home/bozdo/Desktop/sempai/sempai.help-back/api/upload.js
[11/11/2018 - 14:16:03] [ERROR]: /home/bozdo/Desktop/sempai/sempai.help-back/api/upload.js
[11/11/2018 - 14:16:03] [ERROR]: /home/bozdo/Desktop/sempai/sempai.help-back/api/upload.js
[11/11/2018 - 14:16:03] [ERROR]: /home/bozdo/Desktop/sempai/sempai.help-back/api/upload.js
[11/11/2018 - 14:16:03] [ERROR]: /home/bozdo/Desktop/sempai/sempai.help-back/api/upload.js
[11/11/2018 - 14:16:28] [ERROR]: /home/bozdo/Desktop/sempai/sempai.help-back/api/upload.js
[11/11/2018 - 14:16:39] [ERROR]: /home/bozdo/Desktop/sempai/sempai.help-back/api/upload.js
[11/11/2018 - 14:23:20] [ERROR]: /home/bozdo/Desktop/sempai/sempai.help-back/api/upload.js
[11/11/2018 - 14:23:42] [ERROR]: /home/bozdo/Desktop/sempai/sempai.help-back/api/upload.js
[11/11/2018 - 14:23:44] [ERROR]: /home/bozdo/Desktop/sempai/sempai.help-back/api/upload.js
[11/11/2018 - 14:23:49] [ERROR]: /home/bozdo/Desktop/sempai/sempai.help-back/api/upload.js
[11/11/2018 - 14:24:01] [ERROR]: /home/bozdo/Desktop/sempai/sempai.help-back/api/upload.js
[11/11/2018 - 14:24:02] [ERROR]: /home/bozdo/Desktop/sempai/sempai.help-back/api/upload.js
[11/11/2018 - 14:24:04] [ERROR]: /home/bozdo/Desktop/sempai/sempai.help-back/api/upload.js
[11/11/2018 - 14:25:36] [ERROR]: /home/bozdo/Desktop/sempai/sempai.help-back/api/upload.js
[11/11/2018 - 14:56:53] [ERROR]: Ошибка при удалении буферного архива. Ошибка: ENOENT: no such file or directory, unlink '/media/bozdo/Новый том2/music/CLOUD/Esseks - Esseks - A HOLE IN THE FOURTH WALL.zip'
[11/11/2018 - 15:52:42] [ERROR]: /home/bozdo/Desktop/sempai/sempai.help-back/api/upload.js
[11/11/2018 - 15:52:42] [ERROR]: Авторизация: Введены неверные данные при авторизации
[11/11/2018 - 15:52:47] [ERROR]: Авторизация: Введены неверные данные при авторизации
[11/11/2018 - 15:58:53] [ERROR]: /home/bozdo/Desktop/sempai/sempai.help-back/api/upload.js
[11/11/2018 - 16:24:43] [ERROR]: /home/bozdo/Desktop/sempai/sempai.help-back/api/upload.js
[11/11/2018 - 16:32:05] [ERROR]: /home/bozdo/Desktop/sempai/sempai.help-back/api/upload.js
[11/11/2018 - 16:33:13] [ERROR]: /home/bozdo/Desktop/sempai/sempai.help-back/api/upload.js
[11/11/2018 - 16:34:11] [ERROR]: /home/bozdo/Desktop/sempai/sempai.help-back/api/upload.js
[11/11/2018 - 16:34:13] [ERROR]: /home/bozdo/Desktop/sempai/sempai.help-back/api/upload.js
[11/11/2018 - 16:47:42] [ERROR]: /home/bozdo/Desktop/sempai/sempai.help-back/api/upload.js
[11/11/2018 - 17:04:38] [ERROR]: /home/bozdo/Desktop/sempai/sempai.help-back/api/upload.js
[11/11/2018 - 17:06:54] [ERROR]: /home/bozdo/Desktop/sempai/sempai.help-back/api/upload.js
[11/11/2018 - 17:07:21] [ERROR]: /home/bozdo/Desktop/sempai/sempai.help-back/api/upload.js
[11/11/2018 - 17:11:08] [ERROR]: /home/bozdo/Desktop/sempai/sempai.help-back/api/upload.js
[11/11/2018 - 17:11:09] [ERROR]: /home/bozdo/Desktop/sempai/sempai.help-back/api/upload.js
[11/11/2018 - 17:11:38] [ERROR]: /home/bozdo/Desktop/sempai/sempai.help-back/api/upload.js
[11/11/2018 - 17:14:53] [ERROR]: /home/bozdo/Desktop/sempai/sempai.help-back/api/upload.js
[11/11/2018 - 17:15:07] [ERROR]: /home/bozdo/Desktop/sempai/sempai.help-back/api/upload.js
[11/11/2018 - 17:15:16] [ERROR]: /home/bozdo/Desktop/sempai/sempai.help-back/api/upload.js
[11/11/2018 - 17:15:28] [ERROR]: /home/bozdo/Desktop/sempai/sempai.help-back/api/upload.js
[11/11/2018 - 17:17:53] [ERROR]: /home/bozdo/Desktop/sempai/sempai.help-back/api/upload.js
[11/11/2018 - 17:17:54] [ERROR]: /home/bozdo/Desktop/sempai/sempai.help-back/api/upload.js
[11/11/2018 - 17:29:54] [ERROR]: /home/bozdo/Desktop/sempai/sempai.help-back/api/upload.js
[11/11/2018 - 17:31:29] [ERROR]: /home/bozdo/Desktop/sempai/sempai.help-back/api/upload.js
[11/11/2018 - 17:31:54] [ERROR]: /home/bozdo/Desktop/sempai/sempai.help-back/api/upload.js
[11/11/2018 - 17:32:22] [ERROR]: /home/bozdo/Desktop/sempai/sempai.help-back/api/upload.js
[11/11/2018 - 17:32:29] [ERROR]: /home/bozdo/Desktop/sempai/sempai.help-back/api/upload.js
[11/11/2018 - 17:32:30] [ERROR]: /home/bozdo/Desktop/sempai/sempai.help-back/api/upload.js
[11/11/2018 - 17:33:01] [ERROR]: /home/bozdo/Desktop/sempai/sempai.help-back/api/upload.js
[11/11/2018 - 17:48:42] [ERROR]: /home/bozdo/Desktop/sempai/sempai.help-back/api/upload.js
[11/11/2018 - 17:55:23] [ERROR]: Авторизация: Введены неверные данные при авторизации
[11/11/2018 - 17:56:12] [ERROR]: /home/bozdo/Desktop/sempai/sempai.help-back/api/upload.js
[11/11/2018 - 17:56:15] [ERROR]: /home/bozdo/Desktop/sempai/sempai.help-back/api/upload.js
[11/11/2018 - 17:56:15] [ERROR]: /home/bozdo/Desktop/sempai/sempai.help-back/api/upload.js
[11/11/2018 - 17:56:16] [ERROR]: /home/bozdo/Desktop/sempai/sempai.help-back/api/upload.js
[11/11/2018 - 17:56:16] [ERROR]: /home/bozdo/Desktop/sempai/sempai.help-back/api/upload.js
[11/11/2018 - 17:56:16] [ERROR]: /home/bozdo/Desktop/sempai/sempai.help-back/api/upload.js
[11/11/2018 - 17:56:16] [ERROR]: /home/bozdo/Desktop/sempai/sempai.help-back/api/upload.js
[11/11/2018 - 17:56:16] [ERROR]: /home/bozdo/Desktop/sempai/sempai.help-back/api/upload.js
[11/11/2018 - 17:56:16] [ERROR]: /home/bozdo/Desktop/sempai/sempai.help-back/api/upload.js
[11/11/2018 - 17:56:16] [ERROR]: /home/bozdo/Desktop/sempai/sempai.help-back/api/upload.js
[11/11/2018 - 17:56:16] [ERROR]: /home/bozdo/Desktop/sempai/sempai.help-back/api/upload.js
[11/11/2018 - 17:56:16] [ERROR]: /home/bozdo/Desktop/sempai/sempai.help-back/api/upload.js
[11/11/2018 - 17:56:17] [ERROR]: /home/bozdo/Desktop/sempai/sempai.help-back/api/upload.js
[11/11/2018 - 17:56:17] [ERROR]: /home/bozdo/Desktop/sempai/sempai.help-back/api/upload.js
[11/11/2018 - 17:56:17] [ERROR]: /home/bozdo/Desktop/sempai/sempai.help-back/api/upload.js
[11/11/2018 - 17:56:17] [ERROR]: /home/bozdo/Desktop/sempai/sempai.help-back/api/upload.js
[11/11/2018 - 17:56:17] [ERROR]: /home/bozdo/Desktop/sempai/sempai.help-back/api/upload.js
[11/11/2018 - 17:56:17] [ERROR]: /home/bozdo/Desktop/sempai/sempai.help-back/api/upload.js
[11/11/2018 - 17:56:17] [ERROR]: /home/bozdo/Desktop/sempai/sempai.help-back/api/upload.js
[11/11/2018 - 17:56:17] [ERROR]: /home/bozdo/Desktop/sempai/sempai.help-back/api/upload.js
[11/11/2018 - 17:56:17] [ERROR]: /home/bozdo/Desktop/sempai/sempai.help-back/api/upload.js
[11/11/2018 - 17:56:17] [ERROR]: /home/bozdo/Desktop/sempai/sempai.help-back/api/upload.js
[11/11/2018 - 17:56:17] [ERROR]: /home/bozdo/Desktop/sempai/sempai.help-back/api/upload.js
[11/11/2018 - 17:56:17] [ERROR]: /home/bozdo/Desktop/sempai/sempai.help-back/api/upload.js
[11/11/2018 - 17:56:17] [ERROR]: /home/bozdo/Desktop/sempai/sempai.help-back/api/upload.js
[11/11/2018 - 17:56:17] [ERROR]: /home/bozdo/Desktop/sempai/sempai.help-back/api/upload.js
[11/11/2018 - 17:56:17] [ERROR]: /home/bozdo/Desktop/sempai/sempai.help-back/api/upload.js
[11/11/2018 - 17:56:17] [ERROR]: /home/bozdo/Desktop/sempai/sempai.help-back/api/upload.js
[11/11/2018 - 17:56:17] [ERROR]: /home/bozdo/Desktop/sempai/sempai.help-back/api/upload.js
[11/11/2018 - 17:56:17] [ERROR]: /home/bozdo/Desktop/sempai/sempai.help-back/api/upload.js
[11/11/2018 - 17:56:17] [ERROR]: /home/bozdo/Desktop/sempai/sempai.help-back/api/upload.js
[11/11/2018 - 17:56:17] [ERROR]: /home/bozdo/Desktop/sempai/sempai.help-back/api/upload.js
[11/11/2018 - 17:56:17] [ERROR]: /home/bozdo/Desktop/sempai/sempai.help-back/api/upload.js
[11/11/2018 - 17:56:17] [ERROR]: /home/bozdo/Desktop/sempai/sempai.help-back/api/upload.js
[11/11/2018 - 17:56:17] [ERROR]: /home/bozdo/Desktop/sempai/sempai.help-back/api/upload.js
[11/11/2018 - 17:56:17] [ERROR]: /home/bozdo/Desktop/sempai/sempai.help-back/api/upload.js
[11/11/2018 - 17:56:17] [ERROR]: /home/bozdo/Desktop/sempai/sempai.help-back/api/upload.js
[11/11/2018 - 17:56:17] [ERROR]: /home/bozdo/Desktop/sempai/sempai.help-back/api/upload.js
[11/11/2018 - 17:56:17] [ERROR]: /home/bozdo/Desktop/sempai/sempai.help-back/api/upload.js
[11/11/2018 - 17:56:17] [ERROR]: /home/bozdo/Desktop/sempai/sempai.help-back/api/upload.js
[11/11/2018 - 17:56:17] [ERROR]: /home/bozdo/Desktop/sempai/sempai.help-back/api/upload.js
[11/11/2018 - 17:56:18] [ERROR]: /home/bozdo/Desktop/sempai/sempai.help-back/api/upload.js
[11/11/2018 - 17:56:18] [ERROR]: /home/bozdo/Desktop/sempai/sempai.help-back/api/upload.js
[11/11/2018 - 17:56:18] [ERROR]: /home/bozdo/Desktop/sempai/sempai.help-back/api/upload.js
[11/11/2018 - 17:56:18] [ERROR]: /home/bozdo/Desktop/sempai/sempai.help-back/api/upload.js
[11/11/2018 - 17:56:18] [ERROR]: /home/bozdo/Desktop/sempai/sempai.help-back/api/upload.js
[11/11/2018 - 17:56:18] [ERROR]: /home/bozdo/Desktop/sempai/sempai.help-back/api/upload.js
[11/11/2018 - 17:56:18] [ERROR]: /home/bozdo/Desktop/sempai/sempai.help-back/api/upload.js
[11/11/2018 - 17:56:18] [ERROR]: /home/bozdo/Desktop/sempai/sempai.help-back/api/upload.js
[11/11/2018 - 17:56:18] [ERROR]: /home/bozdo/Desktop/sempai/sempai.help-back/api/upload.js
[11/11/2018 - 18:09:05] [ERROR]: /home/bozdo/Desktop/sempai/sempai.help-back/api/upload.js
[11/11/2018 - 18:09:41] [ERROR]: /home/bozdo/Desktop/sempai/sempai.help-back/api/upload.js
[11/11/2018 - 18:09:47] [ERROR]: /home/bozdo/Desktop/sempai/sempai.help-back/api/upload.js
[11/11/2018 - 18:09:50] [ERROR]: /home/bozdo/Desktop/sempai/sempai.help-back/api/upload.js
[11/11/2018 - 18:09:51] [ERROR]: /home/bozdo/Desktop/sempai/sempai.help-back/api/upload.js
[11/11/2018 - 18:09:52] [ERROR]: /home/bozdo/Desktop/sempai/sempai.help-back/api/upload.js
[11/11/2018 - 18:09:52] [ERROR]: /home/bozdo/Desktop/sempai/sempai.help-back/api/upload.js
[11/11/2018 - 18:10:01] [ERROR]: /home/bozdo/Desktop/sempai/sempai.help-back/api/upload.js
[11/11/2018 - 18:10:02] [ERROR]: /home/bozdo/Desktop/sempai/sempai.help-back/api/upload.js
[11/11/2018 - 18:10:02] [ERROR]: /home/bozdo/Desktop/sempai/sempai.help-back/api/upload.js
[11/11/2018 - 18:10:03] [ERROR]: /home/bozdo/Desktop/sempai/sempai.help-back/api/upload.js
[11/11/2018 - 18:10:03] [ERROR]: /home/bozdo/Desktop/sempai/sempai.help-back/api/upload.js
[11/11/2018 - 18:10:04] [ERROR]: /home/bozdo/Desktop/sempai/sempai.help-back/api/upload.js
[11/11/2018 - 18:10:06] [ERROR]: /home/bozdo/Desktop/sempai/sempai.help-back/api/upload.js
[11/11/2018 - 18:10:06] [ERROR]: /home/bozdo/Desktop/sempai/sempai.help-back/api/upload.js
[11/11/2018 - 18:10:06] [ERROR]: /home/bozdo/Desktop/sempai/sempai.help-back/api/upload.js
[11/11/2018 - 18:10:06] [ERROR]: /home/bozdo/Desktop/sempai/sempai.help-back/api/upload.js
[11/11/2018 - 18:10:06] [ERROR]: /home/bozdo/Desktop/sempai/sempai.help-back/api/upload.js
[11/11/2018 - 18:10:06] [ERROR]: /home/bozdo/Desktop/sempai/sempai.help-back/api/upload.js
[11/11/2018 - 18:10:06] [ERROR]: /home/bozdo/Desktop/sempai/sempai.help-back/api/upload.js
[11/11/2018 - 18:10:06] [ERROR]: /home/bozdo/Desktop/sempai/sempai.help-back/api/upload.js
[11/11/2018 - 18:10:06] [ERROR]: /home/bozdo/Desktop/sempai/sempai.help-back/api/upload.js
[11/11/2018 - 18:10:06] [ERROR]: /home/bozdo/Desktop/sempai/sempai.help-back/api/upload.js
[11/11/2018 - 18:10:06] [ERROR]: /home/bozdo/Desktop/sempai/sempai.help-back/api/upload.js
[11/11/2018 - 18:10:06] [ERROR]: /home/bozdo/Desktop/sempai/sempai.help-back/api/upload.js
[11/11/2018 - 18:10:06] [ERROR]: /home/bozdo/Desktop/sempai/sempai.help-back/api/upload.js
[11/11/2018 - 18:10:06] [ERROR]: /home/bozdo/Desktop/sempai/sempai.help-back/api/upload.js
[11/11/2018 - 18:10:06] [ERROR]: /home/bozdo/Desktop/sempai/sempai.help-back/api/upload.js
[11/11/2018 - 18:10:06] [ERROR]: /home/bozdo/Desktop/sempai/sempai.help-back/api/upload.js
[11/11/2018 - 18:10:06] [ERROR]: /home/bozdo/Desktop/sempai/sempai.help-back/api/upload.js
[11/11/2018 - 18:10:07] [ERROR]: /home/bozdo/Desktop/sempai/sempai.help-back/api/upload.js
[11/11/2018 - 18:10:07] [ERROR]: /home/bozdo/Desktop/sempai/sempai.help-back/api/upload.js
[11/11/2018 - 18:10:07] [ERROR]: /home/bozdo/Desktop/sempai/sempai.help-back/api/upload.js
[11/11/2018 - 18:10:07] [ERROR]: /home/bozdo/Desktop/sempai/sempai.help-back/api/upload.js
[11/11/2018 - 18:10:07] [ERROR]: /home/bozdo/Desktop/sempai/sempai.help-back/api/upload.js
[11/11/2018 - 18:10:07] [ERROR]: /home/bozdo/Desktop/sempai/sempai.help-back/api/upload.js
[11/11/2018 - 18:10:07] [ERROR]: /home/bozdo/Desktop/sempai/sempai.help-back/api/upload.js
[11/11/2018 - 18:10:07] [ERROR]: /home/bozdo/Desktop/sempai/sempai.help-back/api/upload.js
[11/11/2018 - 18:10:07] [ERROR]: /home/bozdo/Desktop/sempai/sempai.help-back/api/upload.js
[11/11/2018 - 18:10:07] [ERROR]: /home/bozdo/Desktop/sempai/sempai.help-back/api/upload.js
[11/11/2018 - 18:10:07] [ERROR]: /home/bozdo/Desktop/sempai/sempai.help-back/api/upload.js
[11/11/2018 - 18:10:07] [ERROR]: /home/bozdo/Desktop/sempai/sempai.help-back/api/upload.js
[11/11/2018 - 18:10:07] [ERROR]: /home/bozdo/Desktop/sempai/sempai.help-back/api/upload.js
[11/11/2018 - 18:10:07] [ERROR]: /home/bozdo/Desktop/sempai/sempai.help-back/api/upload.js
[11/11/2018 - 18:10:07] [ERROR]: /home/bozdo/Desktop/sempai/sempai.help-back/api/upload.js
[11/11/2018 - 18:10:07] [ERROR]: /home/bozdo/Desktop/sempai/sempai.help-back/api/upload.js
[11/11/2018 - 18:10:07] [ERROR]: /home/bozdo/Desktop/sempai/sempai.help-back/api/upload.js
[11/11/2018 - 18:10:07] [ERROR]: /home/bozdo/Desktop/sempai/sempai.help-back/api/upload.js
[11/11/2018 - 18:10:07] [ERROR]: /home/bozdo/Desktop/sempai/sempai.help-back/api/upload.js
[11/11/2018 - 18:10:07] [ERROR]: /home/bozdo/Desktop/sempai/sempai.help-back/api/upload.js
[11/11/2018 - 18:10:07] [ERROR]: /home/bozdo/Desktop/sempai/sempai.help-back/api/upload.js
[11/11/2018 - 18:10:07] [ERROR]: /home/bozdo/Desktop/sempai/sempai.help-back/api/upload.js
[11/11/2018 - 18:10:07] [ERROR]: /home/bozdo/Desktop/sempai/sempai.help-back/api/upload.js
[11/11/2018 - 18:10:07] [ERROR]: /home/bozdo/Desktop/sempai/sempai.help-back/api/upload.js
[11/11/2018 - 18:10:07] [ERROR]: /home/bozdo/Desktop/sempai/sempai.help-back/api/upload.js
[11/11/2018 - 18:10:07] [ERROR]: /home/bozdo/Desktop/sempai/sempai.help-back/api/upload.js
[11/11/2018 - 18:10:07] [ERROR]: /home/bozdo/Desktop/sempai/sempai.help-back/api/upload.js
[11/11/2018 - 18:10:07] [ERROR]: /home/bozdo/Desktop/sempai/sempai.help-back/api/upload.js
[11/11/2018 - 18:10:07] [ERROR]: /home/bozdo/Desktop/sempai/sempai.help-back/api/upload.js
[11/11/2018 - 18:10:07] [ERROR]: /home/bozdo/Desktop/sempai/sempai.help-back/api/upload.js
[11/11/2018 - 18:10:07] [ERROR]: /home/bozdo/Desktop/sempai/sempai.help-back/api/upload.js
[11/11/2018 - 18:10:07] [ERROR]: /home/bozdo/Desktop/sempai/sempai.help-back/api/upload.js
[11/11/2018 - 18:10:07] [ERROR]: /home/bozdo/Desktop/sempai/sempai.help-back/api/upload.js
[11/11/2018 - 18:10:07] [ERROR]: /home/bozdo/Desktop/sempai/sempai.help-back/api/upload.js
[11/11/2018 - 18:10:07] [ERROR]: /home/bozdo/Desktop/sempai/sempai.help-back/api/upload.js
[11/11/2018 - 18:10:07] [ERROR]: /home/bozdo/Desktop/sempai/sempai.help-back/api/upload.js
[11/11/2018 - 18:10:07] [ERROR]: /home/bozdo/Desktop/sempai/sempai.help-back/api/upload.js
[11/11/2018 - 18:10:07] [ERROR]: /home/bozdo/Desktop/sempai/sempai.help-back/api/upload.js
[11/11/2018 - 18:10:07] [ERROR]: /home/bozdo/Desktop/sempai/sempai.help-back/api/upload.js
[11/11/2018 - 18:10:07] [ERROR]: /home/bozdo/Desktop/sempai/sempai.help-back/api/upload.js
[11/11/2018 - 18:10:07] [ERROR]: /home/bozdo/Desktop/sempai/sempai.help-back/api/upload.js
[11/11/2018 - 18:10:07] [ERROR]: /home/bozdo/Desktop/sempai/sempai.help-back/api/upload.js
[11/11/2018 - 18:10:07] [ERROR]: /home/bozdo/Desktop/sempai/sempai.help-back/api/upload.js
[11/11/2018 - 18:10:08] [ERROR]: /home/bozdo/Desktop/sempai/sempai.help-back/api/upload.js
[11/11/2018 - 18:10:08] [ERROR]: /home/bozdo/Desktop/sempai/sempai.help-back/api/upload.js
[11/11/2018 - 18:10:08] [ERROR]: /home/bozdo/Desktop/sempai/sempai.help-back/api/upload.js
[11/11/2018 - 18:10:08] [ERROR]: /home/bozdo/Desktop/sempai/sempai.help-back/api/upload.js
[11/11/2018 - 18:10:08] [ERROR]: /home/bozdo/Desktop/sempai/sempai.help-back/api/upload.js
[11/11/2018 - 18:10:08] [ERROR]: /home/bozdo/Desktop/sempai/sempai.help-back/api/upload.js
[11/11/2018 - 18:10:08] [ERROR]: /home/bozdo/Desktop/sempai/sempai.help-back/api/upload.js
[11/11/2018 - 18:10:08] [ERROR]: /home/bozdo/Desktop/sempai/sempai.help-back/api/upload.js
[11/11/2018 - 18:10:08] [ERROR]: /home/bozdo/Desktop/sempai/sempai.help-back/api/upload.js
[11/11/2018 - 18:10:08] [ERROR]: /home/bozdo/Desktop/sempai/sempai.help-back/api/upload.js
[11/11/2018 - 18:10:08] [ERROR]: /home/bozdo/Desktop/sempai/sempai.help-back/api/upload.js
[11/11/2018 - 18:10:08] [ERROR]: /home/bozdo/Desktop/sempai/sempai.help-back/api/upload.js
[11/11/2018 - 18:10:08] [ERROR]: /home/bozdo/Desktop/sempai/sempai.help-back/api/upload.js
[11/11/2018 - 18:10:08] [ERROR]: /home/bozdo/Desktop/sempai/sempai.help-back/api/upload.js
[11/11/2018 - 18:10:08] [ERROR]: /home/bozdo/Desktop/sempai/sempai.help-back/api/upload.js
[11/11/2018 - 18:10:08] [ERROR]: /home/bozdo/Desktop/sempai/sempai.help-back/api/upload.js
[11/11/2018 - 18:10:08] [ERROR]: /home/bozdo/Desktop/sempai/sempai.help-back/api/upload.js
[11/11/2018 - 18:10:08] [ERROR]: /home/bozdo/Desktop/sempai/sempai.help-back/api/upload.js
[11/11/2018 - 18:10:08] [ERROR]: /home/bozdo/Desktop/sempai/sempai.help-back/api/upload.js
[11/11/2018 - 18:10:08] [ERROR]: /home/bozdo/Desktop/sempai/sempai.help-back/api/upload.js
[11/11/2018 - 18:10:08] [ERROR]: /home/bozdo/Desktop/sempai/sempai.help-back/api/upload.js
[11/11/2018 - 18:10:08] [ERROR]: /home/bozdo/Desktop/sempai/sempai.help-back/api/upload.js
[11/11/2018 - 18:10:08] [ERROR]: /home/bozdo/Desktop/sempai/sempai.help-back/api/upload.js
[11/11/2018 - 18:10:08] [ERROR]: /home/bozdo/Desktop/sempai/sempai.help-back/api/upload.js
[11/11/2018 - 18:10:08] [ERROR]: /home/bozdo/Desktop/sempai/sempai.help-back/api/upload.js
[11/11/2018 - 18:10:08] [ERROR]: /home/bozdo/Desktop/sempai/sempai.help-back/api/upload.js
[11/11/2018 - 18:10:08] [ERROR]: /home/bozdo/Desktop/sempai/sempai.help-back/api/upload.js
[11/11/2018 - 18:10:08] [ERROR]: /home/bozdo/Desktop/sempai/sempai.help-back/api/upload.js
[11/11/2018 - 18:10:08] [ERROR]: /home/bozdo/Desktop/sempai/sempai.help-back/api/upload.js
[11/11/2018 - 18:10:08] [ERROR]: /home/bozdo/Desktop/sempai/sempai.help-back/api/upload.js
[11/11/2018 - 18:10:08] [ERROR]: /home/bozdo/Desktop/sempai/sempai.help-back/api/upload.js
[11/11/2018 - 18:10:08] [ERROR]: /home/bozdo/Desktop/sempai/sempai.help-back/api/upload.js
[11/11/2018 - 18:10:08] [ERROR]: /home/bozdo/Desktop/sempai/sempai.help-back/api/upload.js
[11/11/2018 - 18:10:08] [ERROR]: /home/bozdo/Desktop/sempai/sempai.help-back/api/upload.js
[11/11/2018 - 18:10:08] [ERROR]: /home/bozdo/Desktop/sempai/sempai.help-back/api/upload.js
[11/11/2018 - 18:10:08] [ERROR]: /home/bozdo/Desktop/sempai/sempai.help-back/api/upload.js
[11/11/2018 - 18:10:08] [ERROR]: /home/bozdo/Desktop/sempai/sempai.help-back/api/upload.js
[11/11/2018 - 18:10:08] [ERROR]: /home/bozdo/Desktop/sempai/sempai.help-back/api/upload.js
[11/11/2018 - 18:10:08] [ERROR]: /home/bozdo/Desktop/sempai/sempai.help-back/api/upload.js
[11/11/2018 - 18:10:08] [ERROR]: /home/bozdo/Desktop/sempai/sempai.help-back/api/upload.js
[11/11/2018 - 18:10:09] [ERROR]: /home/bozdo/Desktop/sempai/sempai.help-back/api/upload.js
[11/11/2018 - 18:10:09] [ERROR]: /home/bozdo/Desktop/sempai/sempai.help-back/api/upload.js
[11/11/2018 - 18:10:09] [ERROR]: /home/bozdo/Desktop/sempai/sempai.help-back/api/upload.js
[11/11/2018 - 18:10:09] [ERROR]: /home/bozdo/Desktop/sempai/sempai.help-back/api/upload.js
[11/11/2018 - 18:10:09] [ERROR]: /home/bozdo/Desktop/sempai/sempai.help-back/api/upload.js
[11/11/2018 - 18:10:09] [ERROR]: /home/bozdo/Desktop/sempai/sempai.help-back/api/upload.js
[11/11/2018 - 18:10:09] [ERROR]: /home/bozdo/Desktop/sempai/sempai.help-back/api/upload.js
[11/11/2018 - 18:10:09] [ERROR]: /home/bozdo/Desktop/sempai/sempai.help-back/api/upload.js
[11/11/2018 - 18:10:09] [ERROR]: /home/bozdo/Desktop/sempai/sempai.help-back/api/upload.js
[11/11/2018 - 18:10:09] [ERROR]: /home/bozdo/Desktop/sempai/sempai.help-back/api/upload.js
[11/11/2018 - 18:10:09] [ERROR]: /home/bozdo/Desktop/sempai/sempai.help-back/api/upload.js
[11/11/2018 - 18:10:09] [ERROR]: /home/bozdo/Desktop/sempai/sempai.help-back/api/upload.js
[11/11/2018 - 18:10:09] [ERROR]: /home/bozdo/Desktop/sempai/sempai.help-back/api/upload.js
[11/11/2018 - 18:10:09] [ERROR]: /home/bozdo/Desktop/sempai/sempai.help-back/api/upload.js
[11/11/2018 - 18:10:09] [ERROR]: /home/bozdo/Desktop/sempai/sempai.help-back/api/upload.js
[11/11/2018 - 18:10:09] [ERROR]: /home/bozdo/Desktop/sempai/sempai.help-back/api/upload.js
[11/11/2018 - 18:10:09] [ERROR]: /home/bozdo/Desktop/sempai/sempai.help-back/api/upload.js
[11/11/2018 - 18:10:09] [ERROR]: /home/bozdo/Desktop/sempai/sempai.help-back/api/upload.js
[11/11/2018 - 18:10:09] [ERROR]: /home/bozdo/Desktop/sempai/sempai.help-back/api/upload.js
[11/11/2018 - 18:10:09] [ERROR]: /home/bozdo/Desktop/sempai/sempai.help-back/api/upload.js
[11/11/2018 - 18:10:09] [ERROR]: /home/bozdo/Desktop/sempai/sempai.help-back/api/upload.js
[11/11/2018 - 18:10:09] [ERROR]: /home/bozdo/Desktop/sempai/sempai.help-back/api/upload.js
[11/11/2018 - 18:10:09] [ERROR]: /home/bozdo/Desktop/sempai/sempai.help-back/api/upload.js
[11/11/2018 - 18:10:09] [ERROR]: /home/bozdo/Desktop/sempai/sempai.help-back/api/upload.js
[11/11/2018 - 18:10:09] [ERROR]: /home/bozdo/Desktop/sempai/sempai.help-back/api/upload.js
[11/11/2018 - 18:10:09] [ERROR]: /home/bozdo/Desktop/sempai/sempai.help-back/api/upload.js
[11/11/2018 - 18:10:09] [ERROR]: /home/bozdo/Desktop/sempai/sempai.help-back/api/upload.js
[11/11/2018 - 18:10:09] [ERROR]: /home/bozdo/Desktop/sempai/sempai.help-back/api/upload.js
[11/11/2018 - 18:10:09] [ERROR]: /home/bozdo/Desktop/sempai/sempai.help-back/api/upload.js
[11/11/2018 - 18:10:09] [ERROR]: /home/bozdo/Desktop/sempai/sempai.help-back/api/upload.js
[11/11/2018 - 18:10:09] [ERROR]: /home/bozdo/Desktop/sempai/sempai.help-back/api/upload.js
[11/11/2018 - 18:10:09] [ERROR]: /home/bozdo/Desktop/sempai/sempai.help-back/api/upload.js
[11/11/2018 - 18:10:09] [ERROR]: /home/bozdo/Desktop/sempai/sempai.help-back/api/upload.js
[11/11/2018 - 18:10:09] [ERROR]: /home/bozdo/Desktop/sempai/sempai.help-back/api/upload.js
[11/11/2018 - 18:10:09] [ERROR]: /home/bozdo/Desktop/sempai/sempai.help-back/api/upload.js
[11/11/2018 - 18:10:09] [ERROR]: /home/bozdo/Desktop/sempai/sempai.help-back/api/upload.js
[11/11/2018 - 18:10:09] [ERROR]: /home/bozdo/Desktop/sempai/sempai.help-back/api/upload.js
[11/11/2018 - 18:10:09] [ERROR]: /home/bozdo/Desktop/sempai/sempai.help-back/api/upload.js
[11/11/2018 - 18:10:09] [ERROR]: /home/bozdo/Desktop/sempai/sempai.help-back/api/upload.js
[11/11/2018 - 18:10:10] [ERROR]: /home/bozdo/Desktop/sempai/sempai.help-back/api/upload.js
[11/11/2018 - 18:10:10] [ERROR]: /home/bozdo/Desktop/sempai/sempai.help-back/api/upload.js
[11/11/2018 - 18:10:10] [ERROR]: /home/bozdo/Desktop/sempai/sempai.help-back/api/upload.js
[11/11/2018 - 18:10:10] [ERROR]: /home/bozdo/Desktop/sempai/sempai.help-back/api/upload.js
[11/11/2018 - 18:10:10] [ERROR]: /home/bozdo/Desktop/sempai/sempai.help-back/api/upload.js
[11/11/2018 - 18:10:10] [ERROR]: /home/bozdo/Desktop/sempai/sempai.help-back/api/upload.js
[11/11/2018 - 18:10:10] [ERROR]: /home/bozdo/Desktop/sempai/sempai.help-back/api/upload.js
[11/11/2018 - 18:10:10] [ERROR]: /home/bozdo/Desktop/sempai/sempai.help-back/api/upload.js
[11/11/2018 - 18:10:10] [ERROR]: /home/bozdo/Desktop/sempai/sempai.help-back/api/upload.js
[11/11/2018 - 18:10:10] [ERROR]: /home/bozdo/Desktop/sempai/sempai.help-back/api/upload.js
[11/11/2018 - 18:10:10] [ERROR]: /home/bozdo/Desktop/sempai/sempai.help-back/api/upload.js
[11/11/2018 - 18:10:10] [ERROR]: /home/bozdo/Desktop/sempai/sempai.help-back/api/upload.js
[11/11/2018 - 18:10:10] [ERROR]: /home/bozdo/Desktop/sempai/sempai.help-back/api/upload.js
[11/11/2018 - 18:10:10] [ERROR]: /home/bozdo/Desktop/sempai/sempai.help-back/api/upload.js
[11/11/2018 - 18:10:10] [ERROR]: /home/bozdo/Desktop/sempai/sempai.help-back/api/upload.js
[11/11/2018 - 18:10:10] [ERROR]: /home/bozdo/Desktop/sempai/sempai.help-back/api/upload.js
[11/11/2018 - 18:10:10] [ERROR]: /home/bozdo/Desktop/sempai/sempai.help-back/api/upload.js
[11/11/2018 - 18:10:10] [ERROR]: /home/bozdo/Desktop/sempai/sempai.help-back/api/upload.js
[11/11/2018 - 18:10:35] [ERROR]: /home/bozdo/Desktop/sempai/sempai.help-back/api/upload.js
[11/11/2018 - 18:10:35] [ERROR]: /home/bozdo/Desktop/sempai/sempai.help-back/api/upload.js
[11/11/2018 - 18:10:35] [ERROR]: /home/bozdo/Desktop/sempai/sempai.help-back/api/upload.js
[11/11/2018 - 18:10:35] [ERROR]: /home/bozdo/Desktop/sempai/sempai.help-back/api/upload.js
[11/11/2018 - 18:10:35] [ERROR]: /home/bozdo/Desktop/sempai/sempai.help-back/api/upload.js
[11/11/2018 - 18:10:35] [ERROR]: /home/bozdo/Desktop/sempai/sempai.help-back/api/upload.js
[11/11/2018 - 18:10:35] [ERROR]: /home/bozdo/Desktop/sempai/sempai.help-back/api/upload.js
[11/11/2018 - 18:10:35] [ERROR]: /home/bozdo/Desktop/sempai/sempai.help-back/api/upload.js
[11/11/2018 - 18:10:35] [ERROR]: /home/bozdo/Desktop/sempai/sempai.help-back/api/upload.js
[11/11/2018 - 18:10:35] [ERROR]: /home/bozdo/Desktop/sempai/sempai.help-back/api/upload.js
[11/11/2018 - 18:10:35] [ERROR]: /home/bozdo/Desktop/sempai/sempai.help-back/api/upload.js
[11/11/2018 - 18:10:35] [ERROR]: /home/bozdo/Desktop/sempai/sempai.help-back/api/upload.js
[11/11/2018 - 18:10:35] [ERROR]: /home/bozdo/Desktop/sempai/sempai.help-back/api/upload.js
[11/11/2018 - 18:10:35] [ERROR]: /home/bozdo/Desktop/sempai/sempai.help-back/api/upload.js
[11/11/2018 - 18:10:35] [ERROR]: /home/bozdo/Desktop/sempai/sempai.help-back/api/upload.js
[11/11/2018 - 18:10:35] [ERROR]: /home/bozdo/Desktop/sempai/sempai.help-back/api/upload.js
[11/11/2018 - 18:10:35] [ERROR]: /home/bozdo/Desktop/sempai/sempai.help-back/api/upload.js
[11/11/2018 - 18:10:35] [ERROR]: /home/bozdo/Desktop/sempai/sempai.help-back/api/upload.js
[11/11/2018 - 18:10:36] [ERROR]: /home/bozdo/Desktop/sempai/sempai.help-back/api/upload.js
[11/11/2018 - 18:10:36] [ERROR]: /home/bozdo/Desktop/sempai/sempai.help-back/api/upload.js
[11/11/2018 - 18:10:36] [ERROR]: /home/bozdo/Desktop/sempai/sempai.help-back/api/upload.js
[11/11/2018 - 18:10:36] [ERROR]: /home/bozdo/Desktop/sempai/sempai.help-back/api/upload.js
[11/11/2018 - 18:10:36] [ERROR]: /home/bozdo/Desktop/sempai/sempai.help-back/api/upload.js
[11/11/2018 - 18:10:36] [ERROR]: /home/bozdo/Desktop/sempai/sempai.help-back/api/upload.js
[11/11/2018 - 18:10:36] [ERROR]: /home/bozdo/Desktop/sempai/sempai.help-back/api/upload.js
[11/11/2018 - 18:10:36] [ERROR]: /home/bozdo/Desktop/sempai/sempai.help-back/api/upload.js
[11/11/2018 - 18:10:36] [ERROR]: /home/bozdo/Desktop/sempai/sempai.help-back/api/upload.js
[11/11/2018 - 18:10:36] [ERROR]: /home/bozdo/Desktop/sempai/sempai.help-back/api/upload.js
[11/11/2018 - 18:10:36] [ERROR]: /home/bozdo/Desktop/sempai/sempai.help-back/api/upload.js
[11/11/2018 - 18:10:36] [ERROR]: /home/bozdo/Desktop/sempai/sempai.help-back/api/upload.js
[11/11/2018 - 18:10:36] [ERROR]: /home/bozdo/Desktop/sempai/sempai.help-back/api/upload.js
[11/11/2018 - 18:10:36] [ERROR]: /home/bozdo/Desktop/sempai/sempai.help-back/api/upload.js
[11/11/2018 - 18:10:36] [ERROR]: /home/bozdo/Desktop/sempai/sempai.help-back/api/upload.js
[11/11/2018 - 18:10:36] [ERROR]: /home/bozdo/Desktop/sempai/sempai.help-back/api/upload.js
[11/11/2018 - 18:10:36] [ERROR]: /home/bozdo/Desktop/sempai/sempai.help-back/api/upload.js
[11/11/2018 - 18:10:36] [ERROR]: /home/bozdo/Desktop/sempai/sempai.help-back/api/upload.js
[11/11/2018 - 18:10:36] [ERROR]: /home/bozdo/Desktop/sempai/sempai.help-back/api/upload.js
[11/11/2018 - 18:10:36] [ERROR]: /home/bozdo/Desktop/sempai/sempai.help-back/api/upload.js
[11/11/2018 - 18:10:36] [ERROR]: /home/bozdo/Desktop/sempai/sempai.help-back/api/upload.js
[11/11/2018 - 18:10:36] [ERROR]: /home/bozdo/Desktop/sempai/sempai.help-back/api/upload.js
[11/11/2018 - 18:10:36] [ERROR]: /home/bozdo/Desktop/sempai/sempai.help-back/api/upload.js
[11/11/2018 - 18:10:36] [ERROR]: /home/bozdo/Desktop/sempai/sempai.help-back/api/upload.js
[11/11/2018 - 18:10:37] [ERROR]: /home/bozdo/Desktop/sempai/sempai.help-back/api/upload.js
[11/11/2018 - 18:10:37] [ERROR]: /home/bozdo/Desktop/sempai/sempai.help-back/api/upload.js
[11/11/2018 - 18:10:37] [ERROR]: /home/bozdo/Desktop/sempai/sempai.help-back/api/upload.js
[11/11/2018 - 18:10:37] [ERROR]: /home/bozdo/Desktop/sempai/sempai.help-back/api/upload.js
[11/11/2018 - 18:10:37] [ERROR]: /home/bozdo/Desktop/sempai/sempai.help-back/api/upload.js
[11/11/2018 - 18:10:37] [ERROR]: /home/bozdo/Desktop/sempai/sempai.help-back/api/upload.js
[11/11/2018 - 18:10:37] [ERROR]: /home/bozdo/Desktop/sempai/sempai.help-back/api/upload.js
[11/11/2018 - 18:10:37] [ERROR]: /home/bozdo/Desktop/sempai/sempai.help-back/api/upload.js
[11/11/2018 - 18:10:53] [ERROR]: Cannot read property 'pipe' of undefined
[11/11/2018 - 18:10:53] [ERROR]: Cannot read property 'pipe' of undefined
[11/11/2018 - 18:10:54] [ERROR]: Cannot read property 'pipe' of undefined
[11/11/2018 - 18:10:54] [ERROR]: Cannot read property 'pipe' of undefined
[11/11/2018 - 18:10:54] [ERROR]: Cannot read property 'pipe' of undefined
[11/11/2018 - 18:10:54] [ERROR]: Cannot read property 'pipe' of undefined
[11/11/2018 - 18:10:54] [ERROR]: Cannot read property 'pipe' of undefined
[11/11/2018 - 18:10:54] [ERROR]: Cannot read property 'pipe' of undefined
[11/11/2018 - 18:10:54] [ERROR]: Cannot read property 'pipe' of undefined
[11/11/2018 - 18:10:54] [ERROR]: Cannot read property 'pipe' of undefined
[11/11/2018 - 18:10:54] [ERROR]: Cannot read property 'pipe' of undefined
[11/11/2018 - 18:10:54] [ERROR]: Cannot read property 'pipe' of undefined
[11/11/2018 - 18:10:54] [ERROR]: Cannot read property 'pipe' of undefined
[11/11/2018 - 18:10:54] [ERROR]: Cannot read property 'pipe' of undefined
[11/11/2018 - 18:10:54] [ERROR]: Cannot read property 'pipe' of undefined
[11/11/2018 - 18:10:54] [ERROR]: Cannot read property 'pipe' of undefined
[11/11/2018 - 18:10:54] [ERROR]: Cannot read property 'pipe' of undefined
[11/11/2018 - 18:10:54] [ERROR]: Cannot read property 'pipe' of undefined
[11/11/2018 - 18:10:54] [ERROR]: Cannot read property 'pipe' of undefined
[11/11/2018 - 18:10:54] [ERROR]: Cannot read property 'pipe' of undefined
[11/11/2018 - 18:10:54] [ERROR]: Cannot read property 'pipe' of undefined
[11/11/2018 - 18:10:54] [ERROR]: Cannot read property 'pipe' of undefined
[11/11/2018 - 18:10:54] [ERROR]: Cannot read property 'pipe' of undefined
[11/11/2018 - 18:10:54] [ERROR]: Cannot read property 'pipe' of undefined
[11/11/2018 - 18:10:54] [ERROR]: Cannot read property 'pipe' of undefined
[11/11/2018 - 18:10:54] [ERROR]: Cannot read property 'pipe' of undefined
[11/11/2018 - 18:10:54] [ERROR]: Cannot read property 'pipe' of undefined
[11/11/2018 - 18:10:55] [ERROR]: Cannot read property 'pipe' of undefined
[11/11/2018 - 18:10:55] [ERROR]: Cannot read property 'pipe' of undefined
[11/11/2018 - 18:10:55] [ERROR]: Cannot read property 'pipe' of undefined
[11/11/2018 - 18:10:55] [ERROR]: Cannot read property 'pipe' of undefined
[11/11/2018 - 18:10:55] [ERROR]: Cannot read property 'pipe' of undefined
[11/11/2018 - 18:10:55] [ERROR]: Cannot read property 'pipe' of undefined
[11/11/2018 - 18:10:55] [ERROR]: Cannot read property 'pipe' of undefined
[11/11/2018 - 18:10:55] [ERROR]: Cannot read property 'pipe' of undefined
[11/11/2018 - 18:10:55] [ERROR]: Cannot read property 'pipe' of undefined
[11/11/2018 - 18:10:55] [ERROR]: Cannot read property 'pipe' of undefined
[11/11/2018 - 18:10:55] [ERROR]: Cannot read property 'pipe' of undefined
[11/11/2018 - 18:10:55] [ERROR]: Cannot read property 'pipe' of undefined
[11/11/2018 - 18:10:55] [ERROR]: Cannot read property 'pipe' of undefined
[11/11/2018 - 18:10:55] [ERROR]: Cannot read property 'pipe' of undefined
[11/11/2018 - 18:10:55] [ERROR]: Cannot read property 'pipe' of undefined
[11/11/2018 - 18:10:55] [ERROR]: Cannot read property 'pipe' of undefined
[11/11/2018 - 18:10:55] [ERROR]: Cannot read property 'pipe' of undefined
[11/11/2018 - 18:10:55] [ERROR]: Cannot read property 'pipe' of undefined
[11/11/2018 - 18:10:55] [ERROR]: Cannot read property 'pipe' of undefined
[11/11/2018 - 18:10:55] [ERROR]: Cannot read property 'pipe' of undefined
[11/11/2018 - 18:10:55] [ERROR]: Cannot read property 'pipe' of undefined
[11/11/2018 - 18:10:56] [ERROR]: Cannot read property 'pipe' of undefined
[11/11/2018 - 18:10:56] [ERROR]: Cannot read property 'pipe' of undefined
[11/11/2018 - 18:13:29] [ERROR]: Cannot read property 'rstream' of undefined
[11/11/2018 - 18:14:05] [ERROR]: Cannot read property 'rstream' of undefined
[11/11/2018 - 18:14:57] [ERROR]: files is not defined
[11/11/2018 - 18:15:32] [ERROR]: Cannot read property 'length' of undefined
[11/11/2018 - 18:18:19] [ERROR]: Cannot read property 'length' of undefined
[11/11/2018 - 18:22:24] [ERROR]: Cannot read property 'on' of undefined
[11/11/2018 - 18:22:24] [ERROR]: Cannot read property 'on' of undefined
[11/11/2018 - 18:22:24] [ERROR]: Cannot read property 'on' of undefined
[11/11/2018 - 18:22:24] [ERROR]: Cannot read property 'on' of undefined
[11/11/2018 - 18:22:24] [ERROR]: Cannot read property 'on' of undefined
[11/11/2018 - 18:22:24] [ERROR]: Cannot read property 'on' of undefined
[11/11/2018 - 18:22:24] [ERROR]: Cannot read property 'on' of undefined
[11/11/2018 - 18:22:25] [ERROR]: Cannot read property 'on' of undefined
[11/11/2018 - 18:22:25] [ERROR]: Cannot read property 'on' of undefined
[11/11/2018 - 18:22:25] [ERROR]: Cannot read property 'on' of undefined
[11/11/2018 - 18:22:25] [ERROR]: Cannot read property 'on' of undefined
[11/11/2018 - 18:22:25] [ERROR]: Cannot read property 'on' of undefined
[11/11/2018 - 18:22:25] [ERROR]: Cannot read property 'on' of undefined
[11/11/2018 - 18:22:25] [ERROR]: Cannot read property 'on' of undefined
[11/11/2018 - 18:22:25] [ERROR]: Cannot read property 'on' of undefined
[11/11/2018 - 18:22:25] [ERROR]: Cannot read property 'on' of undefined
[11/11/2018 - 18:22:25] [ERROR]: Cannot read property 'on' of undefined
[11/11/2018 - 18:22:25] [ERROR]: Cannot read property 'on' of undefined
[11/11/2018 - 18:22:25] [ERROR]: Cannot read property 'on' of undefined
[11/11/2018 - 18:22:25] [ERROR]: Cannot read property 'on' of undefined
[11/11/2018 - 18:22:25] [ERROR]: Cannot read property 'on' of undefined
[11/11/2018 - 18:22:25] [ERROR]: Cannot read property 'on' of undefined
[11/11/2018 - 18:22:25] [ERROR]: Cannot read property 'on' of undefined
[11/11/2018 - 18:22:25] [ERROR]: Cannot read property 'on' of undefined
[11/11/2018 - 18:22:25] [ERROR]: Cannot read property 'on' of undefined
[11/11/2018 - 18:22:25] [ERROR]: Cannot read property 'on' of undefined
[11/11/2018 - 18:22:25] [ERROR]: Cannot read property 'on' of undefined
[11/11/2018 - 18:22:25] [ERROR]: Cannot read property 'on' of undefined
[11/11/2018 - 18:22:25] [ERROR]: Cannot read property 'on' of undefined
[11/11/2018 - 18:22:25] [ERROR]: Cannot read property 'on' of undefined
[11/11/2018 - 18:22:25] [ERROR]: Cannot read property 'on' of undefined
[11/11/2018 - 18:22:26] [ERROR]: Cannot read property 'on' of undefined
[11/11/2018 - 18:22:26] [ERROR]: Cannot read property 'on' of undefined
[11/11/2018 - 18:22:26] [ERROR]: Cannot read property 'on' of undefined
[11/11/2018 - 18:22:26] [ERROR]: Cannot read property 'on' of undefined
[11/11/2018 - 18:22:26] [ERROR]: Cannot read property 'on' of undefined
[11/11/2018 - 18:22:26] [ERROR]: Cannot read property 'on' of undefined
[11/11/2018 - 18:22:26] [ERROR]: Cannot read property 'on' of undefined
[11/11/2018 - 18:22:26] [ERROR]: Cannot read property 'on' of undefined
[11/11/2018 - 18:22:26] [ERROR]: Cannot read property 'on' of undefined
[11/11/2018 - 18:22:26] [ERROR]: Cannot read property 'on' of undefined
[11/11/2018 - 18:22:26] [ERROR]: Cannot read property 'on' of undefined
[11/11/2018 - 18:22:26] [ERROR]: Cannot read property 'on' of undefined
[11/11/2018 - 18:22:26] [ERROR]: Cannot read property 'on' of undefined
[11/11/2018 - 18:22:26] [ERROR]: Cannot read property 'on' of undefined
[11/11/2018 - 18:22:26] [ERROR]: Cannot read property 'on' of undefined
[11/11/2018 - 18:22:26] [ERROR]: Cannot read property 'on' of undefined
[11/11/2018 - 18:22:26] [ERROR]: Cannot read property 'on' of undefined
[11/11/2018 - 18:22:26] [ERROR]: Cannot read property 'on' of undefined
[11/11/2018 - 18:22:26] [ERROR]: Cannot read property 'on' of undefined
[11/11/2018 - 18:24:58] [ERROR]: fileInfo.wstream is not a function
[11/11/2018 - 18:24:58] [ERROR]: fileInfo.wstream is not a function
[11/11/2018 - 18:24:58] [ERROR]: fileInfo.wstream is not a function
[11/11/2018 - 18:24:58] [ERROR]: fileInfo.wstream is not a function
[11/11/2018 - 18:24:58] [ERROR]: fileInfo.wstream is not a function
[11/11/2018 - 18:24:58] [ERROR]: fileInfo.wstream is not a function
[11/11/2018 - 18:24:59] [ERROR]: fileInfo.wstream is not a function
[11/11/2018 - 18:24:59] [ERROR]: fileInfo.wstream is not a function
[11/11/2018 - 18:24:59] [ERROR]: fileInfo.wstream is not a function
[11/11/2018 - 18:24:59] [ERROR]: fileInfo.wstream is not a function
[11/11/2018 - 18:24:59] [ERROR]: fileInfo.wstream is not a function
[11/11/2018 - 18:24:59] [ERROR]: fileInfo.wstream is not a function
[11/11/2018 - 18:24:59] [ERROR]: fileInfo.wstream is not a function
[11/11/2018 - 18:24:59] [ERROR]: fileInfo.wstream is not a function
[11/11/2018 - 18:24:59] [ERROR]: fileInfo.wstream is not a function
[11/11/2018 - 18:24:59] [ERROR]: fileInfo.wstream is not a function
[11/11/2018 - 18:24:59] [ERROR]: fileInfo.wstream is not a function
[11/11/2018 - 18:24:59] [ERROR]: fileInfo.wstream is not a function
[11/11/2018 - 18:24:59] [ERROR]: fileInfo.wstream is not a function
[11/11/2018 - 18:24:59] [ERROR]: fileInfo.wstream is not a function
[11/11/2018 - 18:24:59] [ERROR]: fileInfo.wstream is not a function
[11/11/2018 - 18:24:59] [ERROR]: fileInfo.wstream is not a function
[11/11/2018 - 18:24:59] [ERROR]: fileInfo.wstream is not a function
[11/11/2018 - 18:24:59] [ERROR]: fileInfo.wstream is not a function
[11/11/2018 - 18:24:59] [ERROR]: fileInfo.wstream is not a function
[11/11/2018 - 18:24:59] [ERROR]: fileInfo.wstream is not a function
[11/11/2018 - 18:24:59] [ERROR]: fileInfo.wstream is not a function
[11/11/2018 - 18:24:59] [ERROR]: fileInfo.wstream is not a function
[11/11/2018 - 18:24:59] [ERROR]: fileInfo.wstream is not a function
[11/11/2018 - 18:24:59] [ERROR]: fileInfo.wstream is not a function
[11/11/2018 - 18:24:59] [ERROR]: fileInfo.wstream is not a function
[11/11/2018 - 18:25:00] [ERROR]: fileInfo.wstream is not a function
[11/11/2018 - 18:25:00] [ERROR]: fileInfo.wstream is not a function
[11/11/2018 - 18:25:00] [ERROR]: fileInfo.wstream is not a function
[11/11/2018 - 18:25:00] [ERROR]: fileInfo.wstream is not a function
[11/11/2018 - 18:25:00] [ERROR]: fileInfo.wstream is not a function
[11/11/2018 - 18:25:00] [ERROR]: fileInfo.wstream is not a function
[11/11/2018 - 18:25:00] [ERROR]: fileInfo.wstream is not a function
[11/11/2018 - 18:25:00] [ERROR]: fileInfo.wstream is not a function
[11/11/2018 - 18:25:00] [ERROR]: fileInfo.wstream is not a function
[11/11/2018 - 18:25:00] [ERROR]: fileInfo.wstream is not a function
[11/11/2018 - 18:25:00] [ERROR]: fileInfo.wstream is not a function
[11/11/2018 - 18:25:00] [ERROR]: fileInfo.wstream is not a function
[11/11/2018 - 18:25:00] [ERROR]: fileInfo.wstream is not a function
[11/11/2018 - 18:25:00] [ERROR]: fileInfo.wstream is not a function
[11/11/2018 - 18:25:00] [ERROR]: fileInfo.wstream is not a function
[11/11/2018 - 18:25:00] [ERROR]: fileInfo.wstream is not a function
[11/11/2018 - 18:25:00] [ERROR]: fileInfo.wstream is not a function
[11/11/2018 - 18:25:00] [ERROR]: fileInfo.wstream is not a function
[11/11/2018 - 18:25:00] [ERROR]: fileInfo.wstream is not a function
[11/11/2018 - 18:25:08] [ERROR]: fileInfo.wstream is not a function
[11/11/2018 - 18:25:08] [ERROR]: fileInfo.wstream is not a function
[11/11/2018 - 18:25:08] [ERROR]: fileInfo.wstream is not a function
[11/11/2018 - 18:25:08] [ERROR]: fileInfo.wstream is not a function
[11/11/2018 - 18:25:08] [ERROR]: fileInfo.wstream is not a function
[11/11/2018 - 18:25:08] [ERROR]: fileInfo.wstream is not a function
[11/11/2018 - 18:25:08] [ERROR]: fileInfo.wstream is not a function
[11/11/2018 - 18:25:08] [ERROR]: fileInfo.wstream is not a function
[11/11/2018 - 18:25:08] [ERROR]: fileInfo.wstream is not a function
[11/11/2018 - 18:25:08] [ERROR]: fileInfo.wstream is not a function
[11/11/2018 - 18:25:08] [ERROR]: fileInfo.wstream is not a function
[11/11/2018 - 18:25:08] [ERROR]: fileInfo.wstream is not a function
[11/11/2018 - 18:25:08] [ERROR]: fileInfo.wstream is not a function
[11/11/2018 - 18:25:08] [ERROR]: fileInfo.wstream is not a function
[11/11/2018 - 18:25:08] [ERROR]: fileInfo.wstream is not a function
[11/11/2018 - 18:25:08] [ERROR]: fileInfo.wstream is not a function
[11/11/2018 - 18:25:08] [ERROR]: fileInfo.wstream is not a function
[11/11/2018 - 18:25:08] [ERROR]: fileInfo.wstream is not a function
[11/11/2018 - 18:25:08] [ERROR]: fileInfo.wstream is not a function
[11/11/2018 - 18:25:08] [ERROR]: fileInfo.wstream is not a function
[11/11/2018 - 18:25:09] [ERROR]: fileInfo.wstream is not a function
[11/11/2018 - 18:25:09] [ERROR]: fileInfo.wstream is not a function
[11/11/2018 - 18:25:09] [ERROR]: fileInfo.wstream is not a function
[11/11/2018 - 18:25:09] [ERROR]: fileInfo.wstream is not a function
[11/11/2018 - 18:25:09] [ERROR]: fileInfo.wstream is not a function
[11/11/2018 - 18:25:09] [ERROR]: fileInfo.wstream is not a function
[11/11/2018 - 18:25:09] [ERROR]: fileInfo.wstream is not a function
[11/11/2018 - 18:25:09] [ERROR]: fileInfo.wstream is not a function
[11/11/2018 - 18:25:09] [ERROR]: fileInfo.wstream is not a function
[11/11/2018 - 18:25:09] [ERROR]: fileInfo.wstream is not a function
[11/11/2018 - 18:25:09] [ERROR]: fileInfo.wstream is not a function
[11/11/2018 - 18:25:09] [ERROR]: fileInfo.wstream is not a function
[11/11/2018 - 18:25:09] [ERROR]: fileInfo.wstream is not a function
[11/11/2018 - 18:25:09] [ERROR]: fileInfo.wstream is not a function
[11/11/2018 - 18:25:09] [ERROR]: fileInfo.wstream is not a function
[11/11/2018 - 18:25:09] [ERROR]: fileInfo.wstream is not a function
[11/11/2018 - 18:25:09] [ERROR]: fileInfo.wstream is not a function
[11/11/2018 - 18:25:09] [ERROR]: fileInfo.wstream is not a function
[11/11/2018 - 18:25:09] [ERROR]: fileInfo.wstream is not a function
[11/11/2018 - 18:25:09] [ERROR]: fileInfo.wstream is not a function
[11/11/2018 - 18:25:09] [ERROR]: fileInfo.wstream is not a function
[11/11/2018 - 18:25:09] [ERROR]: fileInfo.wstream is not a function
[11/11/2018 - 18:25:09] [ERROR]: fileInfo.wstream is not a function
[11/11/2018 - 18:25:09] [ERROR]: fileInfo.wstream is not a function
[11/11/2018 - 18:25:10] [ERROR]: fileInfo.wstream is not a function
[11/11/2018 - 18:25:10] [ERROR]: fileInfo.wstream is not a function
[11/11/2018 - 18:25:10] [ERROR]: fileInfo.wstream is not a function
[11/11/2018 - 18:25:10] [ERROR]: fileInfo.wstream is not a function
[11/11/2018 - 18:25:10] [ERROR]: fileInfo.wstream is not a function
[11/11/2018 - 18:25:10] [ERROR]: fileInfo.wstream is not a function
[11/11/2018 - 18:26:34] [ERROR]: Cannot read property 'objectMode' of undefined
[11/11/2018 - 18:26:34] [ERROR]: Cannot read property 'objectMode' of undefined
[11/11/2018 - 18:26:34] [ERROR]: Cannot read property 'objectMode' of undefined
[11/11/2018 - 18:26:34] [ERROR]: Cannot read property 'objectMode' of undefined
[11/11/2018 - 18:26:34] [ERROR]: Cannot read property 'objectMode' of undefined
[11/11/2018 - 18:26:34] [ERROR]: Cannot read property 'objectMode' of undefined
[11/11/2018 - 18:26:34] [ERROR]: Cannot read property 'objectMode' of undefined
[11/11/2018 - 18:26:34] [ERROR]: Cannot read property 'objectMode' of undefined
[11/11/2018 - 18:26:34] [ERROR]: Cannot read property 'objectMode' of undefined
[11/11/2018 - 18:26:35] [ERROR]: Cannot read property 'objectMode' of undefined
[11/11/2018 - 18:26:35] [ERROR]: Cannot read property 'objectMode' of undefined
[11/11/2018 - 18:26:35] [ERROR]: Cannot read property 'objectMode' of undefined
[11/11/2018 - 18:26:35] [ERROR]: Cannot read property 'objectMode' of undefined
[11/11/2018 - 18:26:35] [ERROR]: Cannot read property 'objectMode' of undefined
[11/11/2018 - 18:26:35] [ERROR]: Cannot read property 'objectMode' of undefined
[11/11/2018 - 18:26:35] [ERROR]: Cannot read property 'objectMode' of undefined
[11/11/2018 - 18:26:35] [ERROR]: Cannot read property 'objectMode' of undefined
[11/11/2018 - 18:26:35] [ERROR]: Cannot read property 'objectMode' of undefined
[11/11/2018 - 18:26:35] [ERROR]: Cannot read property 'objectMode' of undefined
[11/11/2018 - 18:26:35] [ERROR]: Cannot read property 'objectMode' of undefined
[11/11/2018 - 18:26:35] [ERROR]: Cannot read property 'objectMode' of undefined
[11/11/2018 - 18:26:35] [ERROR]: Cannot read property 'objectMode' of undefined
[11/11/2018 - 18:26:35] [ERROR]: Cannot read property 'objectMode' of undefined
[11/11/2018 - 18:26:35] [ERROR]: Cannot read property 'objectMode' of undefined
[11/11/2018 - 18:26:35] [ERROR]: Cannot read property 'objectMode' of undefined
[11/11/2018 - 18:26:35] [ERROR]: Cannot read property 'objectMode' of undefined
[11/11/2018 - 18:26:35] [ERROR]: Cannot read property 'objectMode' of undefined
[11/11/2018 - 18:26:35] [ERROR]: Cannot read property 'objectMode' of undefined
[11/11/2018 - 18:26:35] [ERROR]: Cannot read property 'objectMode' of undefined
[11/11/2018 - 18:26:35] [ERROR]: Cannot read property 'objectMode' of undefined
[11/11/2018 - 18:26:35] [ERROR]: Cannot read property 'objectMode' of undefined
[11/11/2018 - 18:26:35] [ERROR]: Cannot read property 'objectMode' of undefined
[11/11/2018 - 18:26:35] [ERROR]: Cannot read property 'objectMode' of undefined
[11/11/2018 - 18:26:36] [ERROR]: Cannot read property 'objectMode' of undefined
[11/11/2018 - 18:26:36] [ERROR]: Cannot read property 'objectMode' of undefined
[11/11/2018 - 18:26:36] [ERROR]: Cannot read property 'objectMode' of undefined
[11/11/2018 - 18:26:36] [ERROR]: Cannot read property 'objectMode' of undefined
[11/11/2018 - 18:26:36] [ERROR]: Cannot read property 'objectMode' of undefined
[11/11/2018 - 18:26:36] [ERROR]: Cannot read property 'objectMode' of undefined
[11/11/2018 - 18:26:36] [ERROR]: Cannot read property 'objectMode' of undefined
[11/11/2018 - 18:26:36] [ERROR]: Cannot read property 'objectMode' of undefined
[11/11/2018 - 18:26:36] [ERROR]: Cannot read property 'objectMode' of undefined
[11/11/2018 - 18:26:36] [ERROR]: Cannot read property 'objectMode' of undefined
[11/11/2018 - 18:26:36] [ERROR]: Cannot read property 'objectMode' of undefined
[11/11/2018 - 18:26:36] [ERROR]: Cannot read property 'objectMode' of undefined
[11/11/2018 - 18:26:36] [ERROR]: Cannot read property 'objectMode' of undefined
[11/11/2018 - 18:26:36] [ERROR]: Cannot read property 'objectMode' of undefined
[11/11/2018 - 18:26:36] [ERROR]: Cannot read property 'objectMode' of undefined
[11/11/2018 - 18:26:36] [ERROR]: Cannot read property 'objectMode' of undefined
[11/11/2018 - 18:26:36] [ERROR]: Cannot read property 'objectMode' of undefined
[11/11/2018 - 18:26:53] [ERROR]: Invalid non-string/buffer chunk
[11/11/2018 - 18:26:53] [ERROR]: Invalid non-string/buffer chunk
[11/11/2018 - 18:26:53] [ERROR]: Invalid non-string/buffer chunk
[11/11/2018 - 18:26:53] [ERROR]: Invalid non-string/buffer chunk
[11/11/2018 - 18:26:54] [ERROR]: Invalid non-string/buffer chunk
[11/11/2018 - 18:26:54] [ERROR]: Invalid non-string/buffer chunk
[11/11/2018 - 18:26:54] [ERROR]: Invalid non-string/buffer chunk
[11/11/2018 - 18:26:54] [ERROR]: Invalid non-string/buffer chunk
[11/11/2018 - 18:26:54] [ERROR]: Invalid non-string/buffer chunk
[11/11/2018 - 18:26:54] [ERROR]: Invalid non-string/buffer chunk
[11/11/2018 - 18:26:54] [ERROR]: Invalid non-string/buffer chunk
[11/11/2018 - 18:26:54] [ERROR]: Invalid non-string/buffer chunk
[11/11/2018 - 18:26:54] [ERROR]: Invalid non-string/buffer chunk
[11/11/2018 - 18:26:54] [ERROR]: Invalid non-string/buffer chunk
[11/11/2018 - 18:26:54] [ERROR]: Invalid non-string/buffer chunk
[11/11/2018 - 18:26:54] [ERROR]: Invalid non-string/buffer chunk
[11/11/2018 - 18:26:54] [ERROR]: Invalid non-string/buffer chunk
[11/11/2018 - 18:26:54] [ERROR]: Invalid non-string/buffer chunk
[11/11/2018 - 18:26:54] [ERROR]: Invalid non-string/buffer chunk
[11/11/2018 - 18:26:54] [ERROR]: Invalid non-string/buffer chunk
[11/11/2018 - 18:26:54] [ERROR]: Invalid non-string/buffer chunk
[11/11/2018 - 18:26:54] [ERROR]: Invalid non-string/buffer chunk
[11/11/2018 - 18:26:54] [ERROR]: Invalid non-string/buffer chunk
[11/11/2018 - 18:26:54] [ERROR]: Invalid non-string/buffer chunk
[11/11/2018 - 18:26:54] [ERROR]: Invalid non-string/buffer chunk
[11/11/2018 - 18:26:54] [ERROR]: Invalid non-string/buffer chunk
[11/11/2018 - 18:26:54] [ERROR]: Invalid non-string/buffer chunk
[11/11/2018 - 18:26:54] [ERROR]: Invalid non-string/buffer chunk
[11/11/2018 - 18:26:54] [ERROR]: Invalid non-string/buffer chunk
[11/11/2018 - 18:26:55] [ERROR]: Invalid non-string/buffer chunk
[11/11/2018 - 18:26:55] [ERROR]: Invalid non-string/buffer chunk
[11/11/2018 - 18:26:55] [ERROR]: Invalid non-string/buffer chunk
[11/11/2018 - 18:26:55] [ERROR]: Invalid non-string/buffer chunk
[11/11/2018 - 18:26:55] [ERROR]: Invalid non-string/buffer chunk
[11/11/2018 - 18:26:55] [ERROR]: Invalid non-string/buffer chunk
[11/11/2018 - 18:26:55] [ERROR]: Invalid non-string/buffer chunk
[11/11/2018 - 18:26:55] [ERROR]: Invalid non-string/buffer chunk
[11/11/2018 - 18:26:55] [ERROR]: Invalid non-string/buffer chunk
[11/11/2018 - 18:26:55] [ERROR]: Invalid non-string/buffer chunk
[11/11/2018 - 18:26:55] [ERROR]: Invalid non-string/buffer chunk
[11/11/2018 - 18:26:55] [ERROR]: Invalid non-string/buffer chunk
[11/11/2018 - 18:26:55] [ERROR]: Invalid non-string/buffer chunk
[11/11/2018 - 18:26:55] [ERROR]: Invalid non-string/buffer chunk
[11/11/2018 - 18:26:55] [ERROR]: Invalid non-string/buffer chunk
[11/11/2018 - 18:26:55] [ERROR]: Invalid non-string/buffer chunk
[11/11/2018 - 18:26:55] [ERROR]: Invalid non-string/buffer chunk
[11/11/2018 - 18:26:55] [ERROR]: Invalid non-string/buffer chunk
[11/11/2018 - 18:26:55] [ERROR]: Invalid non-string/buffer chunk
[11/11/2018 - 18:26:55] [ERROR]: Invalid non-string/buffer chunk
[11/11/2018 - 18:26:55] [ERROR]: Invalid non-string/buffer chunk
[11/11/2018 - 18:28:57] [ERROR]: undefined is not a function
[11/11/2018 - 18:28:57] [ERROR]: undefined is not a function
[11/11/2018 - 18:28:57] [ERROR]: undefined is not a function
[11/11/2018 - 18:28:57] [ERROR]: undefined is not a function
[11/11/2018 - 18:28:58] [ERROR]: undefined is not a function
[11/11/2018 - 18:28:58] [ERROR]: undefined is not a function
[11/11/2018 - 18:28:58] [ERROR]: undefined is not a function
[11/11/2018 - 18:28:58] [ERROR]: undefined is not a function
[11/11/2018 - 18:28:58] [ERROR]: undefined is not a function
[11/11/2018 - 18:28:58] [ERROR]: undefined is not a function
[11/11/2018 - 18:28:58] [ERROR]: undefined is not a function
[11/11/2018 - 18:28:58] [ERROR]: undefined is not a function
[11/11/2018 - 18:28:58] [ERROR]: undefined is not a function
[11/11/2018 - 18:28:58] [ERROR]: undefined is not a function
[11/11/2018 - 18:28:58] [ERROR]: undefined is not a function
[11/11/2018 - 18:28:58] [ERROR]: undefined is not a function
[11/11/2018 - 18:28:58] [ERROR]: undefined is not a function
[11/11/2018 - 18:28:58] [ERROR]: undefined is not a function
[11/11/2018 - 18:28:58] [ERROR]: undefined is not a function
[11/11/2018 - 18:28:58] [ERROR]: undefined is not a function
[11/11/2018 - 18:28:58] [ERROR]: undefined is not a function
[11/11/2018 - 18:28:58] [ERROR]: undefined is not a function
[11/11/2018 - 18:28:58] [ERROR]: undefined is not a function
[11/11/2018 - 18:28:58] [ERROR]: undefined is not a function
[11/11/2018 - 18:28:58] [ERROR]: undefined is not a function
[11/11/2018 - 18:28:58] [ERROR]: undefined is not a function
[11/11/2018 - 18:28:58] [ERROR]: undefined is not a function
[11/11/2018 - 18:28:58] [ERROR]: undefined is not a function
[11/11/2018 - 18:28:59] [ERROR]: undefined is not a function
[11/11/2018 - 18:28:59] [ERROR]: undefined is not a function
[11/11/2018 - 18:28:59] [ERROR]: undefined is not a function
[11/11/2018 - 18:28:59] [ERROR]: undefined is not a function
[11/11/2018 - 18:28:59] [ERROR]: undefined is not a function
[11/11/2018 - 18:28:59] [ERROR]: undefined is not a function
[11/11/2018 - 18:28:59] [ERROR]: undefined is not a function
[11/11/2018 - 18:28:59] [ERROR]: undefined is not a function
[11/11/2018 - 18:28:59] [ERROR]: undefined is not a function
[11/11/2018 - 18:28:59] [ERROR]: undefined is not a function
[11/11/2018 - 18:28:59] [ERROR]: undefined is not a function
[11/11/2018 - 18:28:59] [ERROR]: undefined is not a function
[11/11/2018 - 18:28:59] [ERROR]: undefined is not a function
[11/11/2018 - 18:28:59] [ERROR]: undefined is not a function
[11/11/2018 - 18:28:59] [ERROR]: undefined is not a function
[11/11/2018 - 18:28:59] [ERROR]: undefined is not a function
[11/11/2018 - 18:28:59] [ERROR]: undefined is not a function
[11/11/2018 - 18:28:59] [ERROR]: undefined is not a function
[11/11/2018 - 18:28:59] [ERROR]: undefined is not a function
[11/11/2018 - 18:28:59] [ERROR]: undefined is not a function
[11/11/2018 - 18:28:59] [ERROR]: undefined is not a function
[11/11/2018 - 18:28:59] [ERROR]: undefined is not a function
[11/11/2018 - 18:29:40] [ERROR]: dest.on is not a function
[11/11/2018 - 18:29:40] [ERROR]: dest.on is not a function
[11/11/2018 - 18:29:40] [ERROR]: dest.on is not a function
[11/11/2018 - 18:29:40] [ERROR]: dest.on is not a function
[11/11/2018 - 18:29:40] [ERROR]: dest.on is not a function
[11/11/2018 - 18:29:40] [ERROR]: dest.on is not a function
[11/11/2018 - 18:29:40] [ERROR]: dest.on is not a function
[11/11/2018 - 18:29:40] [ERROR]: dest.on is not a function
[11/11/2018 - 18:29:40] [ERROR]: dest.on is not a function
[11/11/2018 - 18:29:40] [ERROR]: dest.on is not a function
[11/11/2018 - 18:29:40] [ERROR]: dest.on is not a function
[11/11/2018 - 18:29:40] [ERROR]: dest.on is not a function
[11/11/2018 - 18:29:40] [ERROR]: dest.on is not a function
[11/11/2018 - 18:29:40] [ERROR]: dest.on is not a function
[11/11/2018 - 18:29:40] [ERROR]: dest.on is not a function
[11/11/2018 - 18:29:40] [ERROR]: dest.on is not a function
[11/11/2018 - 18:29:41] [ERROR]: dest.on is not a function
[11/11/2018 - 18:29:41] [ERROR]: dest.on is not a function
[11/11/2018 - 18:29:41] [ERROR]: dest.on is not a function
[11/11/2018 - 18:29:41] [ERROR]: dest.on is not a function
[11/11/2018 - 18:29:41] [ERROR]: dest.on is not a function
[11/11/2018 - 18:29:41] [ERROR]: dest.on is not a function
[11/11/2018 - 18:29:41] [ERROR]: dest.on is not a function
[11/11/2018 - 18:29:41] [ERROR]: dest.on is not a function
[11/11/2018 - 18:29:41] [ERROR]: dest.on is not a function
[11/11/2018 - 18:29:41] [ERROR]: dest.on is not a function
[11/11/2018 - 18:29:41] [ERROR]: dest.on is not a function
[11/11/2018 - 18:29:41] [ERROR]: dest.on is not a function
[11/11/2018 - 18:29:41] [ERROR]: dest.on is not a function
[11/11/2018 - 18:29:41] [ERROR]: dest.on is not a function
[11/11/2018 - 18:29:41] [ERROR]: dest.on is not a function
[11/11/2018 - 18:29:41] [ERROR]: dest.on is not a function
[11/11/2018 - 18:29:41] [ERROR]: dest.on is not a function
[11/11/2018 - 18:29:41] [ERROR]: dest.on is not a function
[11/11/2018 - 18:29:41] [ERROR]: dest.on is not a function
[11/11/2018 - 18:29:41] [ERROR]: dest.on is not a function
[11/11/2018 - 18:29:41] [ERROR]: dest.on is not a function
[11/11/2018 - 18:29:41] [ERROR]: dest.on is not a function
[11/11/2018 - 18:29:41] [ERROR]: dest.on is not a function
[11/11/2018 - 18:29:42] [ERROR]: dest.on is not a function
[11/11/2018 - 18:29:42] [ERROR]: dest.on is not a function
[11/11/2018 - 18:29:42] [ERROR]: dest.on is not a function
[11/11/2018 - 18:29:42] [ERROR]: dest.on is not a function
[11/11/2018 - 18:29:42] [ERROR]: dest.on is not a function
[11/11/2018 - 18:29:42] [ERROR]: dest.on is not a function
[11/11/2018 - 18:29:42] [ERROR]: dest.on is not a function
[11/11/2018 - 18:29:42] [ERROR]: dest.on is not a function
[11/11/2018 - 18:29:42] [ERROR]: dest.on is not a function
[11/11/2018 - 18:29:42] [ERROR]: dest.on is not a function
[11/11/2018 - 18:29:42] [ERROR]: dest.on is not a function
[11/11/2018 - 18:50:16] [ERROR]: options is not defined
[11/11/2018 - 18:50:16] [ERROR]: options is not defined
[11/11/2018 - 18:50:16] [ERROR]: options is not defined
[11/11/2018 - 18:50:16] [ERROR]: options is not defined
[11/11/2018 - 18:50:16] [ERROR]: options is not defined
[11/11/2018 - 18:50:16] [ERROR]: options is not defined
[11/11/2018 - 18:50:16] [ERROR]: options is not defined
[11/11/2018 - 18:50:16] [ERROR]: options is not defined
[11/11/2018 - 18:50:16] [ERROR]: options is not defined
[11/11/2018 - 18:50:16] [ERROR]: options is not defined
[11/11/2018 - 18:50:16] [ERROR]: options is not defined
[11/11/2018 - 18:50:16] [ERROR]: options is not defined
[11/11/2018 - 18:50:16] [ERROR]: options is not defined
[11/11/2018 - 18:50:16] [ERROR]: options is not defined
[11/11/2018 - 18:50:16] [ERROR]: options is not defined
[11/11/2018 - 18:50:16] [ERROR]: options is not defined
[11/11/2018 - 18:50:16] [ERROR]: options is not defined
[11/11/2018 - 18:50:16] [ERROR]: options is not defined
[11/11/2018 - 18:50:16] [ERROR]: options is not defined
[11/11/2018 - 18:50:17] [ERROR]: options is not defined
[11/11/2018 - 18:50:17] [ERROR]: options is not defined
[11/11/2018 - 18:50:17] [ERROR]: options is not defined
[11/11/2018 - 18:50:17] [ERROR]: options is not defined
[11/11/2018 - 18:50:17] [ERROR]: options is not defined
[11/11/2018 - 18:50:17] [ERROR]: options is not defined
[11/11/2018 - 18:50:17] [ERROR]: options is not defined
[11/11/2018 - 18:50:17] [ERROR]: options is not defined
[11/11/2018 - 18:50:17] [ERROR]: options is not defined
[11/11/2018 - 18:50:17] [ERROR]: options is not defined
[11/11/2018 - 18:50:17] [ERROR]: options is not defined
[11/11/2018 - 18:50:17] [ERROR]: options is not defined
[11/11/2018 - 18:50:17] [ERROR]: options is not defined
[11/11/2018 - 18:50:17] [ERROR]: options is not defined
[11/11/2018 - 18:50:17] [ERROR]: options is not defined
[11/11/2018 - 18:50:17] [ERROR]: options is not defined
[11/11/2018 - 18:50:17] [ERROR]: options is not defined
[11/11/2018 - 18:50:17] [ERROR]: options is not defined
[11/11/2018 - 18:50:17] [ERROR]: options is not defined
[11/11/2018 - 18:50:17] [ERROR]: options is not defined
[11/11/2018 - 18:50:17] [ERROR]: options is not defined
[11/11/2018 - 18:50:17] [ERROR]: options is not defined
[11/11/2018 - 18:50:18] [ERROR]: options is not defined
[11/11/2018 - 18:50:18] [ERROR]: options is not defined
[11/11/2018 - 18:50:18] [ERROR]: options is not defined
[11/11/2018 - 18:50:18] [ERROR]: options is not defined
[11/11/2018 - 18:50:18] [ERROR]: options is not defined
[11/11/2018 - 18:50:18] [ERROR]: options is not defined
[11/11/2018 - 18:50:18] [ERROR]: options is not defined
[11/11/2018 - 18:50:18] [ERROR]: options is not defined
[11/11/2018 - 18:50:18] [ERROR]: options is not defined
[11/11/2018 - 18:54:11] [ERROR]: dest.on is not a function
[11/11/2018 - 18:54:12] [ERROR]: dest.on is not a function
[11/11/2018 - 18:54:12] [ERROR]: dest.on is not a function
[11/11/2018 - 18:54:12] [ERROR]: dest.on is not a function
[11/11/2018 - 18:54:12] [ERROR]: dest.on is not a function
[11/11/2018 - 18:54:12] [ERROR]: dest.on is not a function
[11/11/2018 - 18:54:12] [ERROR]: dest.on is not a function
[11/11/2018 - 18:54:12] [ERROR]: dest.on is not a function
[11/11/2018 - 18:54:12] [ERROR]: dest.on is not a function
[11/11/2018 - 18:54:12] [ERROR]: dest.on is not a function
[11/11/2018 - 18:54:12] [ERROR]: dest.on is not a function
[11/11/2018 - 18:54:12] [ERROR]: dest.on is not a function
[11/11/2018 - 18:54:12] [ERROR]: dest.on is not a function
[11/11/2018 - 18:54:12] [ERROR]: dest.on is not a function
[11/11/2018 - 18:54:12] [ERROR]: dest.on is not a function
[11/11/2018 - 18:54:12] [ERROR]: dest.on is not a function
[11/11/2018 - 18:54:12] [ERROR]: dest.on is not a function
[11/11/2018 - 18:54:12] [ERROR]: dest.on is not a function
[11/11/2018 - 18:54:12] [ERROR]: dest.on is not a function
[11/11/2018 - 18:54:12] [ERROR]: dest.on is not a function
[11/11/2018 - 18:54:12] [ERROR]: dest.on is not a function
[11/11/2018 - 18:54:12] [ERROR]: dest.on is not a function
[11/11/2018 - 18:54:12] [ERROR]: dest.on is not a function
[11/11/2018 - 18:54:12] [ERROR]: dest.on is not a function
[11/11/2018 - 18:54:12] [ERROR]: dest.on is not a function
[11/11/2018 - 18:54:13] [ERROR]: dest.on is not a function
[11/11/2018 - 18:54:13] [ERROR]: dest.on is not a function
[11/11/2018 - 18:54:13] [ERROR]: dest.on is not a function
[11/11/2018 - 18:54:13] [ERROR]: dest.on is not a function
[11/11/2018 - 18:54:13] [ERROR]: dest.on is not a function
[11/11/2018 - 18:54:13] [ERROR]: dest.on is not a function
[11/11/2018 - 18:54:13] [ERROR]: dest.on is not a function
[11/11/2018 - 18:54:13] [ERROR]: dest.on is not a function
[11/11/2018 - 18:54:13] [ERROR]: dest.on is not a function
[11/11/2018 - 18:54:13] [ERROR]: dest.on is not a function
[11/11/2018 - 18:54:13] [ERROR]: dest.on is not a function
[11/11/2018 - 18:54:13] [ERROR]: dest.on is not a function
[11/11/2018 - 18:54:13] [ERROR]: dest.on is not a function
[11/11/2018 - 18:54:13] [ERROR]: dest.on is not a function
[11/11/2018 - 18:54:13] [ERROR]: dest.on is not a function
[11/11/2018 - 18:54:13] [ERROR]: dest.on is not a function
[11/11/2018 - 18:54:13] [ERROR]: dest.on is not a function
[11/11/2018 - 18:54:13] [ERROR]: dest.on is not a function
[11/11/2018 - 18:54:13] [ERROR]: dest.on is not a function
[11/11/2018 - 18:54:13] [ERROR]: dest.on is not a function
[11/11/2018 - 18:54:13] [ERROR]: dest.on is not a function
[11/11/2018 - 18:54:14] [ERROR]: dest.on is not a function
[11/11/2018 - 18:54:14] [ERROR]: dest.on is not a function
[11/11/2018 - 18:54:14] [ERROR]: dest.on is not a function
[11/11/2018 - 19:08:25] [ERROR]: pathToSaveZip is not defined
[11/11/2018 - 19:08:25] [ERROR]: pathToSaveZip is not defined
[11/11/2018 - 19:08:25] [ERROR]: pathToSaveZip is not defined
[11/11/2018 - 19:08:25] [ERROR]: pathToSaveZip is not defined
[11/11/2018 - 19:08:25] [ERROR]: pathToSaveZip is not defined
[11/11/2018 - 19:08:26] [ERROR]: pathToSaveZip is not defined
[11/11/2018 - 19:08:26] [ERROR]: pathToSaveZip is not defined
[11/11/2018 - 19:08:26] [ERROR]: pathToSaveZip is not defined
[11/11/2018 - 19:08:26] [ERROR]: pathToSaveZip is not defined
[11/11/2018 - 19:08:26] [ERROR]: pathToSaveZip is not defined
[11/11/2018 - 19:08:26] [ERROR]: pathToSaveZip is not defined
[11/11/2018 - 19:08:26] [ERROR]: pathToSaveZip is not defined
[11/11/2018 - 19:08:26] [ERROR]: pathToSaveZip is not defined
[11/11/2018 - 19:08:26] [ERROR]: pathToSaveZip is not defined
[11/11/2018 - 19:08:26] [ERROR]: pathToSaveZip is not defined
[11/11/2018 - 19:08:26] [ERROR]: pathToSaveZip is not defined
[11/11/2018 - 19:08:26] [ERROR]: pathToSaveZip is not defined
[11/11/2018 - 19:08:26] [ERROR]: pathToSaveZip is not defined
[11/11/2018 - 19:08:26] [ERROR]: pathToSaveZip is not defined
[11/11/2018 - 19:08:26] [ERROR]: pathToSaveZip is not defined
[11/11/2018 - 19:08:26] [ERROR]: pathToSaveZip is not defined
[11/11/2018 - 19:08:26] [ERROR]: pathToSaveZip is not defined
[11/11/2018 - 19:08:26] [ERROR]: pathToSaveZip is not defined
[11/11/2018 - 19:08:26] [ERROR]: pathToSaveZip is not defined
[11/11/2018 - 19:08:26] [ERROR]: pathToSaveZip is not defined
[11/11/2018 - 19:08:26] [ERROR]: pathToSaveZip is not defined
[11/11/2018 - 19:08:27] [ERROR]: pathToSaveZip is not defined
[11/11/2018 - 19:08:27] [ERROR]: pathToSaveZip is not defined
[11/11/2018 - 19:08:27] [ERROR]: pathToSaveZip is not defined
[11/11/2018 - 19:08:27] [ERROR]: pathToSaveZip is not defined
[11/11/2018 - 19:08:27] [ERROR]: pathToSaveZip is not defined
[11/11/2018 - 19:08:27] [ERROR]: pathToSaveZip is not defined
[11/11/2018 - 19:08:27] [ERROR]: pathToSaveZip is not defined
[11/11/2018 - 19:08:27] [ERROR]: pathToSaveZip is not defined
[11/11/2018 - 19:08:27] [ERROR]: pathToSaveZip is not defined
[11/11/2018 - 19:08:27] [ERROR]: pathToSaveZip is not defined
[11/11/2018 - 19:08:27] [ERROR]: pathToSaveZip is not defined
[11/11/2018 - 19:08:27] [ERROR]: pathToSaveZip is not defined
[11/11/2018 - 19:08:27] [ERROR]: pathToSaveZip is not defined
[11/11/2018 - 19:08:27] [ERROR]: pathToSaveZip is not defined
[11/11/2018 - 19:08:27] [ERROR]: pathToSaveZip is not defined
[11/11/2018 - 19:08:27] [ERROR]: pathToSaveZip is not defined
[11/11/2018 - 19:08:27] [ERROR]: pathToSaveZip is not defined
[11/11/2018 - 19:08:27] [ERROR]: pathToSaveZip is not defined
[11/11/2018 - 19:08:27] [ERROR]: pathToSaveZip is not defined
[11/11/2018 - 19:08:27] [ERROR]: pathToSaveZip is not defined
[11/11/2018 - 19:08:28] [ERROR]: pathToSaveZip is not defined
[11/11/2018 - 19:08:28] [ERROR]: pathToSaveZip is not defined
[11/11/2018 - 19:08:28] [ERROR]: pathToSaveZip is not defined
[11/11/2018 - 19:36:53] [ERROR]: Авторизация: Введены неверные данные при авторизации
[11/11/2018 - 19:37:02] [ERROR]: Cannot read property 'curSize' of undefined
[11/11/2018 - 19:38:47] [ERROR]: Cannot read property 'curSize' of undefined
[11/11/2018 - 19:38:48] [ERROR]: Cannot read property 'curSize' of undefined
[11/11/2018 - 19:39:52] [ERROR]: Cannot read property 'curSize' of undefined
[11/11/2018 - 19:39:58] [ERROR]: Cannot read property 'curSize' of undefined
[11/11/2018 - 20:21:12] [ERROR]: Cannot read property 'curSize' of undefined
[11/11/2018 - 20:21:52] [ERROR]: Cannot read property 'curSize' of undefined
[11/11/2018 - 20:24:40] [ERROR]: Cannot read property 'curSize' of undefined
[11/11/2018 - 20:26:31] [ERROR]: Cannot read property 'curSize' of undefined
[11/11/2018 - 20:28:28] [ERROR]: Cannot read property 'curSize' of undefined
[11/11/2018 - 20:29:39] [ERROR]: Cannot read property 'curSize' of undefined
[11/11/2018 - 20:32:39] [ERROR]: Cannot read property 'curSize' of undefined
[11/11/2018 - 20:35:33] [ERROR]: Cannot read property 'curSize' of undefined
[11/11/2018 - 20:47:42] [ERROR]: Cannot read property 'some' of undefined
[11/11/2018 - 20:52:00] [ERROR]: Cannot read property 'on' of undefined
[11/11/2018 - 20:52:39] [ERROR]: Ошибка при удалении пустой папки. Ошибка: EISDIR: illegal operation on a directory, unlink '/media/bozdo/Новый том2/music/CLOUD/stack.yml'
[11/11/2018 - 20:52:43] [ERROR]: Ошибка при удалении буферного архива. Ошибка: localPathToReadZip is not defined
[11/11/2018 - 20:52:45] [ERROR]: Cannot read property 'curSize' of undefined
[11/11/2018 - 20:56:28] [ERROR]: Ошибка при удалении пустой папки. Ошибка: localPathToReadZip is not defined
[11/11/2018 - 20:56:30] [ERROR]: Ошибка при удалении буферного архива. Ошибка: localPathToReadZip is not defined
[11/11/2018 - 20:56:33] [ERROR]: Cannot read property 'curSize' of undefined
[11/11/2018 - 20:56:45] [ERROR]: Cannot read property 'curSize' of undefined
[11/11/2018 - 20:57:13] [ERROR]: Ошибка при удалении пустой папки. Ошибка: localPathToReadZip is not defined
[11/11/2018 - 20:57:13] [ERROR]: Ошибка при удалении буферного архива. Ошибка: localPathToReadZip is not defined
[11/11/2018 - 20:57:16] [ERROR]: Cannot read property 'curSize' of undefined
[11/11/2018 - 20:58:21] [ERROR]: Cannot read property 'curSize' of undefined
[11/11/2018 - 20:58:37] [ERROR]: Ошибка при удалении пустой папки. Ошибка: localPathToReadZip is not defined
[11/11/2018 - 20:58:37] [ERROR]: Ошибка при удалении буферного архива. Ошибка: localPathToReadZip is not defined
[11/11/2018 - 20:58:59] [ERROR]: Cannot read property 'curSize' of undefined
[11/11/2018 - 20:59:12] [ERROR]: Ошибка при удалении буферного архива. Ошибка: localPathToReadZip is not defined
[11/11/2018 - 20:59:21] [ERROR]: Cannot read property 'curSize' of undefined
[11/11/2018 - 20:59:29] [ERROR]: Ошибка при удалении буферного архива. Ошибка: localPathToReadZip is not defined
[11/11/2018 - 21:04:21] [ERROR]: Cannot read property 'curSize' of undefined
[11/11/2018 - 21:04:26] [ERROR]: Ошибка при удалении буферного архива. Ошибка: localPathToReadZip is not defined
[11/11/2018 - 21:04:32] [ERROR]: Cannot read property 'curSize' of undefined
[11/11/2018 - 21:04:44] [ERROR]: Ошибка при удалении буферного архива. Ошибка: localPathToReadZip is not defined
[11/11/2018 - 21:09:38] [ERROR]: Cannot read property 'curSize' of undefined
[11/11/2018 - 21:09:42] [ERROR]: Ошибка при удалении буферного архива. Ошибка: localPathToReadZip is not defined
[11/11/2018 - 21:10:57] [ERROR]: Cannot read property 'curSize' of undefined
[11/11/2018 - 21:16:44] [ERROR]: Cannot read property 'curSize' of undefined
[11/11/2018 - 21:17:07] [ERROR]: Авторизация: Введены неверные данные при авторизации
[11/11/2018 - 21:17:16] [ERROR]: Cannot read property 'curSize' of undefined
[11/11/2018 - 21:17:49] [ERROR]: Cannot read property 'curSize' of undefined
[11/11/2018 - 21:18:47] [ERROR]: Cannot read property 'curSize' of undefined
[11/11/2018 - 21:20:02] [ERROR]: Cannot read property 'curSize' of undefined
[11/11/2018 - 21:20:29] [ERROR]: Cannot read property 'curSize' of undefined
[11/11/2018 - 21:21:33] [ERROR]: Cannot read property 'curSize' of undefined
[11/11/2018 - 21:22:34] [ERROR]: Cannot read property 'curSize' of undefined
[11/11/2018 - 21:23:19] [ERROR]: Cannot read property 'curSize' of undefined
[11/11/2018 - 21:26:24] [ERROR]: Cannot read property 'curSize' of undefined
[11/11/2018 - 21:27:13] [ERROR]: Cannot read property 'curSize' of undefined
[11/11/2018 - 21:28:26] [ERROR]: Cannot read property 'curSize' of undefined
[11/11/2018 - 21:28:53] [ERROR]: Cannot read property 'curSize' of undefined
[11/11/2018 - 21:30:43] [ERROR]: Cannot read property 'curSize' of undefined
[11/11/2018 - 21:31:54] [ERROR]: Cannot read property 'curSize' of undefined
[11/11/2018 - 21:32:08] [ERROR]: Cannot read property 'curSize' of undefined
[11/11/2018 - 21:50:46] [ERROR]: Cannot read property 'curSize' of undefined
[11/11/2018 - 21:56:16] [ERROR]: Cannot read property 'curSize' of undefined
[11/11/2018 - 22:57:22] [ERROR]: Авторизация: Введены неверные данные при авторизации
[11/11/2018 - 23:01:53] [ERROR]: Авторизация: Введены неверные данные при авторизации
[11/11/2018 - 23:05:19] [ERROR]: Авторизация: Введены неверные данные при авторизации
[11/11/2018 - 23:07:30] [ERROR]: Авторизация: Введены неверные данные при авторизации
[11/11/2018 - 23:07:41] [ERROR]: Авторизация: Введены неверные данные при авторизации
[11/11/2018 - 23:07:49] [ERROR]: Авторизация: Введены неверные данные при авторизации
[11/11/2018 - 23:07:55] [ERROR]: Авторизация: Введены неверные данные при авторизации
[11/11/2018 - 23:07:57] [ERROR]: Авторизация: Введены неверные данные при авторизации
[11/12/2018 - 20:52:28] [ERROR]: Авторизация: Введены неверные данные при авторизации
