[12/17/2018 - 07:54:19] [ERROR]: [Redis]: Ошибка
[12/17/2018 - 07:54:19] [ERROR]: [Sequelize]: Ошибка при подключении к БД sempai под юзером sempai
[12/17/2018 - 07:54:19] [ERROR]: connect ECONNREFUSED 127.0.0.1:5432
[12/17/2018 - 07:54:20] [ERROR]: [Redis]: Ошибка
[12/17/2018 - 07:54:21] [ERROR]: [Redis]: Ошибка
[12/17/2018 - 07:54:22] [ERROR]: [Redis]: Ошибка
[12/17/2018 - 07:54:24] [ERROR]: [Redis]: Ошибка
[12/17/2018 - 07:54:26] [ERROR]: [Redis]: Ошибка
[12/17/2018 - 07:54:53] [ERROR]: Авторизация: Введены неверные данные при авторизации
[12/17/2018 - 08:02:19] [ERROR]: Ошибка при удалении пустой папки. Ошибка: ENOTDIR: not a directory, rmdir '/media/bozdo/Новый том3/music/DUB/stack.yml'
[12/17/2018 - 08:02:19] [ERROR]: Cannot read property 'curSize' of undefined
[12/17/2018 - 08:03:07] [ERROR]: Ошибка при удалении пустой папки. Ошибка: ENOTDIR: not a directory, rmdir '/media/bozdo/Новый том3/music/DUB/stack.yml'
[12/17/2018 - 08:03:07] [ERROR]: Cannot read property 'curSize' of undefined
[12/17/2018 - 08:04:05] [ERROR]: Ошибка при удалении пустой папки. Ошибка: ENOTDIR: not a directory, rmdir '/media/bozdo/Новый том3/music/DUB/stack.yml'
[12/17/2018 - 08:05:25] [ERROR]: Ошибка при удалении пустой папки. Ошибка: ENOTDIR: not a directory, rmdir '/media/bozdo/Новый том3/music/DUB/stack.yml'
[12/17/2018 - 08:12:41] [ERROR]: undefined
[12/17/2018 - 08:14:34] [ERROR]: Распаковка архива /media/bozdo/Новый том3/music/DUB/Esseks - Esseks - A HOLE IN THE FOURTH WALL.zip завершена с ошибкой too many length or distance symbols
[12/17/2018 - 08:15:51] [ERROR]: Произошла ошибка при считывании каталога файлов: ENOENT: no such file or directory, lstat '/media/bozdo/Новый том3/music/UU_h49ILpO3w08jMJSBFp3NK'
[12/17/2018 - 08:16:28] [ERROR]: Произошла ошибка при считывании каталога файлов: ENOENT: no such file or directory, lstat '/media/bozdo/Новый том3/music/JZyovG9b9rGFOVL9kjxTdqZT'
[12/17/2018 - 08:17:44] [ERROR]: Произошла ошибка при считывании каталога файлов favorite: Входные данные некорректны
[12/17/2018 - 08:17:45] [ERROR]: Произошла ошибка при считывании каталога файлов favorite: Входные данные некорректны
[12/17/2018 - 08:17:47] [ERROR]: Произошла ошибка при считывании каталога файлов favorite: Входные данные некорректны
[12/17/2018 - 08:17:54] [ERROR]: Произошла ошибка при считывании каталога файлов favorite: Входные данные некорректны
[12/17/2018 - 08:17:55] [ERROR]: Произошла ошибка при считывании каталога файлов favorite: Входные данные некорректны
[12/17/2018 - 08:17:56] [ERROR]: Произошла ошибка при считывании каталога файлов favorite: Входные данные некорректны
[12/17/2018 - 08:19:15] [ERROR]: Авторизация: Введены неверные данные при авторизации
[12/17/2018 - 21:58:50] [ERROR]: Авторизация: Введены неверные данные при авторизации
[12/17/2018 - 21:58:50] [ERROR]: Авторизация: Введены неверные данные при авторизации
[12/17/2018 - 21:59:30] [ERROR]: Авторизация: Введены неверные данные при авторизации
[12/17/2018 - 21:59:35] [ERROR]: Произошла ошибка при считывании каталога файлов favorite: ENOENT: no such file or directory, scandir '/media/bozdo/Новый том3/music/DUB/Esseks - Esseks - A HOLE IN THE FOURTH WALLEsseks - Esseks - A HOLE IN THE FOURTH WALL - 01 Heavy Meta.mp3/'
[12/17/2018 - 22:00:28] [ERROR]: Произошла ошибка при считывании каталога файлов favorite: ENOENT: no such file or directory, scandir '/media/bozdo/Новый том3/music/DUB/Esseks - Esseks - A HOLE IN THE FOURTH WALLEsseks - Esseks - A HOLE IN THE FOURTH WALL - 04 Tunnels Feat. Wax Future.mp3/'
[12/17/2018 - 22:00:44] [ERROR]: Авторизация: Введены неверные данные при авторизации
[12/17/2018 - 22:02:38] [ERROR]: Авторизация: Введены неверные данные при авторизации
[12/17/2018 - 22:05:57] [ERROR]: Авторизация: Введены неверные данные при авторизации
[12/17/2018 - 22:11:45] [ERROR]: Авторизация: Введены неверные данные при авторизации
[12/17/2018 - 22:12:41] [ERROR]: Ошибка при удалении пустой папки. Ошибка: localPathToReadZip is not defined
